#
# A fatal error has been detected by the Java Runtime Environment:
#
#  SIGSEGV (0xb) at pc=0x0000000000000000, pid=10635, tid=0x00007f397b7fe700
#
# JRE version: OpenJDK Runtime Environment (8.0_121-b13) (build 1.8.0_121-8u121-b13-0ubuntu1.16.04.2-b13)
# Java VM: OpenJDK 64-Bit Server VM (25.121-b13 mixed mode linux-amd64 compressed oops)
# Problematic frame:
# C  0x0000000000000000
#
# Failed to write core dump. Core dumps have been disabled. To enable core dumping, try "ulimit -c unlimited" before starting Java again
#
# If you would like to submit a bug report, please visit:
#   http://bugreport.java.com/bugreport/crash.jsp
#

---------------  T H R E A D  ---------------

Current thread is native thread

siginfo: si_signo: 11 (SIGSEGV), si_code: 1 (SEGV_MAPERR), si_addr: 0x0000000000000000

Registers:
RAX=0x0000000000000000, RBX=0x0000000012f1e262, RCX=0x00054aff4efef180, RDX=0x0000000000483ac0
RSP=0x00007f397b7fddd8, RBP=0x00007f397b7fddf0, RSI=0x0000000012f1e262, RDI=0x0000000000483ac0
R8 =0x000000002aaaaaab, R9 =0x0000000000000006, R10=0x6270000000000000, R11=0x0000000000000000
R12=0x0000000000000000, R13=0x00007fffa11f64bf, R14=0x00007f397b7fe9c0, R15=0x0000000000000000
RIP=0x0000000000000000, EFLAGS=0x0000000000010206, CSGSFS=0xbff9000000000033, ERR=0x0000000000000014
  TRAPNO=0x000000000000000e

Top of Stack: (sp=0x00007f397b7fddd8)
0x00007f397b7fddd8:   000000000047df17 00007f397b7fde10
0x00007f397b7fdde8:   0000000000483ac0 00007f397b7fde40
0x00007f397b7fddf8:   000000000044fdf2 0000000000000001
0x00007f397b7fde08:   0000000000000064 00007f397b7fde40
0x00007f397b7fde18:   00054aff4f03cada 0000000000000038
0x00007f397b7fde28:   0000000000483ac0 000000000f66ca70
0x00007f397b7fde38:   0000000012f106d2 00007f397b7fdec0
0x00007f397b7fde48:   0000000000446b51 0000000000000000
0x00007f397b7fde58:   000000000109fb90 0000000000000000
0x00007f397b7fde68:   0000000000000000 00054aff4f03cad9
0x00007f397b7fde78:   00000000000003bb 00054aff4f03cad9
0x00007f397b7fde88:   0000000000000069 0000000058cd1516
0x00007f397b7fde98:   0000000012df95de 0000000000000000
0x00007f397b7fdea8:   85e7163131a22e00 0000000000000000
0x00007f397b7fdeb8:   0000000000000000 00007f397b7fdf10
0x00007f397b7fdec8:   0000000000416322 0000000000000000
0x00007f397b7fded8:   000000000109fb90 0000000000000000
0x00007f397b7fdee8:   000000000109fb90 0000000000000000
0x00007f397b7fdef8:   0000000000000000 0000000000000000
0x00007f397b7fdf08:   85e7163131a22e00 0000000000000000
0x00007f397b7fdf18:   00007f39e78f36fa 0000000000000000
0x00007f397b7fdf28:   00007f397b7fe700 00007f397b7fe700
0x00007f397b7fdf38:   999b35971ce04847 0000000000000000
0x00007f397b7fdf48:   00007fffa11f64bf 00007f397b7fe9c0
0x00007f397b7fdf58:   0000000000000000 67e9c368a2a04847
0x00007f397b7fdf68:   67e8fa89719a4847 0000000000000000
0x00007f397b7fdf78:   0000000000000000 0000000000000000
0x00007f397b7fdf88:   0000000000000000 0000000000000000
0x00007f397b7fdf98:   0000000000000000 0000000000000000
0x00007f397b7fdfa8:   0000000000000000 00007f397b7fe700
0x00007f397b7fdfb8:   00007f39e5c45b5d 0000000000000000
0x00007f397b7fdfc8:   0000000000000000 0000000000000000 

Instructions: (pc=0x0000000000000000)
0xffffffffffffffe0:   

Register to memory mapping:

RAX=0x0000000000000000 is an unknown value
RBX=0x0000000012f1e262 is an unknown value
RCX=0x00054aff4efef180 is an unknown value
RDX=0x0000000000483ac0: <offset 0x83ac0> in ./main at 0x0000000000400000
RSP=0x00007f397b7fddd8 is an unknown value
RBP=0x00007f397b7fddf0 is an unknown value
RSI=0x0000000012f1e262 is an unknown value
RDI=0x0000000000483ac0: <offset 0x83ac0> in ./main at 0x0000000000400000
R8 =0x000000002aaaaaab is an unknown value
R9 =0x0000000000000006 is an unknown value
R10=0x6270000000000000 is an unknown value
R11=0x0000000000000000 is an unknown value
R12=0x0000000000000000 is an unknown value
R13=0x00007fffa11f64bf is an unknown value
R14=0x00007f397b7fe9c0 is an unknown value
R15=0x0000000000000000 is an unknown value


Stack: [0x00007f397affe000,0x00007f397b7ff000],  sp=0x00007f397b7fddd8,  free space=8191k

---------------  P R O C E S S  ---------------

VM state:not at safepoint (normal execution)

VM Mutex/Monitor currently owned by a thread: None

Heap:
 PSYoungGen      total 28160K, used 5476K [0x00000000e1000000, 0x00000000e2f00000, 0x0000000100000000)
  eden space 24576K, 22% used [0x00000000e1000000,0x00000000e1559058,0x00000000e2800000)
  from space 3584K, 0% used [0x00000000e2b80000,0x00000000e2b80000,0x00000000e2f00000)
  to   space 3584K, 0% used [0x00000000e2800000,0x00000000e2800000,0x00000000e2b80000)
 ParOldGen       total 64512K, used 0K [0x00000000a3000000, 0x00000000a6f00000, 0x00000000e1000000)
  object space 64512K, 0% used [0x00000000a3000000,0x00000000a3000000,0x00000000a6f00000)
 Metaspace       used 2786K, capacity 4716K, committed 4864K, reserved 1056768K
  class space    used 283K, capacity 424K, committed 512K, reserved 1048576K

Card table byte_map: [0x00007f39de8b4000,0x00007f39deb9d000] byte_map_base: 0x00007f39de39c000

Marking Bits: (ParMarkBitMap*) 0x00007f39e76c7220
 Begin Bits: [0x00007f39c1180000, 0x00007f39c28c0000)
 End Bits:   [0x00007f39c28c0000, 0x00007f39c4000000)

Polling page: 0x00007f39e7d2b000

CodeCache: size=245760Kb used=1320Kb max_used=1323Kb free=244439Kb
 bounds [0x00007f39c9000000, 0x00007f39c9270000, 0x00007f39d8000000]
 total_blobs=374 nmethods=115 adapters=175
 compilation: enabled

Compilation events (10 events):
Event: 0.127 Thread 0x00007f39e00d2000  110       3       sun.misc.FDBigInteger::trimLeadingZeros (57 bytes)
Event: 0.128 Thread 0x00007f39e00d2000 nmethod 110 0x00007f39c91479d0 code [0x00007f39c9147b40, 0x00007f39c9147e70]
Event: 0.152 Thread 0x00007f39e00c8800  112       4       java.util.ArrayList::ensureCapacityInternal (23 bytes)
Event: 0.152 Thread 0x00007f39e00d2000  111       3       ch.ethz.rtc.kernel.SegmentListIterator::next (249 bytes)
Event: 0.154 Thread 0x00007f39e00c8800 nmethod 112 0x00007f39c9149b10 code [0x00007f39c9149c60, 0x00007f39c9149d28]
Event: 0.154 Thread 0x00007f39e00d2000 nmethod 111 0x00007f39c914b6d0 code [0x00007f39c914b940, 0x00007f39c914c538]
Event: 0.154 Thread 0x00007f39e00d2000  113       3       java.lang.String::<init> (82 bytes)
Event: 0.155 Thread 0x00007f39e00d2000 nmethod 113 0x00007f39c9146d10 code [0x00007f39c9146ee0, 0x00007f39c91473b8]
Event: 0.155 Thread 0x00007f39e00d2000  115       3       java.lang.AbstractStringBuilder::newCapacity (39 bytes)
Event: 0.156 Thread 0x00007f39e00d2000 nmethod 115 0x00007f39c914b010 code [0x00007f39c914b1a0, 0x00007f39c914b588]

GC Heap History (0 events):
No events

Deoptimization events (6 events):
Event: 0.113 Thread 0x00007f39e001d000 Uncommon trap: reason=unstable_if action=reinterpret pc=0x00007f39c912af78 method=java.util.ArrayList.ensureExplicitCapacity(I)V @ 17
Event: 0.117 Thread 0x00007f39e001d000 Uncommon trap: reason=unstable_if action=reinterpret pc=0x00007f39c913da44 method=ch.ethz.rtc.kernel.util.DoubleMath.gt(DD)Z @ 7
Event: 0.122 Thread 0x00007f39e001d000 Uncommon trap: reason=unstable_if action=reinterpret pc=0x00007f39c913ee04 method=ch.ethz.rtc.kernel.Segment.yAt(D)D @ 15
Event: 0.122 Thread 0x00007f39e001d000 Uncommon trap: reason=unstable_if action=reinterpret pc=0x00007f39c91244ac method=java.lang.Math.min(DD)D @ 36
Event: 0.122 Thread 0x00007f39e001d000 Uncommon trap: reason=unstable_if action=reinterpret pc=0x00007f39c9127958 method=ch.ethz.rtc.kernel.Segment.yAt(D)D @ 50
Event: 0.122 Thread 0x00007f39e001d000 Uncommon trap: reason=unstable_if action=reinterpret pc=0x00007f39c912f5d8 method=java.lang.Math.min(DD)D @ 36

Internal exceptions (2 events):
Event: 0.032 Thread 0x00007f39e001d000 Exception <a 'java/lang/NoSuchMethodError': Method sun.misc.Unsafe.defineClass(Ljava/lang/String;[BII)Ljava/lang/Class; name or signature does not match> (0x00000000e1007ca8) thrown at [/build/openjdk-8-YiEakL/openjdk-8-8u121-b13/src/hotspot/src/share/vm/
Event: 0.032 Thread 0x00007f39e001d000 Exception <a 'java/lang/NoSuchMethodError': Method sun.misc.Unsafe.prefetchRead(Ljava/lang/Object;J)V name or signature does not match> (0x00000000e1007f90) thrown at [/build/openjdk-8-YiEakL/openjdk-8-8u121-b13/src/hotspot/src/share/vm/prims/jni.cpp, lin

Events (10 events):
Event: 0.123 loading class sun/misc/FloatingDecimal$BinaryToASCIIBuffer
Event: 0.123 loading class sun/misc/FloatingDecimal$BinaryToASCIIBuffer done
Event: 0.123 loading class sun/misc/FloatingDecimal$1
Event: 0.123 loading class sun/misc/FloatingDecimal$1 done
Event: 0.123 loading class sun/misc/FloatingDecimal$PreparedASCIIToBinaryBuffer
Event: 0.123 loading class sun/misc/FloatingDecimal$ASCIIToBinaryConverter
Event: 0.123 loading class sun/misc/FloatingDecimal$ASCIIToBinaryConverter done
Event: 0.123 loading class sun/misc/FloatingDecimal$PreparedASCIIToBinaryBuffer done
Event: 0.123 loading class sun/misc/FDBigInteger
Event: 0.123 loading class sun/misc/FDBigInteger done


Dynamic libraries:
00400000-004b3000 r-xp 00000000 08:01 3173152                            /home/long/Code/trunk/main
006b3000-006b4000 r--p 000b3000 08:01 3173152                            /home/long/Code/trunk/main
006b4000-006b5000 rw-p 000b4000 08:01 3173152                            /home/long/Code/trunk/main
01083000-010e1000 rw-p 00000000 00:00 0                                  [heap]
a3000000-a6f00000 rw-p 00000000 00:00 0 
a6f00000-e1000000 ---p 00000000 00:00 0 
e1000000-e2f00000 rw-p 00000000 00:00 0 
e2f00000-100000000 ---p 00000000 00:00 0 
100000000-100080000 rw-p 00000000 00:00 0 
100080000-140000000 ---p 00000000 00:00 0 
7f3974000000-7f3974021000 rw-p 00000000 00:00 0 
7f3974021000-7f3978000000 ---p 00000000 00:00 0 
7f3979ffc000-7f3979ffd000 ---p 00000000 00:00 0 
7f3979ffd000-7f397a7fd000 rw-p 00000000 00:00 0 
7f397a7fd000-7f397a7fe000 ---p 00000000 00:00 0 
7f397a7fe000-7f397affe000 rw-p 00000000 00:00 0 
7f397affe000-7f397afff000 ---p 00000000 00:00 0 
7f397afff000-7f397b7ff000 rw-p 00000000 00:00 0 
7f397b7ff000-7f397b800000 ---p 00000000 00:00 0 
7f397b800000-7f397c000000 rw-p 00000000 00:00 0 
7f397c000000-7f397c021000 rw-p 00000000 00:00 0 
7f397c021000-7f3980000000 ---p 00000000 00:00 0 
7f3980000000-7f3980021000 rw-p 00000000 00:00 0 
7f3980021000-7f3984000000 ---p 00000000 00:00 0 
7f3984000000-7f3984129000 rw-p 00000000 00:00 0 
7f3984129000-7f3988000000 ---p 00000000 00:00 0 
7f3988000000-7f3988087000 rw-p 00000000 00:00 0 
7f3988087000-7f398c000000 ---p 00000000 00:00 0 
7f398c000000-7f398c173000 rw-p 00000000 00:00 0 
7f398c173000-7f3990000000 ---p 00000000 00:00 0 
7f3990000000-7f3990153000 rw-p 00000000 00:00 0 
7f3990153000-7f3994000000 ---p 00000000 00:00 0 
7f3994000000-7f3994021000 rw-p 00000000 00:00 0 
7f3994021000-7f3998000000 ---p 00000000 00:00 0 
7f3998000000-7f3998021000 rw-p 00000000 00:00 0 
7f3998021000-7f399c000000 ---p 00000000 00:00 0 
7f399c000000-7f399c021000 rw-p 00000000 00:00 0 
7f399c021000-7f39a0000000 ---p 00000000 00:00 0 
7f39a0000000-7f39a0021000 rw-p 00000000 00:00 0 
7f39a0021000-7f39a4000000 ---p 00000000 00:00 0 
7f39a4000000-7f39a4021000 rw-p 00000000 00:00 0 
7f39a4021000-7f39a8000000 ---p 00000000 00:00 0 
7f39a8000000-7f39a8021000 rw-p 00000000 00:00 0 
7f39a8021000-7f39ac000000 ---p 00000000 00:00 0 
7f39ac000000-7f39ac021000 rw-p 00000000 00:00 0 
7f39ac021000-7f39b0000000 ---p 00000000 00:00 0 
7f39b0000000-7f39b0021000 rw-p 00000000 00:00 0 
7f39b0021000-7f39b4000000 ---p 00000000 00:00 0 
7f39b4000000-7f39b4021000 rw-p 00000000 00:00 0 
7f39b4021000-7f39b8000000 ---p 00000000 00:00 0 
7f39b8000000-7f39b8021000 rw-p 00000000 00:00 0 
7f39b8021000-7f39bc000000 ---p 00000000 00:00 0 
7f39bc000000-7f39bc021000 rw-p 00000000 00:00 0 
7f39bc021000-7f39c0000000 ---p 00000000 00:00 0 
7f39c01bb000-7f39c01bc000 ---p 00000000 00:00 0 
7f39c01bc000-7f39c02bc000 rw-p 00000000 00:00 0 
7f39c02bc000-7f39c02bf000 ---p 00000000 00:00 0 
7f39c02bf000-7f39c03bd000 rw-p 00000000 00:00 0 
7f39c03bd000-7f39c03c0000 ---p 00000000 00:00 0 
7f39c03c0000-7f39c04be000 rw-p 00000000 00:00 0 
7f39c04be000-7f39c04c1000 ---p 00000000 00:00 0 
7f39c04c1000-7f39c05bf000 rw-p 00000000 00:00 0 
7f39c05bf000-7f39c05c2000 ---p 00000000 00:00 0 
7f39c05c2000-7f39c06c0000 rw-p 00000000 00:00 0 
7f39c06c0000-7f39c06c3000 ---p 00000000 00:00 0 
7f39c06c3000-7f39c07c1000 rw-p 00000000 00:00 0 
7f39c07c1000-7f39c1180000 r--p 00000000 08:01 663045                     /usr/lib/locale/locale-archive
7f39c1180000-7f39c4000000 rw-p 00000000 00:00 0 
7f39c4000000-7f39c4021000 rw-p 00000000 00:00 0 
7f39c4021000-7f39c8000000 ---p 00000000 00:00 0 
7f39c80f1000-7f39c80f4000 ---p 00000000 00:00 0 
7f39c80f4000-7f39c81f2000 rw-p 00000000 00:00 0 
7f39c81f2000-7f39c81f5000 ---p 00000000 00:00 0 
7f39c81f5000-7f39c82f3000 rw-p 00000000 00:00 0 
7f39c82f3000-7f39c82f6000 ---p 00000000 00:00 0 
7f39c82f6000-7f39c83f4000 rw-p 00000000 00:00 0 
7f39c83f4000-7f39c83f5000 ---p 00000000 00:00 0 
7f39c83f5000-7f39c9000000 rw-p 00000000 00:00 0 
7f39c9000000-7f39c9270000 rwxp 00000000 00:00 0 
7f39c9270000-7f39d8000000 ---p 00000000 00:00 0 
7f39d8000000-7f39d8021000 rw-p 00000000 00:00 0 
7f39d8021000-7f39dc000000 ---p 00000000 00:00 0 
7f39dc07a000-7f39dc095000 r--s 00394000 08:01 788453                     /usr/lib/jvm/java-8-openjdk-amd64/jre/lib/ext/cldrdata.jar
7f39dc095000-7f39dc0b0000 r--s 001d6000 08:01 788450                     /usr/lib/jvm/java-8-openjdk-amd64/jre/lib/ext/nashorn.jar
7f39dc0b0000-7f39dd236000 rw-p 00000000 00:00 0 
7f39dd236000-7f39dd404000 r--s 03c06000 08:01 788474                     /usr/lib/jvm/java-8-openjdk-amd64/jre/lib/rt.jar
7f39dd404000-7f39dd915000 rw-p 00000000 00:00 0 
7f39dd915000-7f39ddcd5000 ---p 00000000 00:00 0 
7f39ddcd5000-7f39ddfbd000 rw-p 00000000 00:00 0 
7f39ddfbd000-7f39ddfbe000 ---p 00000000 00:00 0 
7f39ddfbe000-7f39de0be000 rw-p 00000000 00:00 0 
7f39de0be000-7f39de0bf000 ---p 00000000 00:00 0 
7f39de0bf000-7f39de1bf000 rw-p 00000000 00:00 0 
7f39de1bf000-7f39de1c0000 ---p 00000000 00:00 0 
7f39de1c0000-7f39de2c0000 rw-p 00000000 00:00 0 
7f39de2c0000-7f39de2c1000 ---p 00000000 00:00 0 
7f39de2c1000-7f39de3c1000 rw-p 00000000 00:00 0 
7f39de3c1000-7f39de3c2000 ---p 00000000 00:00 0 
7f39de3c2000-7f39de4c2000 rw-p 00000000 00:00 0 
7f39de4c2000-7f39de4c3000 ---p 00000000 00:00 0 
7f39de4c3000-7f39de5c3000 rw-p 00000000 00:00 0 
7f39de5c3000-7f39de5c4000 ---p 00000000 00:00 0 
7f39de5c4000-7f39de6e4000 rw-p 00000000 00:00 0 
7f39de6e4000-7f39de8b4000 ---p 00000000 00:00 0 
7f39de8b4000-7f39de8d4000 rw-p 00000000 00:00 0 
7f39de8d4000-7f39deaa4000 ---p 00000000 00:00 0 
7f39deaa4000-7f39deab4000 rw-p 00000000 00:00 0 
7f39deab4000-7f39deb9c000 ---p 00000000 00:00 0 
7f39deb9c000-7f39deba7000 rw-p 00000000 00:00 0 
7f39deba7000-7f39def5d000 ---p 00000000 00:00 0 
7f39def5d000-7f39def76000 r-xp 00000000 08:01 4068366                    /lib/x86_64-linux-gnu/libz.so.1.2.8
7f39def76000-7f39df175000 ---p 00019000 08:01 4068366                    /lib/x86_64-linux-gnu/libz.so.1.2.8
7f39df175000-7f39df176000 r--p 00018000 08:01 4068366                    /lib/x86_64-linux-gnu/libz.so.1.2.8
7f39df176000-7f39df177000 rw-p 00019000 08:01 4068366                    /lib/x86_64-linux-gnu/libz.so.1.2.8
7f39df177000-7f39df17f000 r-xp 00000000 08:01 788409                     /usr/lib/jvm/java-8-openjdk-amd64/jre/lib/amd64/libzip.so
7f39df17f000-7f39df37e000 ---p 00008000 08:01 788409                     /usr/lib/jvm/java-8-openjdk-amd64/jre/lib/amd64/libzip.so
7f39df37e000-7f39df37f000 r--p 00007000 08:01 788409                     /usr/lib/jvm/java-8-openjdk-amd64/jre/lib/amd64/libzip.so
7f39df37f000-7f39df380000 rw-p 00008000 08:01 788409                     /usr/lib/jvm/java-8-openjdk-amd64/jre/lib/amd64/libzip.so
7f39df380000-7f39df38b000 r-xp 00000000 08:01 4068274                    /lib/x86_64-linux-gnu/libnss_files-2.23.so
7f39df38b000-7f39df58a000 ---p 0000b000 08:01 4068274                    /lib/x86_64-linux-gnu/libnss_files-2.23.so
7f39df58a000-7f39df58b000 r--p 0000a000 08:01 4068274                    /lib/x86_64-linux-gnu/libnss_files-2.23.so
7f39df58b000-7f39df58c000 rw-p 0000b000 08:01 4068274                    /lib/x86_64-linux-gnu/libnss_files-2.23.so
7f39df58c000-7f39df592000 rw-p 00000000 00:00 0 
7f39df592000-7f39df59d000 r-xp 00000000 08:01 4068284                    /lib/x86_64-linux-gnu/libnss_nis-2.23.so
7f39df59d000-7f39df79c000 ---p 0000b000 08:01 4068284                    /lib/x86_64-linux-gnu/libnss_nis-2.23.so
7f39df79c000-7f39df79d000 r--p 0000a000 08:01 4068284                    /lib/x86_64-linux-gnu/libnss_nis-2.23.so
7f39df79d000-7f39df79e000 rw-p 0000b000 08:01 4068284                    /lib/x86_64-linux-gnu/libnss_nis-2.23.so
7f39df79e000-7f39df7b4000 r-xp 00000000 08:01 4068268                    /lib/x86_64-linux-gnu/libnsl-2.23.so
7f39df7b4000-7f39df9b3000 ---p 00016000 08:01 4068268                    /lib/x86_64-linux-gnu/libnsl-2.23.so
7f39df9b3000-7f39df9b4000 r--p 00015000 08:01 4068268                    /lib/x86_64-linux-gnu/libnsl-2.23.so
7f39df9b4000-7f39df9b5000 rw-p 00016000 08:01 4068268                    /lib/x86_64-linux-gnu/libnsl-2.23.so
7f39df9b5000-7f39df9b7000 rw-p 00000000 00:00 0 
7f39df9b7000-7f39df9bf000 r-xp 00000000 08:01 4068270                    /lib/x86_64-linux-gnu/libnss_compat-2.23.so
7f39df9bf000-7f39dfbbe000 ---p 00008000 08:01 4068270                    /lib/x86_64-linux-gnu/libnss_compat-2.23.so
7f39dfbbe000-7f39dfbbf000 r--p 00007000 08:01 4068270                    /lib/x86_64-linux-gnu/libnss_compat-2.23.so
7f39dfbbf000-7f39dfbc0000 rw-p 00008000 08:01 4068270                    /lib/x86_64-linux-gnu/libnss_compat-2.23.so
7f39dfbc0000-7f39dfbed000 r-xp 00000000 08:01 788436                     /usr/lib/jvm/java-8-openjdk-amd64/jre/lib/amd64/libjava.so
7f39dfbed000-7f39dfdec000 ---p 0002d000 08:01 788436                     /usr/lib/jvm/java-8-openjdk-amd64/jre/lib/amd64/libjava.so
7f39dfdec000-7f39dfded000 r--p 0002c000 08:01 788436                     /usr/lib/jvm/java-8-openjdk-amd64/jre/lib/amd64/libjava.so
7f39dfded000-7f39dfdef000 rw-p 0002d000 08:01 788436                     /usr/lib/jvm/java-8-openjdk-amd64/jre/lib/amd64/libjava.so
7f39dfdef000-7f39dfdfe000 r-xp 00000000 08:01 788402                     /usr/lib/jvm/java-8-openjdk-amd64/jre/lib/amd64/libverify.so
7f39dfdfe000-7f39dfffd000 ---p 0000f000 08:01 788402                     /usr/lib/jvm/java-8-openjdk-amd64/jre/lib/amd64/libverify.so
7f39dfffd000-7f39dffff000 r--p 0000e000 08:01 788402                     /usr/lib/jvm/java-8-openjdk-amd64/jre/lib/amd64/libverify.so
7f39dffff000-7f39e0000000 rw-p 00010000 08:01 788402                     /usr/lib/jvm/java-8-openjdk-amd64/jre/lib/amd64/libverify.so
7f39e0000000-7f39e01a4000 rw-p 00000000 00:00 0 
7f39e01a4000-7f39e4000000 ---p 00000000 00:00 0 
7f39e400f000-7f39e4037000 rw-p 00000000 00:00 0 
7f39e4037000-7f39e4038000 ---p 00000000 00:00 0 
7f39e4038000-7f39e4138000 rw-p 00000000 00:00 0 
7f39e4138000-7f39e4139000 ---p 00000000 00:00 0 
7f39e4139000-7f39e4939000 rw-p 00000000 00:00 0 
7f39e4939000-7f39e493c000 ---p 00000000 00:00 0 
7f39e493c000-7f39e513a000 rw-p 00000000 00:00 0 
7f39e513a000-7f39e513b000 ---p 00000000 00:00 0 
7f39e513b000-7f39e593b000 rw-p 00000000 00:00 0 
7f39e593b000-7f39e593e000 r-xp 00000000 08:01 4068199                    /lib/x86_64-linux-gnu/libdl-2.23.so
7f39e593e000-7f39e5b3d000 ---p 00003000 08:01 4068199                    /lib/x86_64-linux-gnu/libdl-2.23.so
7f39e5b3d000-7f39e5b3e000 r--p 00002000 08:01 4068199                    /lib/x86_64-linux-gnu/libdl-2.23.so
7f39e5b3e000-7f39e5b3f000 rw-p 00003000 08:01 4068199                    /lib/x86_64-linux-gnu/libdl-2.23.so
7f39e5b3f000-7f39e5cff000 r-xp 00000000 08:01 4068175                    /lib/x86_64-linux-gnu/libc-2.23.so
7f39e5cff000-7f39e5efe000 ---p 001c0000 08:01 4068175                    /lib/x86_64-linux-gnu/libc-2.23.so
7f39e5efe000-7f39e5f02000 r--p 001bf000 08:01 4068175                    /lib/x86_64-linux-gnu/libc-2.23.so
7f39e5f02000-7f39e5f04000 rw-p 001c3000 08:01 4068175                    /lib/x86_64-linux-gnu/libc-2.23.so
7f39e5f04000-7f39e5f08000 rw-p 00000000 00:00 0 
7f39e5f08000-7f39e5f1e000 r-xp 00000000 08:01 4068213                    /lib/x86_64-linux-gnu/libgcc_s.so.1
7f39e5f1e000-7f39e611d000 ---p 00016000 08:01 4068213                    /lib/x86_64-linux-gnu/libgcc_s.so.1
7f39e611d000-7f39e611e000 rw-p 00015000 08:01 4068213                    /lib/x86_64-linux-gnu/libgcc_s.so.1
7f39e611e000-7f39e6226000 r-xp 00000000 08:01 4068245                    /lib/x86_64-linux-gnu/libm-2.23.so
7f39e6226000-7f39e6425000 ---p 00108000 08:01 4068245                    /lib/x86_64-linux-gnu/libm-2.23.so
7f39e6425000-7f39e6426000 r--p 00107000 08:01 4068245                    /lib/x86_64-linux-gnu/libm-2.23.so
7f39e6426000-7f39e6427000 rw-p 00108000 08:01 4068245                    /lib/x86_64-linux-gnu/libm-2.23.so
7f39e6427000-7f39e6599000 r-xp 00000000 08:01 657537                     /usr/lib/x86_64-linux-gnu/libstdc++.so.6.0.21
7f39e6599000-7f39e6799000 ---p 00172000 08:01 657537                     /usr/lib/x86_64-linux-gnu/libstdc++.so.6.0.21
7f39e6799000-7f39e67a3000 r--p 00172000 08:01 657537                     /usr/lib/x86_64-linux-gnu/libstdc++.so.6.0.21
7f39e67a3000-7f39e67a5000 rw-p 0017c000 08:01 657537                     /usr/lib/x86_64-linux-gnu/libstdc++.so.6.0.21
7f39e67a5000-7f39e67a9000 rw-p 00000000 00:00 0 
7f39e67a9000-7f39e73f9000 r-xp 00000000 08:01 788431                     /usr/lib/jvm/java-8-openjdk-amd64/jre/lib/amd64/server/libjvm.so
7f39e73f9000-7f39e75f8000 ---p 00c50000 08:01 788431                     /usr/lib/jvm/java-8-openjdk-amd64/jre/lib/amd64/server/libjvm.so
7f39e75f8000-7f39e768b000 r--p 00c4f000 08:01 788431                     /usr/lib/jvm/java-8-openjdk-amd64/jre/lib/amd64/server/libjvm.so
7f39e768b000-7f39e76b4000 rw-p 00ce2000 08:01 788431                     /usr/lib/jvm/java-8-openjdk-amd64/jre/lib/amd64/server/libjvm.so
7f39e76b4000-7f39e76e4000 rw-p 00000000 00:00 0 
7f39e76e4000-7f39e76eb000 r-xp 00000000 08:01 4068329                    /lib/x86_64-linux-gnu/librt-2.23.so
7f39e76eb000-7f39e78ea000 ---p 00007000 08:01 4068329                    /lib/x86_64-linux-gnu/librt-2.23.so
7f39e78ea000-7f39e78eb000 r--p 00006000 08:01 4068329                    /lib/x86_64-linux-gnu/librt-2.23.so
7f39e78eb000-7f39e78ec000 rw-p 00007000 08:01 4068329                    /lib/x86_64-linux-gnu/librt-2.23.so
7f39e78ec000-7f39e7904000 r-xp 00000000 08:01 4068321                    /lib/x86_64-linux-gnu/libpthread-2.23.so
7f39e7904000-7f39e7b03000 ---p 00018000 08:01 4068321                    /lib/x86_64-linux-gnu/libpthread-2.23.so
7f39e7b03000-7f39e7b04000 r--p 00017000 08:01 4068321                    /lib/x86_64-linux-gnu/libpthread-2.23.so
7f39e7b04000-7f39e7b05000 rw-p 00018000 08:01 4068321                    /lib/x86_64-linux-gnu/libpthread-2.23.so
7f39e7b05000-7f39e7b09000 rw-p 00000000 00:00 0 
7f39e7b09000-7f39e7b2f000 r-xp 00000000 08:01 4068147                    /lib/x86_64-linux-gnu/ld-2.23.so
7f39e7b37000-7f39e7b3b000 r--s 00037000 08:01 788455                     /usr/lib/jvm/java-8-openjdk-amd64/jre/lib/ext/sunpkcs11.jar
7f39e7b3b000-7f39e7b45000 r--s 00116000 08:01 788456                     /usr/lib/jvm/java-8-openjdk-amd64/jre/lib/ext/localedata.jar
7f39e7b45000-7f39e7d14000 rw-p 00000000 00:00 0 
7f39e7d14000-7f39e7d16000 r--s 00001000 08:01 788451                     /usr/lib/jvm/java-8-openjdk-amd64/jre/lib/ext/dnsns.jar
7f39e7d16000-7f39e7d1b000 r--s 0003b000 08:01 788467                     /usr/lib/jvm/java-8-openjdk-amd64/jre/lib/ext/sunjce_provider.jar
7f39e7d1b000-7f39e7d1e000 r--s 0000f000 08:01 788452                     /usr/lib/jvm/java-8-openjdk-amd64/jre/lib/ext/icedtea-sound.jar
7f39e7d1e000-7f39e7d20000 r--s 00008000 08:01 788449                     /usr/lib/jvm/java-8-openjdk-amd64/jre/lib/ext/sunec.jar
7f39e7d20000-7f39e7d21000 r--s 00010000 08:01 788454                     /usr/lib/jvm/java-8-openjdk-amd64/jre/lib/ext/zipfs.jar
7f39e7d21000-7f39e7d22000 r--s 0000a000 08:01 788468                     /usr/lib/jvm/java-8-openjdk-amd64/jre/lib/ext/jaccess.jar
7f39e7d22000-7f39e7d2a000 rw-s 00000000 08:01 3434047                    /tmp/hsperfdata_root/10635
7f39e7d2a000-7f39e7d2b000 rw-p 00000000 00:00 0 
7f39e7d2b000-7f39e7d2c000 r--p 00000000 00:00 0 
7f39e7d2c000-7f39e7d2e000 rw-p 00000000 00:00 0 
7f39e7d2e000-7f39e7d2f000 r--p 00025000 08:01 4068147                    /lib/x86_64-linux-gnu/ld-2.23.so
7f39e7d2f000-7f39e7d30000 rw-p 00026000 08:01 4068147                    /lib/x86_64-linux-gnu/ld-2.23.so
7f39e7d30000-7f39e7d31000 rw-p 00000000 00:00 0 
7fffa11d8000-7fffa11f9000 rw-p 00000000 00:00 0                          [stack]
7fffa11fc000-7fffa11fe000 r--p 00000000 00:00 0                          [vvar]
7fffa11fe000-7fffa1200000 r-xp 00000000 00:00 0                          [vdso]
ffffffffff600000-ffffffffff601000 r-xp 00000000 00:00 0                  [vsyscall]

VM Arguments:
jvm_args: . 
java_command: <unknown>
java_class_path (initial): <not set>
Launcher Type: generic

Environment Variables:
PATH=/usr/local/sbin:/usr/local/bin:/usr/sbin:/usr/bin:/sbin:/bin
USERNAME=root
SHELL=/bin/bash
DISPLAY=:0

Signal Handlers:
SIGSEGV: [libjvm.so+0xa66fd0], sa_mask[0]=11111111011111111101111111111110, sa_flags=SA_RESTART|SA_SIGINFO
SIGBUS: [libjvm.so+0xa66fd0], sa_mask[0]=11111111011111111101111111111110, sa_flags=SA_RESTART|SA_SIGINFO
SIGFPE: [libjvm.so+0x8b0180], sa_mask[0]=11111111011111111101111111111110, sa_flags=SA_RESTART|SA_SIGINFO
SIGPIPE: [libjvm.so+0x8b0180], sa_mask[0]=11111111011111111101111111111110, sa_flags=SA_RESTART|SA_SIGINFO
SIGXFSZ: [libjvm.so+0x8b0180], sa_mask[0]=11111111011111111101111111111110, sa_flags=SA_RESTART|SA_SIGINFO
SIGILL: [libjvm.so+0x8b0180], sa_mask[0]=11111111011111111101111111111110, sa_flags=SA_RESTART|SA_SIGINFO
SIGUSR1: SIG_DFL, sa_mask[0]=00000000000000000000000000000000, sa_flags=none
SIGUSR2: [libjvm.so+0x8b0030], sa_mask[0]=00000000000000000000000000000000, sa_flags=SA_RESTART|SA_SIGINFO
SIGHUP: [libjvm.so+0x8b0500], sa_mask[0]=11111111011111111101111111111110, sa_flags=SA_RESTART|SA_SIGINFO
SIGINT: [libjvm.so+0x8b0500], sa_mask[0]=11111111011111111101111111111110, sa_flags=SA_RESTART|SA_SIGINFO
SIGTERM: [libjvm.so+0x8b0500], sa_mask[0]=11111111011111111101111111111110, sa_flags=SA_RESTART|SA_SIGINFO
SIGQUIT: [libjvm.so+0x8b0500], sa_mask[0]=11111111011111111101111111111110, sa_flags=SA_RESTART|SA_SIGINFO


---------------  S Y S T E M  ---------------

OS:DISTRIB_ID=Ubuntu
DISTRIB_RELEASE=16.04
DISTRIB_CODENAME=xenial
DISTRIB_DESCRIPTION="Ubuntu 16.04.1 LTS"

uname:Linux 4.4.0-66-generic #87-Ubuntu SMP Fri Mar 3 15:29:05 UTC 2017 x86_64
libc:glibc 2.23 NPTL 2.23 
rlimit: STACK 8192k, CORE 0k, NPROC 23648, NOFILE 65536, AS infinity
load average:0.02 0.10 0.13

/proc/meminfo:
MemTotal:        6093132 kB
MemFree:         1743996 kB
MemAvailable:    2726496 kB
Buffers:          210452 kB
Cached:          1049648 kB
SwapCached:            0 kB
Active:          2007276 kB
Inactive:         524316 kB
Active(anon):    1272672 kB
Inactive(anon):   129536 kB
Active(file):     734604 kB
Inactive(file):   394780 kB
Unevictable:          32 kB
Mlocked:              32 kB
SwapTotal:       1046524 kB
SwapFree:        1046524 kB
Dirty:              4944 kB
Writeback:             0 kB
AnonPages:       1273752 kB
Mapped:           443120 kB
Shmem:            130720 kB
Slab:             195828 kB
SReclaimable:     132828 kB
SUnreclaim:        63000 kB
KernelStack:       11936 kB
PageTables:        36296 kB
NFS_Unstable:          0 kB
Bounce:                0 kB
WritebackTmp:          0 kB
CommitLimit:     4093088 kB
Committed_AS:    5365944 kB
VmallocTotal:   34359738367 kB
VmallocUsed:           0 kB
VmallocChunk:          0 kB
HardwareCorrupted:     0 kB
AnonHugePages:    778240 kB
CmaTotal:              0 kB
CmaFree:               0 kB
HugePages_Total:       0
HugePages_Free:        0
HugePages_Rsvd:        0
HugePages_Surp:        0
Hugepagesize:       2048 kB
DirectMap4k:      130880 kB
DirectMap2M:     6160384 kB
DirectMap1G:     2097152 kB


CPU:total 8 (1 cores per cpu, 1 threads per core) family 6 model 94 stepping 3, cmov, cx8, fxsr, mmx, sse, sse2, sse3, ssse3, sse4.1, sse4.2, popcnt, avx, avx2, clmul, erms, rtm, 3dnowpref, lzcnt, tsc, tscinvbit, bmi1, bmi2, adx

/proc/cpuinfo:
processor	: 0
vendor_id	: GenuineIntel
cpu family	: 6
model		: 94
model name	: Intel(R) Core(TM) i7-6820HQ CPU @ 2.70GHz
stepping	: 3
microcode	: 0xa6
cpu MHz		: 2712.005
cache size	: 8192 KB
physical id	: 0
siblings	: 1
core id		: 0
cpu cores	: 1
apicid		: 0
initial apicid	: 0
fpu		: yes
fpu_exception	: yes
cpuid level	: 22
wp		: yes
flags		: fpu vme de pse tsc msr pae mce cx8 apic sep mtrr pge mca cmov pat pse36 clflush dts mmx fxsr sse sse2 ss syscall nx pdpe1gb rdtscp lm constant_tsc arch_perfmon pebs bts nopl xtopology tsc_reliable nonstop_tsc aperfmperf eagerfpu pni pclmulqdq vmx ssse3 fma cx16 pcid sse4_1 sse4_2 x2apic movbe popcnt tsc_deadline_timer xsave avx f16c rdrand hypervisor lahf_lm abm 3dnowprefetch epb tpr_shadow vnmi ept vpid fsgsbase tsc_adjust bmi1 hle avx2 smep bmi2 invpcid rtm rdseed adx smap xsaveopt dtherm ida arat pln pts hwp hwp_notify hwp_act_window hwp_epp
bugs		:
bogomips	: 5424.01
clflush size	: 64
cache_alignment	: 64
address sizes	: 42 bits physical, 48 bits virtual
power management:

processor	: 1
vendor_id	: GenuineIntel
cpu family	: 6
model		: 94
model name	: Intel(R) Core(TM) i7-6820HQ CPU @ 2.70GHz
stepping	: 3
microcode	: 0xa6
cpu MHz		: 2712.005
cache size	: 8192 KB
physical id	: 2
siblings	: 1
core id		: 0
cpu cores	: 1
apicid		: 2
initial apicid	: 2
fpu		: yes
fpu_exception	: yes
cpuid level	: 22
wp		: yes
flags		: fpu vme de pse tsc msr pae mce cx8 apic sep mtrr pge mca cmov pat pse36 clflush dts mmx fxsr sse sse2 ss syscall nx pdpe1gb rdtscp lm constant_tsc arch_perfmon pebs bts nopl xtopology tsc_reliable nonstop_tsc aperfmperf eagerfpu pni pclmulqdq vmx ssse3 fma cx16 pcid sse4_1 sse4_2 x2apic movbe popcnt tsc_deadline_timer xsave avx f16c rdrand hypervisor lahf_lm abm 3dnowprefetch epb tpr_shadow vnmi ept vpid fsgsbase tsc_adjust bmi1 hle avx2 smep bmi2 invpcid rtm rdseed adx smap xsaveopt dtherm ida arat pln pts hwp hwp_notify hwp_act_window hwp_epp
bugs		:
bogomips	: 5424.01
clflush size	: 64
cache_alignment	: 64
address sizes	: 42 bits physical, 48 bits virtual
power management:

processor	: 2
vendor_id	: GenuineIntel
cpu family	: 6
model		: 94
model name	: Intel(R) Core(TM) i7-6820HQ CPU @ 2.70GHz
stepping	: 3
microcode	: 0xa6
cpu MHz		: 2712.005
cache size	: 8192 KB
physical id	: 4
siblings	: 1
core id		: 0
cpu cores	: 1
apicid		: 4
initial apicid	: 4
fpu		: yes
fpu_exception	: yes
cpuid level	: 22
wp		: yes
flags		: fpu vme de pse tsc msr pae mce cx8 apic sep mtrr pge mca cmov pat pse36 clflush dts mmx fxsr sse sse2 ss syscall nx pdpe1gb rdtscp lm constant_tsc arch_perfmon pebs bts nopl xtopology tsc_reliable nonstop_tsc aperfmperf eagerfpu pni pclmulqdq vmx ssse3 fma cx16 pcid sse4_1 sse4_2 x2apic movbe popcnt tsc_deadline_timer xsave avx f16c rdrand hypervisor lahf_lm abm 3dnowprefetch epb tpr_shadow vnmi ept vpid fsgsbase tsc_adjust bmi1 hle avx2 smep bmi2 invpcid rtm rdseed adx smap xsaveopt dtherm ida arat pln pts hwp hwp_notify hwp_act_window hwp_epp
bugs		:
bogomips	: 5424.01
clflush size	: 64
cache_alignment	: 64
address sizes	: 42 bits physical, 48 bits virtual
power management:

processor	: 3
vendor_id	: GenuineIntel
cpu family	: 6
model		: 94
model name	: Intel(R) Core(TM) i7-6820HQ CPU @ 2.70GHz
stepping	: 3
microcode	: 0xa6
cpu MHz		: 2712.005
cache size	: 8192 KB
physical id	: 6
siblings	: 1
core id		: 0
cpu cores	: 1
apicid		: 6
initial apicid	: 6
fpu		: yes
fpu_exception	: yes
cpuid level	: 22
wp		: yes
flags		: fpu vme de pse tsc msr pae mce cx8 apic sep mtrr pge mca cmov pat pse36 clflush dts mmx fxsr sse sse2 ss syscall nx pdpe1gb rdtscp lm constant_tsc arch_perfmon pebs bts nopl xtopology tsc_reliable nonstop_tsc aperfmperf eagerfpu pni pclmulqdq vmx ssse3 fma cx16 pcid sse4_1 sse4_2 x2apic movbe popcnt tsc_deadline_timer xsave avx f16c rdrand hypervisor lahf_lm abm 3dnowprefetch epb tpr_shadow vnmi ept vpid fsgsbase tsc_adjust bmi1 hle avx2 smep bmi2 invpcid rtm rdseed adx smap xsaveopt dtherm ida arat pln pts hwp hwp_notify hwp_act_window hwp_epp
bugs		:
bogomips	: 5424.01
clflush size	: 64
cache_alignment	: 64
address sizes	: 42 bits physical, 48 bits virtual
power management:

processor	: 4
vendor_id	: GenuineIntel
cpu family	: 6
model		: 94
model name	: Intel(R) Core(TM) i7-6820HQ CPU @ 2.70GHz
stepping	: 3
microcode	: 0xa6
cpu MHz		: 2712.005
cache size	: 8192 KB
physical id	: 8
siblings	: 1
core id		: 0
cpu cores	: 1
apicid		: 8
initial apicid	: 8
fpu		: yes
fpu_exception	: yes
cpuid level	: 22
wp		: yes
flags		: fpu vme de pse tsc msr pae mce cx8 apic sep mtrr pge mca cmov pat pse36 clflush dts mmx fxsr sse sse2 ss syscall nx pdpe1gb rdtscp lm constant_tsc arch_perfmon pebs bts nopl xtopology tsc_reliable nonstop_tsc aperfmperf eagerfpu pni pclmulqdq vmx ssse3 fma cx16 pcid sse4_1 sse4_2 x2apic movbe popcnt tsc_deadline_timer xsave avx f16c rdrand hypervisor lahf_lm abm 3dnowprefetch epb tpr_shadow vnmi ept vpid fsgsbase tsc_adjust bmi1 hle avx2 smep bmi2 invpcid rtm rdseed adx smap xsaveopt dtherm ida arat pln pts hwp hwp_notify hwp_act_window hwp_epp
bugs		:
bogomips	: 5424.01
clflush size	: 64
cache_alignment	: 64
address sizes	: 42 bits physical, 48 bits virtual
power management:

processor	: 5
vendor_id	: GenuineIntel
cpu family	: 6
model		: 94
model name	: Intel(R) Core(TM) i7-6820HQ CPU @ 2.70GHz
stepping	: 3
microcode	: 0xa6
cpu MHz		: 2712.005
cache size	: 8192 KB
physical id	: 10
siblings	: 1
core id		: 0
cpu cores	: 1
apicid		: 10
initial apicid	: 10
fpu		: yes
fpu_exception	: yes
cpuid level	: 22
wp		: yes
flags		: fpu vme de pse tsc msr pae mce cx8 apic sep mtrr pge mca cmov pat pse36 clflush dts mmx fxsr sse sse2 ss syscall nx pdpe1gb rdtscp lm constant_tsc arch_perfmon pebs bts nopl xtopology tsc_reliable nonstop_tsc aperfmperf eagerfpu pni pclmulqdq vmx ssse3 fma cx16 pcid sse4_1 sse4_2 x2apic movbe popcnt tsc_deadline_timer xsave avx f16c rdrand hypervisor lahf_lm abm 3dnowprefetch epb tpr_shadow vnmi ept vpid fsgsbase tsc_adjust bmi1 hle avx2 smep bmi2 invpcid rtm rdseed adx smap xsaveopt dtherm ida arat pln pts hwp hwp_notify hwp_act_window hwp_epp
bugs		:
bogomips	: 5424.01
clflush size	: 64
cache_alignment	: 64
address sizes	: 42 bits physical, 48 bits virtual
power management:

processor	: 6
vendor_id	: GenuineIntel
cpu family	: 6
model		: 94
model name	: Intel(R) Core(TM) i7-6820HQ CPU @ 2.70GHz
stepping	: 3
microcode	: 0xa6
cpu MHz		: 2712.005
cache size	: 8192 KB
physical id	: 12
siblings	: 1
core id		: 0
cpu cores	: 1
apicid		: 12
initial apicid	: 12
fpu		: yes
fpu_exception	: yes
cpuid level	: 22
wp		: yes
flags		: fpu vme de pse tsc msr pae mce cx8 apic sep mtrr pge mca cmov pat pse36 clflush dts mmx fxsr sse sse2 ss syscall nx pdpe1gb rdtscp lm constant_tsc arch_perfmon pebs bts nopl xtopology tsc_reliable nonstop_tsc aperfmperf eagerfpu pni pclmulqdq vmx ssse3 fma cx16 pcid sse4_1 sse4_2 x2apic movbe popcnt tsc_deadline_timer xsave avx f16c rdrand hypervisor lahf_lm abm 3dnowprefetch epb tpr_shadow vnmi ept vpid fsgsbase tsc_adjust bmi1 hle avx2 smep bmi2 invpcid rtm rdseed adx smap xsaveopt dtherm ida arat pln pts hwp hwp_notify hwp_act_window hwp_epp
bugs		:
bogomips	: 5424.01
clflush size	: 64
cache_alignment	: 64
address sizes	: 42 bits physical, 48 bits virtual
power management:

processor	: 7
vendor_id	: GenuineIntel
cpu family	: 6
model		: 94
model name	: Intel(R) Core(TM) i7-6820HQ CPU @ 2.70GHz
stepping	: 3
microcode	: 0xa6
cpu MHz		: 2712.005
cache size	: 8192 KB
physical id	: 14
siblings	: 1
core id		: 0
cpu cores	: 1
apicid		: 14
initial apicid	: 14
fpu		: yes
fpu_exception	: yes
cpuid level	: 22
wp		: yes
flags		: fpu vme de pse tsc msr pae mce cx8 apic sep mtrr pge mca cmov pat pse36 clflush dts mmx fxsr sse sse2 ss syscall nx pdpe1gb rdtscp lm constant_tsc arch_perfmon pebs bts nopl xtopology tsc_reliable nonstop_tsc aperfmperf eagerfpu pni pclmulqdq vmx ssse3 fma cx16 pcid sse4_1 sse4_2 x2apic movbe popcnt tsc_deadline_timer xsave avx f16c rdrand hypervisor lahf_lm abm 3dnowprefetch epb tpr_shadow vnmi ept vpid fsgsbase tsc_adjust bmi1 hle avx2 smep bmi2 invpcid rtm rdseed adx smap xsaveopt dtherm ida arat pln pts hwp hwp_notify hwp_act_window hwp_epp
bugs		:
bogomips	: 5424.01
clflush size	: 64
cache_alignment	: 64
address sizes	: 42 bits physical, 48 bits virtual
power management:



Memory: 4k page, physical 6093132k(1743996k free), swap 1046524k(1046524k free)

vm_info: OpenJDK 64-Bit Server VM (25.121-b13) for linux-amd64 JRE (1.8.0_121-8u121-b13-0ubuntu1.16.04.2-b13), built on Jan 23 2017 15:51:29 by "buildd" with gcc 5.4.0 20160609

time: Sat Mar 18 12:08:06 2017
elapsed time: 0 seconds (0d 0h 0m 0s)

