#
# A fatal error has been detected by the Java Runtime Environment:
#
#  SIGSEGV (0xb) at pc=0x0000000000000000, pid=8454, tid=0x00007f78caaf8700
#
# JRE version: OpenJDK Runtime Environment (8.0_121-b13) (build 1.8.0_121-8u121-b13-0ubuntu1.16.04.2-b13)
# Java VM: OpenJDK 64-Bit Server VM (25.121-b13 mixed mode linux-amd64 compressed oops)
# Problematic frame:
# C  0x0000000000000000
#
# Failed to write core dump. Core dumps have been disabled. To enable core dumping, try "ulimit -c unlimited" before starting Java again
#
# If you would like to submit a bug report, please visit:
#   http://bugreport.java.com/bugreport/crash.jsp
#

---------------  T H R E A D  ---------------

Current thread is native thread

siginfo: si_signo: 11 (SIGSEGV), si_code: 1 (SEGV_MAPERR), si_addr: 0x0000000000000000

Registers:
RAX=0x0000000000000000, RBX=0x0000000021cd67f1, RCX=0x00054afe4a0bf700, RDX=0x0000000000483ca0
RSP=0x00007f78caaf7dd8, RBP=0x00007f78caaf7df0, RSI=0x0000000021cd67f1, RDI=0x0000000000483ca0
R8 =0x00007f7901a04006, R9 =0x0000000000000006, R10=0x6270000000000000, R11=0x0000000000000000
R12=0x0000000000000000, R13=0x00007fff379e5d1f, R14=0x00007f78caaf89c0, R15=0x0000000000000000
RIP=0x0000000000000000, EFLAGS=0x0000000000010206, CSGSFS=0xbff9000000000033, ERR=0x0000000000000014
  TRAPNO=0x000000000000000e

Top of Stack: (sp=0x00007f78caaf7dd8)
0x00007f78caaf7dd8:   000000000047f7cb 00007f78caaf7e00
0x00007f78caaf7de8:   0000000000483ca0 00007f78caaf7e40
0x00007f78caaf7df8:   000000000044ffe0 00007f78caaf7e20
0x00007f78caaf7e08:   0000000000000064 00007f78caaf7e40
0x00007f78caaf7e18:   00054afe4a149e19 000000000000002c
0x00007f78caaf7e28:   0000000000483ca0 0000000010cd92a5
0x00007f78caaf7e38:   0000000021ccbc7e 00007f78caaf7ec0
0x00007f78caaf7e48:   0000000000446bc3 0000000000000000
0x00007f78caaf7e58:   0000000002084030 0000000000000000
0x00007f78caaf7e68:   0000000000000000 00054afe4a149e19
0x00007f78caaf7e78:   000000000000112f 00054afe4a149e19
0x00007f78caaf7e88:   0000000000000066 0000000058cd03fc
0x00007f78caaf7e98:   000000002183c6c8 0000000000000000
0x00007f78caaf7ea8:   72bef16b6922eb00 0000000000000000
0x00007f78caaf7eb8:   0000000000000000 00007f78caaf7f10
0x00007f78caaf7ec8:   0000000000416328 0000000000000000
0x00007f78caaf7ed8:   0000000002084030 0000000000000000
0x00007f78caaf7ee8:   0000000002084030 0000000000000000
0x00007f78caaf7ef8:   0000000000000000 0000000000000000
0x00007f78caaf7f08:   72bef16b6922eb00 0000000000000000
0x00007f78caaf7f18:   00007f790319d6fa 0000000000000000
0x00007f78caaf7f28:   00007f78caaf8700 00007f78caaf8700
0x00007f78caaf7f38:   cae3ba562c344601 0000000000000000
0x00007f78caaf7f48:   00007fff379e5d1f 00007f78caaf89c0
0x00007f78caaf7f58:   0000000000000000 34122f08d2744601
0x00007f78caaf7f68:   3411bc65814e4601 0000000000000000
0x00007f78caaf7f78:   0000000000000000 0000000000000000
0x00007f78caaf7f88:   0000000000000000 0000000000000000
0x00007f78caaf7f98:   0000000000000000 0000000000000000
0x00007f78caaf7fa8:   0000000000000000 00007f78caaf8700
0x00007f78caaf7fb8:   00007f79014efb5d 0000000000000000
0x00007f78caaf7fc8:   0000000000000000 0000000000000000 

Instructions: (pc=0x0000000000000000)
0xffffffffffffffe0:   

Register to memory mapping:

RAX=0x0000000000000000 is an unknown value
RBX=0x0000000021cd67f1 is an unknown value
RCX=0x00054afe4a0bf700 is an unknown value
RDX=0x0000000000483ca0: <offset 0x83ca0> in ./main at 0x0000000000400000
RSP=0x00007f78caaf7dd8 is an unknown value
RBP=0x00007f78caaf7df0 is an unknown value
RSI=0x0000000021cd67f1 is an unknown value
RDI=0x0000000000483ca0: <offset 0x83ca0> in ./main at 0x0000000000400000
R8 =0x00007f7901a04006: csqrtf+0x476 in /lib/x86_64-linux-gnu/libm.so.6 at 0x00007f79019c8000
R9 =0x0000000000000006 is an unknown value
R10=0x6270000000000000 is an unknown value
R11=0x0000000000000000 is an unknown value
R12=0x0000000000000000 is an unknown value
R13=0x00007fff379e5d1f is an unknown value
R14=0x00007f78caaf89c0 is an unknown value
R15=0x0000000000000000 is an unknown value


Stack: [0x00007f78ca2f8000,0x00007f78caaf9000],  sp=0x00007f78caaf7dd8,  free space=8191k

---------------  P R O C E S S  ---------------

VM state:not at safepoint (normal execution)

VM Mutex/Monitor currently owned by a thread: None

Heap:
 PSYoungGen      total 28160K, used 5967K [0x00000000e1000000, 0x00000000e2f00000, 0x0000000100000000)
  eden space 24576K, 24% used [0x00000000e1000000,0x00000000e15d3e40,0x00000000e2800000)
  from space 3584K, 0% used [0x00000000e2b80000,0x00000000e2b80000,0x00000000e2f00000)
  to   space 3584K, 0% used [0x00000000e2800000,0x00000000e2800000,0x00000000e2b80000)
 ParOldGen       total 64512K, used 0K [0x00000000a3000000, 0x00000000a6f00000, 0x00000000e1000000)
  object space 64512K, 0% used [0x00000000a3000000,0x00000000a3000000,0x00000000a6f00000)
 Metaspace       used 2822K, capacity 4780K, committed 5120K, reserved 1056768K
  class space    used 283K, capacity 424K, committed 512K, reserved 1048576K

Card table byte_map: [0x00007f78fe296000,0x00007f78fe57f000] byte_map_base: 0x00007f78fdd7e000

Marking Bits: (ParMarkBitMap*) 0x00007f7902f71220
 Begin Bits: [0x00007f78f5180000, 0x00007f78f68c0000)
 End Bits:   [0x00007f78f68c0000, 0x00007f78f8000000)

Polling page: 0x00007f79035d5000

CodeCache: size=245760Kb used=1433Kb max_used=1436Kb free=244326Kb
 bounds [0x00007f78e1000000, 0x00007f78e1270000, 0x00007f78f0000000]
 total_blobs=410 nmethods=150 adapters=175
 compilation: enabled

Compilation events (10 events):
Event: 1.057 Thread 0x00007f78f80d2000  146       3       java.util.Arrays::rangeCheck (74 bytes)
Event: 1.057 Thread 0x00007f78f80d2000 nmethod 146 0x00007f78e1163290 code [0x00007f78e11634e0, 0x00007f78e11641a8]
Event: 1.208 Thread 0x00007f78f80d2000  147       3       ch.ethz.rtc.kernel.CurveSubSegmentIterator::yStartB (20 bytes)
Event: 1.208 Thread 0x00007f78f80d2000 nmethod 147 0x00007f78e1164790 code [0x00007f78e1164900, 0x00007f78e1164b68]
Event: 1.237 Thread 0x00007f78f80c8800  148       4       ch.ethz.rtc.kernel.util.DoubleMath::lt (14 bytes)
Event: 1.239 Thread 0x00007f78f80c8800 nmethod 148 0x00007f78e113fb10 code [0x00007f78e113fc60, 0x00007f78e113fcb8]
Event: 1.297 Thread 0x00007f78f80d2000  149       3       ch.ethz.rtc.kernel.CurveSubSegmentIterator::yStartA (20 bytes)
Event: 1.297 Thread 0x00007f78f80d2000 nmethod 149 0x00007f78e11673d0 code [0x00007f78e1167540, 0x00007f78e11677a8]
Event: 1.387 Thread 0x00007f78f80d2000  150       3       ch.ethz.rtc.kernel.CurveSubSegmentIterator::next (273 bytes)
Event: 1.388 Thread 0x00007f78f80d2000 nmethod 150 0x00007f78e1165610 code [0x00007f78e1165940, 0x00007f78e1166ae8]

GC Heap History (0 events):
No events

Deoptimization events (6 events):
Event: 0.114 Thread 0x00007f78f801d000 Uncommon trap: reason=unstable_if action=reinterpret pc=0x00007f78e112c278 method=java.util.ArrayList.ensureExplicitCapacity(I)V @ 17
Event: 0.119 Thread 0x00007f78f801d000 Uncommon trap: reason=unstable_if action=reinterpret pc=0x00007f78e1139c44 method=ch.ethz.rtc.kernel.util.DoubleMath.gt(DD)Z @ 7
Event: 0.126 Thread 0x00007f78f801d000 Uncommon trap: reason=unstable_if action=reinterpret pc=0x00007f78e11434c4 method=ch.ethz.rtc.kernel.Segment.yAt(D)D @ 15
Event: 0.126 Thread 0x00007f78f801d000 Uncommon trap: reason=unstable_if action=reinterpret pc=0x00007f78e1121aec method=java.lang.Math.min(DD)D @ 36
Event: 0.126 Thread 0x00007f78f801d000 Uncommon trap: reason=unstable_if action=reinterpret pc=0x00007f78e1126f58 method=ch.ethz.rtc.kernel.Segment.yAt(D)D @ 50
Event: 0.126 Thread 0x00007f78f801d000 Uncommon trap: reason=unstable_if action=reinterpret pc=0x00007f78e1133f98 method=java.lang.Math.min(DD)D @ 36

Internal exceptions (2 events):
Event: 0.030 Thread 0x00007f78f801d000 Exception <a 'java/lang/NoSuchMethodError': Method sun.misc.Unsafe.defineClass(Ljava/lang/String;[BII)Ljava/lang/Class; name or signature does not match> (0x00000000e1007ca8) thrown at [/build/openjdk-8-YiEakL/openjdk-8-8u121-b13/src/hotspot/src/share/vm/
Event: 0.030 Thread 0x00007f78f801d000 Exception <a 'java/lang/NoSuchMethodError': Method sun.misc.Unsafe.prefetchRead(Ljava/lang/Object;J)V name or signature does not match> (0x00000000e1007f90) thrown at [/build/openjdk-8-YiEakL/openjdk-8-8u121-b13/src/hotspot/src/share/vm/prims/jni.cpp, lin

Events (10 events):
Event: 0.127 loading class sun/misc/FloatingDecimal$BinaryToASCIIBuffer
Event: 0.127 loading class sun/misc/FloatingDecimal$BinaryToASCIIBuffer done
Event: 0.127 loading class sun/misc/FloatingDecimal$1
Event: 0.127 loading class sun/misc/FloatingDecimal$1 done
Event: 0.127 loading class sun/misc/FloatingDecimal$PreparedASCIIToBinaryBuffer
Event: 0.127 loading class sun/misc/FloatingDecimal$ASCIIToBinaryConverter
Event: 0.127 loading class sun/misc/FloatingDecimal$ASCIIToBinaryConverter done
Event: 0.127 loading class sun/misc/FloatingDecimal$PreparedASCIIToBinaryBuffer done
Event: 0.127 loading class sun/misc/FDBigInteger
Event: 0.127 loading class sun/misc/FDBigInteger done


Dynamic libraries:
00400000-004b4000 r-xp 00000000 08:01 3173142                            /home/long/Code/trunk/main
006b3000-006b4000 r--p 000b3000 08:01 3173142                            /home/long/Code/trunk/main
006b4000-006b5000 rw-p 000b4000 08:01 3173142                            /home/long/Code/trunk/main
02067000-020c5000 rw-p 00000000 00:00 0                                  [heap]
a3000000-a6f00000 rw-p 00000000 00:00 0 
a6f00000-e1000000 ---p 00000000 00:00 0 
e1000000-e2f00000 rw-p 00000000 00:00 0 
e2f00000-100000000 ---p 00000000 00:00 0 
100000000-100080000 rw-p 00000000 00:00 0 
100080000-140000000 ---p 00000000 00:00 0 
7f788c000000-7f788c021000 rw-p 00000000 00:00 0 
7f788c021000-7f7890000000 ---p 00000000 00:00 0 
7f7890000000-7f7890021000 rw-p 00000000 00:00 0 
7f7890021000-7f7894000000 ---p 00000000 00:00 0 
7f7894000000-7f7894086000 rw-p 00000000 00:00 0 
7f7894086000-7f7898000000 ---p 00000000 00:00 0 
7f7898000000-7f7898021000 rw-p 00000000 00:00 0 
7f7898021000-7f789c000000 ---p 00000000 00:00 0 
7f789c000000-7f789c0fc000 rw-p 00000000 00:00 0 
7f789c0fc000-7f78a0000000 ---p 00000000 00:00 0 
7f78a0000000-7f78a016c000 rw-p 00000000 00:00 0 
7f78a016c000-7f78a4000000 ---p 00000000 00:00 0 
7f78a4000000-7f78a4021000 rw-p 00000000 00:00 0 
7f78a4021000-7f78a8000000 ---p 00000000 00:00 0 
7f78a8000000-7f78a81d8000 rw-p 00000000 00:00 0 
7f78a81d8000-7f78ac000000 ---p 00000000 00:00 0 
7f78ac000000-7f78ac021000 rw-p 00000000 00:00 0 
7f78ac021000-7f78b0000000 ---p 00000000 00:00 0 
7f78b0000000-7f78b0021000 rw-p 00000000 00:00 0 
7f78b0021000-7f78b4000000 ---p 00000000 00:00 0 
7f78b4000000-7f78b4021000 rw-p 00000000 00:00 0 
7f78b4021000-7f78b8000000 ---p 00000000 00:00 0 
7f78b8000000-7f78b8021000 rw-p 00000000 00:00 0 
7f78b8021000-7f78bc000000 ---p 00000000 00:00 0 
7f78bc000000-7f78bc021000 rw-p 00000000 00:00 0 
7f78bc021000-7f78c0000000 ---p 00000000 00:00 0 
7f78c4000000-7f78c4021000 rw-p 00000000 00:00 0 
7f78c4021000-7f78c8000000 ---p 00000000 00:00 0 
7f78c9af7000-7f78c9af8000 ---p 00000000 00:00 0 
7f78c9af8000-7f78ca2f8000 rw-p 00000000 00:00 0 
7f78ca2f8000-7f78ca2f9000 ---p 00000000 00:00 0 
7f78ca2f9000-7f78caaf9000 rw-p 00000000 00:00 0 
7f78caaf9000-7f78caafa000 ---p 00000000 00:00 0 
7f78caafa000-7f78cb2fa000 rw-p 00000000 00:00 0 
7f78cb2fa000-7f78cb2fb000 ---p 00000000 00:00 0 
7f78cb2fb000-7f78cbafb000 rw-p 00000000 00:00 0 
7f78cbafb000-7f78cbafc000 ---p 00000000 00:00 0 
7f78cbafc000-7f78cbbfc000 rw-p 00000000 00:00 0 
7f78cbbfc000-7f78cbbff000 ---p 00000000 00:00 0 
7f78cbbff000-7f78cbcfd000 rw-p 00000000 00:00 0 
7f78cbcfd000-7f78cbd00000 ---p 00000000 00:00 0 
7f78cbd00000-7f78cbdfe000 rw-p 00000000 00:00 0 
7f78cbdfe000-7f78cbe01000 ---p 00000000 00:00 0 
7f78cbe01000-7f78cbeff000 rw-p 00000000 00:00 0 
7f78cbeff000-7f78cbf02000 ---p 00000000 00:00 0 
7f78cbf02000-7f78cc000000 rw-p 00000000 00:00 0 
7f78cc000000-7f78cc021000 rw-p 00000000 00:00 0 
7f78cc021000-7f78d0000000 ---p 00000000 00:00 0 
7f78d0000000-7f78d0021000 rw-p 00000000 00:00 0 
7f78d0021000-7f78d4000000 ---p 00000000 00:00 0 
7f78d4000000-7f78d4021000 rw-p 00000000 00:00 0 
7f78d4021000-7f78d8000000 ---p 00000000 00:00 0 
7f78d8000000-7f78d8021000 rw-p 00000000 00:00 0 
7f78d8021000-7f78dc000000 ---p 00000000 00:00 0 
7f78dc000000-7f78dc021000 rw-p 00000000 00:00 0 
7f78dc021000-7f78e0000000 ---p 00000000 00:00 0 
7f78e003b000-7f78e003e000 ---p 00000000 00:00 0 
7f78e003e000-7f78e013c000 rw-p 00000000 00:00 0 
7f78e013c000-7f78e013f000 ---p 00000000 00:00 0 
7f78e013f000-7f78e023d000 rw-p 00000000 00:00 0 
7f78e023d000-7f78e0bfc000 r--p 00000000 08:01 663045                     /usr/lib/locale/locale-archive
7f78e0bfc000-7f78e0bff000 ---p 00000000 00:00 0 
7f78e0bff000-7f78e0cfd000 rw-p 00000000 00:00 0 
7f78e0cfd000-7f78e0d00000 ---p 00000000 00:00 0 
7f78e0d00000-7f78e0dfe000 rw-p 00000000 00:00 0 
7f78e0dfe000-7f78e0dff000 ---p 00000000 00:00 0 
7f78e0dff000-7f78e1000000 rw-p 00000000 00:00 0 
7f78e1000000-7f78e1270000 rwxp 00000000 00:00 0 
7f78e1270000-7f78f0000000 ---p 00000000 00:00 0 
7f78f0000000-7f78f0021000 rw-p 00000000 00:00 0 
7f78f0021000-7f78f4000000 ---p 00000000 00:00 0 
7f78f4095000-7f78f40b0000 r--s 00394000 08:01 788453                     /usr/lib/jvm/java-8-openjdk-amd64/jre/lib/ext/cldrdata.jar
7f78f40b0000-7f78f40cb000 r--s 001d6000 08:01 788450                     /usr/lib/jvm/java-8-openjdk-amd64/jre/lib/ext/nashorn.jar
7f78f40cb000-7f78f8000000 rw-p 00000000 00:00 0 
7f78f8000000-7f78f818a000 rw-p 00000000 00:00 0 
7f78f818a000-7f78fc000000 ---p 00000000 00:00 0 
7f78fc014000-7f78fcaef000 rw-p 00000000 00:00 0 
7f78fcaef000-7f78fccbd000 r--s 03c06000 08:01 788474                     /usr/lib/jvm/java-8-openjdk-amd64/jre/lib/rt.jar
7f78fccbd000-7f78fd236000 rw-p 00000000 00:00 0 
7f78fd236000-7f78fd5b6000 ---p 00000000 00:00 0 
7f78fd5b6000-7f78fd89e000 rw-p 00000000 00:00 0 
7f78fd89e000-7f78fd89f000 ---p 00000000 00:00 0 
7f78fd89f000-7f78fd99f000 rw-p 00000000 00:00 0 
7f78fd99f000-7f78fd9a0000 ---p 00000000 00:00 0 
7f78fd9a0000-7f78fdaa0000 rw-p 00000000 00:00 0 
7f78fdaa0000-7f78fdaa1000 ---p 00000000 00:00 0 
7f78fdaa1000-7f78fdba1000 rw-p 00000000 00:00 0 
7f78fdba1000-7f78fdba2000 ---p 00000000 00:00 0 
7f78fdba2000-7f78fdca2000 rw-p 00000000 00:00 0 
7f78fdca2000-7f78fdca3000 ---p 00000000 00:00 0 
7f78fdca3000-7f78fdda3000 rw-p 00000000 00:00 0 
7f78fdda3000-7f78fdda4000 ---p 00000000 00:00 0 
7f78fdda4000-7f78fdea4000 rw-p 00000000 00:00 0 
7f78fdea4000-7f78fdea5000 ---p 00000000 00:00 0 
7f78fdea5000-7f78fdfa5000 rw-p 00000000 00:00 0 
7f78fdfa5000-7f78fdfa6000 ---p 00000000 00:00 0 
7f78fdfa6000-7f78fe0c6000 rw-p 00000000 00:00 0 
7f78fe0c6000-7f78fe296000 ---p 00000000 00:00 0 
7f78fe296000-7f78fe2b6000 rw-p 00000000 00:00 0 
7f78fe2b6000-7f78fe486000 ---p 00000000 00:00 0 
7f78fe486000-7f78fe496000 rw-p 00000000 00:00 0 
7f78fe496000-7f78fe57e000 ---p 00000000 00:00 0 
7f78fe57e000-7f78fe589000 rw-p 00000000 00:00 0 
7f78fe589000-7f78fe93f000 ---p 00000000 00:00 0 
7f78fe93f000-7f78fe958000 r-xp 00000000 08:01 4068366                    /lib/x86_64-linux-gnu/libz.so.1.2.8
7f78fe958000-7f78feb57000 ---p 00019000 08:01 4068366                    /lib/x86_64-linux-gnu/libz.so.1.2.8
7f78feb57000-7f78feb58000 r--p 00018000 08:01 4068366                    /lib/x86_64-linux-gnu/libz.so.1.2.8
7f78feb58000-7f78feb59000 rw-p 00019000 08:01 4068366                    /lib/x86_64-linux-gnu/libz.so.1.2.8
7f78feb59000-7f78feb61000 r-xp 00000000 08:01 788409                     /usr/lib/jvm/java-8-openjdk-amd64/jre/lib/amd64/libzip.so
7f78feb61000-7f78fed60000 ---p 00008000 08:01 788409                     /usr/lib/jvm/java-8-openjdk-amd64/jre/lib/amd64/libzip.so
7f78fed60000-7f78fed61000 r--p 00007000 08:01 788409                     /usr/lib/jvm/java-8-openjdk-amd64/jre/lib/amd64/libzip.so
7f78fed61000-7f78fed62000 rw-p 00008000 08:01 788409                     /usr/lib/jvm/java-8-openjdk-amd64/jre/lib/amd64/libzip.so
7f78fed62000-7f78fed6d000 r-xp 00000000 08:01 4068274                    /lib/x86_64-linux-gnu/libnss_files-2.23.so
7f78fed6d000-7f78fef6c000 ---p 0000b000 08:01 4068274                    /lib/x86_64-linux-gnu/libnss_files-2.23.so
7f78fef6c000-7f78fef6d000 r--p 0000a000 08:01 4068274                    /lib/x86_64-linux-gnu/libnss_files-2.23.so
7f78fef6d000-7f78fef6e000 rw-p 0000b000 08:01 4068274                    /lib/x86_64-linux-gnu/libnss_files-2.23.so
7f78fef6e000-7f78fef74000 rw-p 00000000 00:00 0 
7f78fef74000-7f78fef7f000 r-xp 00000000 08:01 4068284                    /lib/x86_64-linux-gnu/libnss_nis-2.23.so
7f78fef7f000-7f78ff17e000 ---p 0000b000 08:01 4068284                    /lib/x86_64-linux-gnu/libnss_nis-2.23.so
7f78ff17e000-7f78ff17f000 r--p 0000a000 08:01 4068284                    /lib/x86_64-linux-gnu/libnss_nis-2.23.so
7f78ff17f000-7f78ff180000 rw-p 0000b000 08:01 4068284                    /lib/x86_64-linux-gnu/libnss_nis-2.23.so
7f78ff180000-7f78ff196000 r-xp 00000000 08:01 4068268                    /lib/x86_64-linux-gnu/libnsl-2.23.so
7f78ff196000-7f78ff395000 ---p 00016000 08:01 4068268                    /lib/x86_64-linux-gnu/libnsl-2.23.so
7f78ff395000-7f78ff396000 r--p 00015000 08:01 4068268                    /lib/x86_64-linux-gnu/libnsl-2.23.so
7f78ff396000-7f78ff397000 rw-p 00016000 08:01 4068268                    /lib/x86_64-linux-gnu/libnsl-2.23.so
7f78ff397000-7f78ff399000 rw-p 00000000 00:00 0 
7f78ff399000-7f78ff3a1000 r-xp 00000000 08:01 4068270                    /lib/x86_64-linux-gnu/libnss_compat-2.23.so
7f78ff3a1000-7f78ff5a0000 ---p 00008000 08:01 4068270                    /lib/x86_64-linux-gnu/libnss_compat-2.23.so
7f78ff5a0000-7f78ff5a1000 r--p 00007000 08:01 4068270                    /lib/x86_64-linux-gnu/libnss_compat-2.23.so
7f78ff5a1000-7f78ff5a2000 rw-p 00008000 08:01 4068270                    /lib/x86_64-linux-gnu/libnss_compat-2.23.so
7f78ff5a2000-7f78ff5cf000 r-xp 00000000 08:01 788436                     /usr/lib/jvm/java-8-openjdk-amd64/jre/lib/amd64/libjava.so
7f78ff5cf000-7f78ff7ce000 ---p 0002d000 08:01 788436                     /usr/lib/jvm/java-8-openjdk-amd64/jre/lib/amd64/libjava.so
7f78ff7ce000-7f78ff7cf000 r--p 0002c000 08:01 788436                     /usr/lib/jvm/java-8-openjdk-amd64/jre/lib/amd64/libjava.so
7f78ff7cf000-7f78ff7d1000 rw-p 0002d000 08:01 788436                     /usr/lib/jvm/java-8-openjdk-amd64/jre/lib/amd64/libjava.so
7f78ff7d1000-7f78ff7e0000 r-xp 00000000 08:01 788402                     /usr/lib/jvm/java-8-openjdk-amd64/jre/lib/amd64/libverify.so
7f78ff7e0000-7f78ff9df000 ---p 0000f000 08:01 788402                     /usr/lib/jvm/java-8-openjdk-amd64/jre/lib/amd64/libverify.so
7f78ff9df000-7f78ff9e1000 r--p 0000e000 08:01 788402                     /usr/lib/jvm/java-8-openjdk-amd64/jre/lib/amd64/libverify.so
7f78ff9e1000-7f78ff9e2000 rw-p 00010000 08:01 788402                     /usr/lib/jvm/java-8-openjdk-amd64/jre/lib/amd64/libverify.so
7f78ff9e2000-7f78ff9e3000 ---p 00000000 00:00 0 
7f78ff9e3000-7f79001e3000 rw-p 00000000 00:00 0 
7f79001e3000-7f79001e6000 ---p 00000000 00:00 0 
7f79001e6000-7f79009e4000 rw-p 00000000 00:00 0 
7f79009e4000-7f79009e5000 ---p 00000000 00:00 0 
7f79009e5000-7f79011e5000 rw-p 00000000 00:00 0 
7f79011e5000-7f79011e8000 r-xp 00000000 08:01 4068199                    /lib/x86_64-linux-gnu/libdl-2.23.so
7f79011e8000-7f79013e7000 ---p 00003000 08:01 4068199                    /lib/x86_64-linux-gnu/libdl-2.23.so
7f79013e7000-7f79013e8000 r--p 00002000 08:01 4068199                    /lib/x86_64-linux-gnu/libdl-2.23.so
7f79013e8000-7f79013e9000 rw-p 00003000 08:01 4068199                    /lib/x86_64-linux-gnu/libdl-2.23.so
7f79013e9000-7f79015a9000 r-xp 00000000 08:01 4068175                    /lib/x86_64-linux-gnu/libc-2.23.so
7f79015a9000-7f79017a8000 ---p 001c0000 08:01 4068175                    /lib/x86_64-linux-gnu/libc-2.23.so
7f79017a8000-7f79017ac000 r--p 001bf000 08:01 4068175                    /lib/x86_64-linux-gnu/libc-2.23.so
7f79017ac000-7f79017ae000 rw-p 001c3000 08:01 4068175                    /lib/x86_64-linux-gnu/libc-2.23.so
7f79017ae000-7f79017b2000 rw-p 00000000 00:00 0 
7f79017b2000-7f79017c8000 r-xp 00000000 08:01 4068213                    /lib/x86_64-linux-gnu/libgcc_s.so.1
7f79017c8000-7f79019c7000 ---p 00016000 08:01 4068213                    /lib/x86_64-linux-gnu/libgcc_s.so.1
7f79019c7000-7f79019c8000 rw-p 00015000 08:01 4068213                    /lib/x86_64-linux-gnu/libgcc_s.so.1
7f79019c8000-7f7901ad0000 r-xp 00000000 08:01 4068245                    /lib/x86_64-linux-gnu/libm-2.23.so
7f7901ad0000-7f7901ccf000 ---p 00108000 08:01 4068245                    /lib/x86_64-linux-gnu/libm-2.23.so
7f7901ccf000-7f7901cd0000 r--p 00107000 08:01 4068245                    /lib/x86_64-linux-gnu/libm-2.23.so
7f7901cd0000-7f7901cd1000 rw-p 00108000 08:01 4068245                    /lib/x86_64-linux-gnu/libm-2.23.so
7f7901cd1000-7f7901e43000 r-xp 00000000 08:01 657537                     /usr/lib/x86_64-linux-gnu/libstdc++.so.6.0.21
7f7901e43000-7f7902043000 ---p 00172000 08:01 657537                     /usr/lib/x86_64-linux-gnu/libstdc++.so.6.0.21
7f7902043000-7f790204d000 r--p 00172000 08:01 657537                     /usr/lib/x86_64-linux-gnu/libstdc++.so.6.0.21
7f790204d000-7f790204f000 rw-p 0017c000 08:01 657537                     /usr/lib/x86_64-linux-gnu/libstdc++.so.6.0.21
7f790204f000-7f7902053000 rw-p 00000000 00:00 0 
7f7902053000-7f7902ca3000 r-xp 00000000 08:01 788431                     /usr/lib/jvm/java-8-openjdk-amd64/jre/lib/amd64/server/libjvm.so
7f7902ca3000-7f7902ea2000 ---p 00c50000 08:01 788431                     /usr/lib/jvm/java-8-openjdk-amd64/jre/lib/amd64/server/libjvm.so
7f7902ea2000-7f7902f35000 r--p 00c4f000 08:01 788431                     /usr/lib/jvm/java-8-openjdk-amd64/jre/lib/amd64/server/libjvm.so
7f7902f35000-7f7902f5e000 rw-p 00ce2000 08:01 788431                     /usr/lib/jvm/java-8-openjdk-amd64/jre/lib/amd64/server/libjvm.so
7f7902f5e000-7f7902f8e000 rw-p 00000000 00:00 0 
7f7902f8e000-7f7902f95000 r-xp 00000000 08:01 4068329                    /lib/x86_64-linux-gnu/librt-2.23.so
7f7902f95000-7f7903194000 ---p 00007000 08:01 4068329                    /lib/x86_64-linux-gnu/librt-2.23.so
7f7903194000-7f7903195000 r--p 00006000 08:01 4068329                    /lib/x86_64-linux-gnu/librt-2.23.so
7f7903195000-7f7903196000 rw-p 00007000 08:01 4068329                    /lib/x86_64-linux-gnu/librt-2.23.so
7f7903196000-7f79031ae000 r-xp 00000000 08:01 4068321                    /lib/x86_64-linux-gnu/libpthread-2.23.so
7f79031ae000-7f79033ad000 ---p 00018000 08:01 4068321                    /lib/x86_64-linux-gnu/libpthread-2.23.so
7f79033ad000-7f79033ae000 r--p 00017000 08:01 4068321                    /lib/x86_64-linux-gnu/libpthread-2.23.so
7f79033ae000-7f79033af000 rw-p 00018000 08:01 4068321                    /lib/x86_64-linux-gnu/libpthread-2.23.so
7f79033af000-7f79033b3000 rw-p 00000000 00:00 0 
7f79033b3000-7f79033d9000 r-xp 00000000 08:01 4068147                    /lib/x86_64-linux-gnu/ld-2.23.so
7f79033e1000-7f79033e5000 r--s 00037000 08:01 788455                     /usr/lib/jvm/java-8-openjdk-amd64/jre/lib/ext/sunpkcs11.jar
7f79033e5000-7f79033ef000 r--s 00116000 08:01 788456                     /usr/lib/jvm/java-8-openjdk-amd64/jre/lib/ext/localedata.jar
7f79033ef000-7f79035be000 rw-p 00000000 00:00 0 
7f79035be000-7f79035c0000 r--s 00001000 08:01 788451                     /usr/lib/jvm/java-8-openjdk-amd64/jre/lib/ext/dnsns.jar
7f79035c0000-7f79035c5000 r--s 0003b000 08:01 788467                     /usr/lib/jvm/java-8-openjdk-amd64/jre/lib/ext/sunjce_provider.jar
7f79035c5000-7f79035c8000 r--s 0000f000 08:01 788452                     /usr/lib/jvm/java-8-openjdk-amd64/jre/lib/ext/icedtea-sound.jar
7f79035c8000-7f79035ca000 r--s 00008000 08:01 788449                     /usr/lib/jvm/java-8-openjdk-amd64/jre/lib/ext/sunec.jar
7f79035ca000-7f79035cb000 r--s 00010000 08:01 788454                     /usr/lib/jvm/java-8-openjdk-amd64/jre/lib/ext/zipfs.jar
7f79035cb000-7f79035cc000 r--s 0000a000 08:01 788468                     /usr/lib/jvm/java-8-openjdk-amd64/jre/lib/ext/jaccess.jar
7f79035cc000-7f79035d4000 rw-s 00000000 08:01 3434047                    /tmp/hsperfdata_root/8454
7f79035d4000-7f79035d5000 rw-p 00000000 00:00 0 
7f79035d5000-7f79035d6000 r--p 00000000 00:00 0 
7f79035d6000-7f79035d8000 rw-p 00000000 00:00 0 
7f79035d8000-7f79035d9000 r--p 00025000 08:01 4068147                    /lib/x86_64-linux-gnu/ld-2.23.so
7f79035d9000-7f79035da000 rw-p 00026000 08:01 4068147                    /lib/x86_64-linux-gnu/ld-2.23.so
7f79035da000-7f79035db000 rw-p 00000000 00:00 0 
7fff379c6000-7fff379e7000 rw-p 00000000 00:00 0                          [stack]
7fff379f5000-7fff379f7000 r--p 00000000 00:00 0                          [vvar]
7fff379f7000-7fff379f9000 r-xp 00000000 00:00 0                          [vdso]
ffffffffff600000-ffffffffff601000 r-xp 00000000 00:00 0                  [vsyscall]

VM Arguments:
jvm_args: . 
java_command: <unknown>
java_class_path (initial): <not set>
Launcher Type: generic

Environment Variables:
PATH=/usr/local/sbin:/usr/local/bin:/usr/sbin:/usr/bin:/sbin:/bin
USERNAME=root
SHELL=/bin/bash
DISPLAY=:0

Signal Handlers:
SIGSEGV: [libjvm.so+0xa66fd0], sa_mask[0]=11111111011111111101111111111110, sa_flags=SA_RESTART|SA_SIGINFO
SIGBUS: [libjvm.so+0xa66fd0], sa_mask[0]=11111111011111111101111111111110, sa_flags=SA_RESTART|SA_SIGINFO
SIGFPE: [libjvm.so+0x8b0180], sa_mask[0]=11111111011111111101111111111110, sa_flags=SA_RESTART|SA_SIGINFO
SIGPIPE: [libjvm.so+0x8b0180], sa_mask[0]=11111111011111111101111111111110, sa_flags=SA_RESTART|SA_SIGINFO
SIGXFSZ: [libjvm.so+0x8b0180], sa_mask[0]=11111111011111111101111111111110, sa_flags=SA_RESTART|SA_SIGINFO
SIGILL: [libjvm.so+0x8b0180], sa_mask[0]=11111111011111111101111111111110, sa_flags=SA_RESTART|SA_SIGINFO
SIGUSR1: SIG_DFL, sa_mask[0]=00000000000000000000000000000000, sa_flags=none
SIGUSR2: [libjvm.so+0x8b0030], sa_mask[0]=00000000000000000000000000000000, sa_flags=SA_RESTART|SA_SIGINFO
SIGHUP: [libjvm.so+0x8b0500], sa_mask[0]=11111111011111111101111111111110, sa_flags=SA_RESTART|SA_SIGINFO
SIGINT: [libjvm.so+0x8b0500], sa_mask[0]=11111111011111111101111111111110, sa_flags=SA_RESTART|SA_SIGINFO
SIGTERM: [libjvm.so+0x8b0500], sa_mask[0]=11111111011111111101111111111110, sa_flags=SA_RESTART|SA_SIGINFO
SIGQUIT: [libjvm.so+0x8b0500], sa_mask[0]=11111111011111111101111111111110, sa_flags=SA_RESTART|SA_SIGINFO


---------------  S Y S T E M  ---------------

OS:DISTRIB_ID=Ubuntu
DISTRIB_RELEASE=16.04
DISTRIB_CODENAME=xenial
DISTRIB_DESCRIPTION="Ubuntu 16.04.1 LTS"

uname:Linux 4.4.0-66-generic #87-Ubuntu SMP Fri Mar 3 15:29:05 UTC 2017 x86_64
libc:glibc 2.23 NPTL 2.23 
rlimit: STACK 8192k, CORE 0k, NPROC 23648, NOFILE 65536, AS infinity
load average:0.18 0.25 0.17

/proc/meminfo:
MemTotal:        6093132 kB
MemFree:         3216304 kB
MemAvailable:    4020348 kB
Buffers:          205256 kB
Cached:           834784 kB
SwapCached:            0 kB
Active:          1542500 kB
Inactive:         418340 kB
Active(anon):     921956 kB
Inactive(anon):    84904 kB
Active(file):     620544 kB
Inactive(file):   333436 kB
Unevictable:          16 kB
Mlocked:              16 kB
SwapTotal:       1046524 kB
SwapFree:        1046524 kB
Dirty:                80 kB
Writeback:             0 kB
AnonPages:        920976 kB
Mapped:           287392 kB
Shmem:             86064 kB
Slab:             180268 kB
SReclaimable:     126724 kB
SUnreclaim:        53544 kB
KernelStack:       10960 kB
PageTables:        29344 kB
NFS_Unstable:          0 kB
Bounce:                0 kB
WritebackTmp:          0 kB
CommitLimit:     4093088 kB
Committed_AS:    4186692 kB
VmallocTotal:   34359738367 kB
VmallocUsed:           0 kB
VmallocChunk:          0 kB
HardwareCorrupted:     0 kB
AnonHugePages:    610304 kB
CmaTotal:              0 kB
CmaFree:               0 kB
HugePages_Total:       0
HugePages_Free:        0
HugePages_Rsvd:        0
HugePages_Surp:        0
Hugepagesize:       2048 kB
DirectMap4k:      100160 kB
DirectMap2M:     3045376 kB
DirectMap1G:     5242880 kB


CPU:total 8 (1 cores per cpu, 1 threads per core) family 6 model 94 stepping 3, cmov, cx8, fxsr, mmx, sse, sse2, sse3, ssse3, sse4.1, sse4.2, popcnt, avx, avx2, clmul, erms, rtm, 3dnowpref, lzcnt, tsc, tscinvbit, bmi1, bmi2, adx

/proc/cpuinfo:
processor	: 0
vendor_id	: GenuineIntel
cpu family	: 6
model		: 94
model name	: Intel(R) Core(TM) i7-6820HQ CPU @ 2.70GHz
stepping	: 3
microcode	: 0xa6
cpu MHz		: 2712.005
cache size	: 8192 KB
physical id	: 0
siblings	: 1
core id		: 0
cpu cores	: 1
apicid		: 0
initial apicid	: 0
fpu		: yes
fpu_exception	: yes
cpuid level	: 22
wp		: yes
flags		: fpu vme de pse tsc msr pae mce cx8 apic sep mtrr pge mca cmov pat pse36 clflush dts mmx fxsr sse sse2 ss syscall nx pdpe1gb rdtscp lm constant_tsc arch_perfmon pebs bts nopl xtopology tsc_reliable nonstop_tsc aperfmperf eagerfpu pni pclmulqdq vmx ssse3 fma cx16 pcid sse4_1 sse4_2 x2apic movbe popcnt tsc_deadline_timer xsave avx f16c rdrand hypervisor lahf_lm abm 3dnowprefetch epb tpr_shadow vnmi ept vpid fsgsbase tsc_adjust bmi1 hle avx2 smep bmi2 invpcid rtm rdseed adx smap xsaveopt dtherm ida arat pln pts hwp hwp_notify hwp_act_window hwp_epp
bugs		:
bogomips	: 5424.01
clflush size	: 64
cache_alignment	: 64
address sizes	: 42 bits physical, 48 bits virtual
power management:

processor	: 1
vendor_id	: GenuineIntel
cpu family	: 6
model		: 94
model name	: Intel(R) Core(TM) i7-6820HQ CPU @ 2.70GHz
stepping	: 3
microcode	: 0xa6
cpu MHz		: 2712.005
cache size	: 8192 KB
physical id	: 2
siblings	: 1
core id		: 0
cpu cores	: 1
apicid		: 2
initial apicid	: 2
fpu		: yes
fpu_exception	: yes
cpuid level	: 22
wp		: yes
flags		: fpu vme de pse tsc msr pae mce cx8 apic sep mtrr pge mca cmov pat pse36 clflush dts mmx fxsr sse sse2 ss syscall nx pdpe1gb rdtscp lm constant_tsc arch_perfmon pebs bts nopl xtopology tsc_reliable nonstop_tsc aperfmperf eagerfpu pni pclmulqdq vmx ssse3 fma cx16 pcid sse4_1 sse4_2 x2apic movbe popcnt tsc_deadline_timer xsave avx f16c rdrand hypervisor lahf_lm abm 3dnowprefetch epb tpr_shadow vnmi ept vpid fsgsbase tsc_adjust bmi1 hle avx2 smep bmi2 invpcid rtm rdseed adx smap xsaveopt dtherm ida arat pln pts hwp hwp_notify hwp_act_window hwp_epp
bugs		:
bogomips	: 5424.01
clflush size	: 64
cache_alignment	: 64
address sizes	: 42 bits physical, 48 bits virtual
power management:

processor	: 2
vendor_id	: GenuineIntel
cpu family	: 6
model		: 94
model name	: Intel(R) Core(TM) i7-6820HQ CPU @ 2.70GHz
stepping	: 3
microcode	: 0xa6
cpu MHz		: 2712.005
cache size	: 8192 KB
physical id	: 4
siblings	: 1
core id		: 0
cpu cores	: 1
apicid		: 4
initial apicid	: 4
fpu		: yes
fpu_exception	: yes
cpuid level	: 22
wp		: yes
flags		: fpu vme de pse tsc msr pae mce cx8 apic sep mtrr pge mca cmov pat pse36 clflush dts mmx fxsr sse sse2 ss syscall nx pdpe1gb rdtscp lm constant_tsc arch_perfmon pebs bts nopl xtopology tsc_reliable nonstop_tsc aperfmperf eagerfpu pni pclmulqdq vmx ssse3 fma cx16 pcid sse4_1 sse4_2 x2apic movbe popcnt tsc_deadline_timer xsave avx f16c rdrand hypervisor lahf_lm abm 3dnowprefetch epb tpr_shadow vnmi ept vpid fsgsbase tsc_adjust bmi1 hle avx2 smep bmi2 invpcid rtm rdseed adx smap xsaveopt dtherm ida arat pln pts hwp hwp_notify hwp_act_window hwp_epp
bugs		:
bogomips	: 5424.01
clflush size	: 64
cache_alignment	: 64
address sizes	: 42 bits physical, 48 bits virtual
power management:

processor	: 3
vendor_id	: GenuineIntel
cpu family	: 6
model		: 94
model name	: Intel(R) Core(TM) i7-6820HQ CPU @ 2.70GHz
stepping	: 3
microcode	: 0xa6
cpu MHz		: 2712.005
cache size	: 8192 KB
physical id	: 6
siblings	: 1
core id		: 0
cpu cores	: 1
apicid		: 6
initial apicid	: 6
fpu		: yes
fpu_exception	: yes
cpuid level	: 22
wp		: yes
flags		: fpu vme de pse tsc msr pae mce cx8 apic sep mtrr pge mca cmov pat pse36 clflush dts mmx fxsr sse sse2 ss syscall nx pdpe1gb rdtscp lm constant_tsc arch_perfmon pebs bts nopl xtopology tsc_reliable nonstop_tsc aperfmperf eagerfpu pni pclmulqdq vmx ssse3 fma cx16 pcid sse4_1 sse4_2 x2apic movbe popcnt tsc_deadline_timer xsave avx f16c rdrand hypervisor lahf_lm abm 3dnowprefetch epb tpr_shadow vnmi ept vpid fsgsbase tsc_adjust bmi1 hle avx2 smep bmi2 invpcid rtm rdseed adx smap xsaveopt dtherm ida arat pln pts hwp hwp_notify hwp_act_window hwp_epp
bugs		:
bogomips	: 5424.01
clflush size	: 64
cache_alignment	: 64
address sizes	: 42 bits physical, 48 bits virtual
power management:

processor	: 4
vendor_id	: GenuineIntel
cpu family	: 6
model		: 94
model name	: Intel(R) Core(TM) i7-6820HQ CPU @ 2.70GHz
stepping	: 3
microcode	: 0xa6
cpu MHz		: 2712.005
cache size	: 8192 KB
physical id	: 8
siblings	: 1
core id		: 0
cpu cores	: 1
apicid		: 8
initial apicid	: 8
fpu		: yes
fpu_exception	: yes
cpuid level	: 22
wp		: yes
flags		: fpu vme de pse tsc msr pae mce cx8 apic sep mtrr pge mca cmov pat pse36 clflush dts mmx fxsr sse sse2 ss syscall nx pdpe1gb rdtscp lm constant_tsc arch_perfmon pebs bts nopl xtopology tsc_reliable nonstop_tsc aperfmperf eagerfpu pni pclmulqdq vmx ssse3 fma cx16 pcid sse4_1 sse4_2 x2apic movbe popcnt tsc_deadline_timer xsave avx f16c rdrand hypervisor lahf_lm abm 3dnowprefetch epb tpr_shadow vnmi ept vpid fsgsbase tsc_adjust bmi1 hle avx2 smep bmi2 invpcid rtm rdseed adx smap xsaveopt dtherm ida arat pln pts hwp hwp_notify hwp_act_window hwp_epp
bugs		:
bogomips	: 5424.01
clflush size	: 64
cache_alignment	: 64
address sizes	: 42 bits physical, 48 bits virtual
power management:

processor	: 5
vendor_id	: GenuineIntel
cpu family	: 6
model		: 94
model name	: Intel(R) Core(TM) i7-6820HQ CPU @ 2.70GHz
stepping	: 3
microcode	: 0xa6
cpu MHz		: 2712.005
cache size	: 8192 KB
physical id	: 10
siblings	: 1
core id		: 0
cpu cores	: 1
apicid		: 10
initial apicid	: 10
fpu		: yes
fpu_exception	: yes
cpuid level	: 22
wp		: yes
flags		: fpu vme de pse tsc msr pae mce cx8 apic sep mtrr pge mca cmov pat pse36 clflush dts mmx fxsr sse sse2 ss syscall nx pdpe1gb rdtscp lm constant_tsc arch_perfmon pebs bts nopl xtopology tsc_reliable nonstop_tsc aperfmperf eagerfpu pni pclmulqdq vmx ssse3 fma cx16 pcid sse4_1 sse4_2 x2apic movbe popcnt tsc_deadline_timer xsave avx f16c rdrand hypervisor lahf_lm abm 3dnowprefetch epb tpr_shadow vnmi ept vpid fsgsbase tsc_adjust bmi1 hle avx2 smep bmi2 invpcid rtm rdseed adx smap xsaveopt dtherm ida arat pln pts hwp hwp_notify hwp_act_window hwp_epp
bugs		:
bogomips	: 5424.01
clflush size	: 64
cache_alignment	: 64
address sizes	: 42 bits physical, 48 bits virtual
power management:

processor	: 6
vendor_id	: GenuineIntel
cpu family	: 6
model		: 94
model name	: Intel(R) Core(TM) i7-6820HQ CPU @ 2.70GHz
stepping	: 3
microcode	: 0xa6
cpu MHz		: 2712.005
cache size	: 8192 KB
physical id	: 12
siblings	: 1
core id		: 0
cpu cores	: 1
apicid		: 12
initial apicid	: 12
fpu		: yes
fpu_exception	: yes
cpuid level	: 22
wp		: yes
flags		: fpu vme de pse tsc msr pae mce cx8 apic sep mtrr pge mca cmov pat pse36 clflush dts mmx fxsr sse sse2 ss syscall nx pdpe1gb rdtscp lm constant_tsc arch_perfmon pebs bts nopl xtopology tsc_reliable nonstop_tsc aperfmperf eagerfpu pni pclmulqdq vmx ssse3 fma cx16 pcid sse4_1 sse4_2 x2apic movbe popcnt tsc_deadline_timer xsave avx f16c rdrand hypervisor lahf_lm abm 3dnowprefetch epb tpr_shadow vnmi ept vpid fsgsbase tsc_adjust bmi1 hle avx2 smep bmi2 invpcid rtm rdseed adx smap xsaveopt dtherm ida arat pln pts hwp hwp_notify hwp_act_window hwp_epp
bugs		:
bogomips	: 5424.01
clflush size	: 64
cache_alignment	: 64
address sizes	: 42 bits physical, 48 bits virtual
power management:

processor	: 7
vendor_id	: GenuineIntel
cpu family	: 6
model		: 94
model name	: Intel(R) Core(TM) i7-6820HQ CPU @ 2.70GHz
stepping	: 3
microcode	: 0xa6
cpu MHz		: 2712.005
cache size	: 8192 KB
physical id	: 14
siblings	: 1
core id		: 0
cpu cores	: 1
apicid		: 14
initial apicid	: 14
fpu		: yes
fpu_exception	: yes
cpuid level	: 22
wp		: yes
flags		: fpu vme de pse tsc msr pae mce cx8 apic sep mtrr pge mca cmov pat pse36 clflush dts mmx fxsr sse sse2 ss syscall nx pdpe1gb rdtscp lm constant_tsc arch_perfmon pebs bts nopl xtopology tsc_reliable nonstop_tsc aperfmperf eagerfpu pni pclmulqdq vmx ssse3 fma cx16 pcid sse4_1 sse4_2 x2apic movbe popcnt tsc_deadline_timer xsave avx f16c rdrand hypervisor lahf_lm abm 3dnowprefetch epb tpr_shadow vnmi ept vpid fsgsbase tsc_adjust bmi1 hle avx2 smep bmi2 invpcid rtm rdseed adx smap xsaveopt dtherm ida arat pln pts hwp hwp_notify hwp_act_window hwp_epp
bugs		:
bogomips	: 5424.01
clflush size	: 64
cache_alignment	: 64
address sizes	: 42 bits physical, 48 bits virtual
power management:



Memory: 4k page, physical 6093132k(3216304k free), swap 1046524k(1046524k free)

vm_info: OpenJDK 64-Bit Server VM (25.121-b13) for linux-amd64 JRE (1.8.0_121-8u121-b13-0ubuntu1.16.04.2-b13), built on Jan 23 2017 15:51:29 by "buildd" with gcc 5.4.0 20160609

time: Sat Mar 18 10:55:08 2017
elapsed time: 1 seconds (0d 0h 0m 1s)

