#
# A fatal error has been detected by the Java Runtime Environment:
#
#  SIGSEGV (0xb) at pc=0x0000000000000000, pid=10773, tid=0x00007f2fabfff700
#
# JRE version: OpenJDK Runtime Environment (8.0_121-b13) (build 1.8.0_121-8u121-b13-0ubuntu1.16.04.2-b13)
# Java VM: OpenJDK 64-Bit Server VM (25.121-b13 mixed mode linux-amd64 compressed oops)
# Problematic frame:
# C  0x0000000000000000
#
# Failed to write core dump. Core dumps have been disabled. To enable core dumping, try "ulimit -c unlimited" before starting Java again
#
# If you would like to submit a bug report, please visit:
#   http://bugreport.java.com/bugreport/crash.jsp
#

---------------  T H R E A D  ---------------

Current thread is native thread

siginfo: si_signo: 11 (SIGSEGV), si_code: 1 (SEGV_MAPERR), si_addr: 0x0000000000000000

Registers:
RAX=0x0000000000000000, RBX=0x000000001ede6193, RCX=0x0000000000000000, RDX=0x0000000000483b00
RSP=0x00007f2fabffedd8, RBP=0x00007f2fabffedf0, RSI=0x00007f3012f84780, RDI=0x0000000000483b00
R8 =0x00007f3012f84780, R9 =0x00007f2fabfff700, R10=0x6270000000000000, R11=0x0000000000000202
R12=0x0000000000000000, R13=0x00007ffeee7eca1f, R14=0x00007f2fabfff9c0, R15=0x0000000000000000
RIP=0x0000000000000000, EFLAGS=0x0000000000010206, CSGSFS=0xbff9000000000033, ERR=0x0000000000000014
  TRAPNO=0x000000000000000e

Top of Stack: (sp=0x00007f2fabffedd8)
0x00007f2fabffedd8:   000000000047df46 00007f2fabffee00
0x00007f2fabffede8:   0000000000483b00 00007f2fabffee40
0x00007f2fabffedf8:   000000000044fdf2 00007f2fabffee20
0x00007f2fabffee08:   0000000000000064 00007f2fabffee40
0x00007f2fabffee18:   00054aff54459e6d 0000000000000015
0x00007f2fabffee28:   0000000000483b00 0000000000000000
0x00007f2fabffee38:   000000001ede103e 00007f2fabffeec0
0x00007f2fabffee48:   0000000000446b51 0000000000000000
0x00007f2fabffee58:   0000000000ea5020 0000000000000000
0x00007f2fabffee68:   0000000000000000 00054aff54459e6d
0x00007f2fabffee78:   00000000000011db 00054aff54459e6d
0x00007f2fabffee88:   000000000000006e 0000000058cd156e
0x00007f2fabffee98:   000000001e576949 0000000000000000
0x00007f2fabffeea8:   780d4d9d429c0d00 0000000000000000
0x00007f2fabffeeb8:   0000000000000000 00007f2fabffef10
0x00007f2fabffeec8:   0000000000416322 0000000000000000
0x00007f2fabffeed8:   0000000000ea5020 0000000000000000
0x00007f2fabffeee8:   0000000000ea5020 0000000000000000
0x00007f2fabffeef8:   0000000000000000 0000000000000000
0x00007f2fabffef08:   780d4d9d429c0d00 0000000000000000
0x00007f2fabffef18:   00007f30149736fa 0000000000000000
0x00007f2fabffef28:   00007f2fabfff700 00007f2fabfff700
0x00007f2fabffef38:   6f85bde047223e23 0000000000000000
0x00007f2fabffef48:   00007ffeee7eca1f 00007f2fabfff9c0
0x00007f2fabffef58:   0000000000000000 91daea1f99623e23
0x00007f2fabffef68:   91e594ce2a583e23 0000000000000000
0x00007f2fabffef78:   0000000000000000 0000000000000000
0x00007f2fabffef88:   0000000000000000 0000000000000000
0x00007f2fabffef98:   0000000000000000 0000000000000000
0x00007f2fabffefa8:   0000000000000000 00007f2fabfff700
0x00007f2fabffefb8:   00007f3012cc5b5d 0000000000000000
0x00007f2fabffefc8:   0000000000000000 0000000000000000 

Instructions: (pc=0x0000000000000000)
0xffffffffffffffe0:   

Register to memory mapping:

RAX=0x0000000000000000 is an unknown value
RBX=0x000000001ede6193 is an unknown value
RCX=0x0000000000000000 is an unknown value
RDX=0x0000000000483b00: <offset 0x83b00> in ./main at 0x0000000000400000
RSP=0x00007f2fabffedd8 is an unknown value
RBP=0x00007f2fabffedf0 is an unknown value
RSI=0x00007f3012f84780: <offset 0x3c5780> in /lib/x86_64-linux-gnu/libc.so.6 at 0x00007f3012bbf000
RDI=0x0000000000483b00: <offset 0x83b00> in ./main at 0x0000000000400000
R8 =0x00007f3012f84780: <offset 0x3c5780> in /lib/x86_64-linux-gnu/libc.so.6 at 0x00007f3012bbf000
R9 =0x00007f2fabfff700 is an unknown value
R10=0x6270000000000000 is an unknown value
R11=0x0000000000000202 is an unknown value
R12=0x0000000000000000 is an unknown value
R13=0x00007ffeee7eca1f is an unknown value
R14=0x00007f2fabfff9c0 is an unknown value
R15=0x0000000000000000 is an unknown value


Stack: [0x00007f2fab7ff000,0x00007f2fac000000],  sp=0x00007f2fabffedd8,  free space=8191k

---------------  P R O C E S S  ---------------

VM state:not at safepoint (normal execution)

VM Mutex/Monitor currently owned by a thread: None

Heap:
 PSYoungGen      total 28160K, used 6459K [0x00000000e1000000, 0x00000000e2f00000, 0x0000000100000000)
  eden space 24576K, 26% used [0x00000000e1000000,0x00000000e164ec78,0x00000000e2800000)
  from space 3584K, 0% used [0x00000000e2b80000,0x00000000e2b80000,0x00000000e2f00000)
  to   space 3584K, 0% used [0x00000000e2800000,0x00000000e2800000,0x00000000e2b80000)
 ParOldGen       total 64512K, used 0K [0x00000000a3000000, 0x00000000a6f00000, 0x00000000e1000000)
  object space 64512K, 0% used [0x00000000a3000000,0x00000000a3000000,0x00000000a6f00000)
 Metaspace       used 2823K, capacity 4780K, committed 5120K, reserved 1056768K
  class space    used 283K, capacity 424K, committed 512K, reserved 1048576K

Card table byte_map: [0x00007f300b957000,0x00007f300bc40000] byte_map_base: 0x00007f300b43f000

Marking Bits: (ParMarkBitMap*) 0x00007f3014747220
 Begin Bits: [0x00007f30081e0000, 0x00007f3009920000)
 End Bits:   [0x00007f3009920000, 0x00007f300b060000)

Polling page: 0x00007f3014dab000

CodeCache: size=245760Kb used=1445Kb max_used=1455Kb free=244314Kb
 bounds [0x00007f2ff5000000, 0x00007f2ff5270000, 0x00007f3004000000]
 total_blobs=421 nmethods=161 adapters=175
 compilation: enabled

Compilation events (10 events):
Event: 2.019 Thread 0x00007f300c0d2000 nmethod 157 0x00007f2ff5168cd0 code [0x00007f2ff5168e40, 0x00007f2ff51690a8]
Event: 2.020 Thread 0x00007f300c0c8800 nmethod 156 0x00007f2ff51674d0 code [0x00007f2ff5167620, 0x00007f2ff5167718]
Event: 2.110 Thread 0x00007f300c0d2000  158       3       ch.ethz.rtc.kernel.CurveSubSegmentIterator::next (273 bytes)
Event: 2.111 Thread 0x00007f300c0d2000 nmethod 158 0x00007f2ff516ad10 code [0x00007f2ff516b040, 0x00007f2ff516c1e8]
Event: 2.199 Thread 0x00007f300c0cd800  159       4       java.lang.AbstractStringBuilder::append (50 bytes)
Event: 2.202 Thread 0x00007f300c0cd800 nmethod 159 0x00007f2ff5166bd0 code [0x00007f2ff5166d40, 0x00007f2ff5167188]
Event: 2.320 Thread 0x00007f300c0d2000  160       3       ch.ethz.rtc.kernel.CurveSubSegmentIterator::xStart (20 bytes)
Event: 2.320 Thread 0x00007f300c0d2000 nmethod 160 0x00007f2ff5168810 code [0x00007f2ff5168980, 0x00007f2ff5168be8]
Event: 2.320 Thread 0x00007f300c0d2000  161       3       ch.ethz.rtc.kernel.CurveSubSegmentIterator::sB (23 bytes)
Event: 2.320 Thread 0x00007f300c0d2000 nmethod 161 0x00007f2ff5168250 code [0x00007f2ff51683e0, 0x00007f2ff51686c8]

GC Heap History (0 events):
No events

Deoptimization events (6 events):
Event: 0.144 Thread 0x00007f300c01d000 Uncommon trap: reason=unstable_if action=reinterpret pc=0x00007f2ff5126878 method=java.util.ArrayList.ensureExplicitCapacity(I)V @ 17
Event: 0.147 Thread 0x00007f300c01d000 Uncommon trap: reason=unstable_if action=reinterpret pc=0x00007f2ff513bac4 method=ch.ethz.rtc.kernel.util.DoubleMath.gt(DD)Z @ 7
Event: 0.159 Thread 0x00007f300c01d000 Uncommon trap: reason=unstable_if action=reinterpret pc=0x00007f2ff5147184 method=ch.ethz.rtc.kernel.Segment.yAt(D)D @ 15
Event: 0.160 Thread 0x00007f300c01d000 Uncommon trap: reason=unstable_if action=reinterpret pc=0x00007f2ff51224ec method=java.lang.Math.min(DD)D @ 36
Event: 0.160 Thread 0x00007f300c01d000 Uncommon trap: reason=unstable_if action=reinterpret pc=0x00007f2ff51260d8 method=ch.ethz.rtc.kernel.Segment.yAt(D)D @ 50
Event: 0.160 Thread 0x00007f300c01d000 Uncommon trap: reason=unstable_if action=reinterpret pc=0x00007f2ff512c398 method=java.lang.Math.min(DD)D @ 36

Internal exceptions (2 events):
Event: 0.040 Thread 0x00007f300c01d000 Exception <a 'java/lang/NoSuchMethodError': Method sun.misc.Unsafe.defineClass(Ljava/lang/String;[BII)Ljava/lang/Class; name or signature does not match> (0x00000000e1007ca8) thrown at [/build/openjdk-8-YiEakL/openjdk-8-8u121-b13/src/hotspot/src/share/vm/
Event: 0.040 Thread 0x00007f300c01d000 Exception <a 'java/lang/NoSuchMethodError': Method sun.misc.Unsafe.prefetchRead(Ljava/lang/Object;J)V name or signature does not match> (0x00000000e1007f90) thrown at [/build/openjdk-8-YiEakL/openjdk-8-8u121-b13/src/hotspot/src/share/vm/prims/jni.cpp, lin

Events (10 events):
Event: 0.161 loading class sun/misc/FloatingDecimal$BinaryToASCIIBuffer
Event: 0.162 loading class sun/misc/FloatingDecimal$BinaryToASCIIBuffer done
Event: 0.162 loading class sun/misc/FloatingDecimal$1
Event: 0.162 loading class sun/misc/FloatingDecimal$1 done
Event: 0.162 loading class sun/misc/FloatingDecimal$PreparedASCIIToBinaryBuffer
Event: 0.162 loading class sun/misc/FloatingDecimal$ASCIIToBinaryConverter
Event: 0.162 loading class sun/misc/FloatingDecimal$ASCIIToBinaryConverter done
Event: 0.162 loading class sun/misc/FloatingDecimal$PreparedASCIIToBinaryBuffer done
Event: 0.163 loading class sun/misc/FDBigInteger
Event: 0.163 loading class sun/misc/FDBigInteger done


Dynamic libraries:
00400000-004b3000 r-xp 00000000 08:01 3173152                            /home/long/Code/trunk/main
006b3000-006b4000 r--p 000b3000 08:01 3173152                            /home/long/Code/trunk/main
006b4000-006b5000 rw-p 000b4000 08:01 3173152                            /home/long/Code/trunk/main
00e88000-00ee6000 rw-p 00000000 00:00 0                                  [heap]
a3000000-a6f00000 rw-p 00000000 00:00 0 
a6f00000-e1000000 ---p 00000000 00:00 0 
e1000000-e2f00000 rw-p 00000000 00:00 0 
e2f00000-100000000 ---p 00000000 00:00 0 
100000000-100080000 rw-p 00000000 00:00 0 
100080000-140000000 ---p 00000000 00:00 0 
7f2fa0000000-7f2fa0021000 rw-p 00000000 00:00 0 
7f2fa0021000-7f2fa4000000 ---p 00000000 00:00 0 
7f2fa4000000-7f2fa4021000 rw-p 00000000 00:00 0 
7f2fa4021000-7f2fa8000000 ---p 00000000 00:00 0 
7f2faaffe000-7f2faafff000 ---p 00000000 00:00 0 
7f2faafff000-7f2fab7ff000 rw-p 00000000 00:00 0 
7f2fab7ff000-7f2fab800000 ---p 00000000 00:00 0 
7f2fab800000-7f2fac000000 rw-p 00000000 00:00 0 
7f2fac000000-7f2fac0de000 rw-p 00000000 00:00 0 
7f2fac0de000-7f2fb0000000 ---p 00000000 00:00 0 
7f2fb0000000-7f2fb0021000 rw-p 00000000 00:00 0 
7f2fb0021000-7f2fb4000000 ---p 00000000 00:00 0 
7f2fb4000000-7f2fb413e000 rw-p 00000000 00:00 0 
7f2fb413e000-7f2fb8000000 ---p 00000000 00:00 0 
7f2fb8000000-7f2fb80e3000 rw-p 00000000 00:00 0 
7f2fb80e3000-7f2fbc000000 ---p 00000000 00:00 0 
7f2fbc000000-7f2fbc021000 rw-p 00000000 00:00 0 
7f2fbc021000-7f2fc0000000 ---p 00000000 00:00 0 
7f2fc0000000-7f2fc019b000 rw-p 00000000 00:00 0 
7f2fc019b000-7f2fc4000000 ---p 00000000 00:00 0 
7f2fc4000000-7f2fc4021000 rw-p 00000000 00:00 0 
7f2fc4021000-7f2fc8000000 ---p 00000000 00:00 0 
7f2fc8000000-7f2fc8021000 rw-p 00000000 00:00 0 
7f2fc8021000-7f2fcc000000 ---p 00000000 00:00 0 
7f2fcc000000-7f2fcc021000 rw-p 00000000 00:00 0 
7f2fcc021000-7f2fd0000000 ---p 00000000 00:00 0 
7f2fd0384000-7f2fd0385000 ---p 00000000 00:00 0 
7f2fd0385000-7f2fd0b85000 rw-p 00000000 00:00 0 
7f2fd0b85000-7f2fd0b86000 ---p 00000000 00:00 0 
7f2fd0b86000-7f2fd1386000 rw-p 00000000 00:00 0 
7f2fd1386000-7f2fd13a1000 r--s 00394000 08:01 788453                     /usr/lib/jvm/java-8-openjdk-amd64/jre/lib/ext/cldrdata.jar
7f2fd13a1000-7f2fd13bc000 r--s 001d6000 08:01 788450                     /usr/lib/jvm/java-8-openjdk-amd64/jre/lib/ext/nashorn.jar
7f2fd13bc000-7f2fd13bd000 ---p 00000000 00:00 0 
7f2fd13bd000-7f2fd14bd000 rw-p 00000000 00:00 0 
7f2fd14bd000-7f2fd14c0000 ---p 00000000 00:00 0 
7f2fd14c0000-7f2fd15be000 rw-p 00000000 00:00 0 
7f2fd15be000-7f2fd15c1000 ---p 00000000 00:00 0 
7f2fd15c1000-7f2fd16bf000 rw-p 00000000 00:00 0 
7f2fd16bf000-7f2fd16c2000 ---p 00000000 00:00 0 
7f2fd16c2000-7f2fd17c0000 rw-p 00000000 00:00 0 
7f2fd17c0000-7f2fd17c3000 ---p 00000000 00:00 0 
7f2fd17c3000-7f2fd18c1000 rw-p 00000000 00:00 0 
7f2fd18c1000-7f2fd18c4000 ---p 00000000 00:00 0 
7f2fd18c4000-7f2fd19c2000 rw-p 00000000 00:00 0 
7f2fd19c2000-7f2fd19c5000 ---p 00000000 00:00 0 
7f2fd19c5000-7f2fd1ac3000 rw-p 00000000 00:00 0 
7f2fd1ac3000-7f2fd2482000 r--p 00000000 08:01 663045                     /usr/lib/locale/locale-archive
7f2fd2482000-7f2fd2485000 ---p 00000000 00:00 0 
7f2fd2485000-7f2fd2583000 rw-p 00000000 00:00 0 
7f2fd2583000-7f2fd2586000 ---p 00000000 00:00 0 
7f2fd2586000-7f2fd2684000 rw-p 00000000 00:00 0 
7f2fd2684000-7f2fd2685000 ---p 00000000 00:00 0 
7f2fd2685000-7f2fd4000000 rw-p 00000000 00:00 0 
7f2fd4000000-7f2fd4021000 rw-p 00000000 00:00 0 
7f2fd4021000-7f2fd8000000 ---p 00000000 00:00 0 
7f2fd8000000-7f2fd8021000 rw-p 00000000 00:00 0 
7f2fd8021000-7f2fdc000000 ---p 00000000 00:00 0 
7f2fdc000000-7f2fdc021000 rw-p 00000000 00:00 0 
7f2fdc021000-7f2fe0000000 ---p 00000000 00:00 0 
7f2fe0000000-7f2fe0021000 rw-p 00000000 00:00 0 
7f2fe0021000-7f2fe4000000 ---p 00000000 00:00 0 
7f2fe4000000-7f2fe4021000 rw-p 00000000 00:00 0 
7f2fe4021000-7f2fe8000000 ---p 00000000 00:00 0 
7f2fe8000000-7f2fe8021000 rw-p 00000000 00:00 0 
7f2fe8021000-7f2fec000000 ---p 00000000 00:00 0 
7f2fec000000-7f2fec021000 rw-p 00000000 00:00 0 
7f2fec021000-7f2ff0000000 ---p 00000000 00:00 0 
7f2ff0000000-7f2ff0021000 rw-p 00000000 00:00 0 
7f2ff0021000-7f2ff4000000 ---p 00000000 00:00 0 
7f2ff4005000-7f2ff434a000 rw-p 00000000 00:00 0 
7f2ff434a000-7f2ff4518000 r--s 03c06000 08:01 788474                     /usr/lib/jvm/java-8-openjdk-amd64/jre/lib/rt.jar
7f2ff4518000-7f2ff4998000 rw-p 00000000 00:00 0 
7f2ff4998000-7f2ff4d18000 ---p 00000000 00:00 0 
7f2ff4d18000-7f2ff5000000 rw-p 00000000 00:00 0 
7f2ff5000000-7f2ff5270000 rwxp 00000000 00:00 0 
7f2ff5270000-7f3004000000 ---p 00000000 00:00 0 
7f3004000000-7f3004021000 rw-p 00000000 00:00 0 
7f3004021000-7f3008000000 ---p 00000000 00:00 0 
7f3008016000-7f300b060000 rw-p 00000000 00:00 0 
7f300b060000-7f300b061000 ---p 00000000 00:00 0 
7f300b061000-7f300b161000 rw-p 00000000 00:00 0 
7f300b161000-7f300b162000 ---p 00000000 00:00 0 
7f300b162000-7f300b262000 rw-p 00000000 00:00 0 
7f300b262000-7f300b263000 ---p 00000000 00:00 0 
7f300b263000-7f300b363000 rw-p 00000000 00:00 0 
7f300b363000-7f300b364000 ---p 00000000 00:00 0 
7f300b364000-7f300b464000 rw-p 00000000 00:00 0 
7f300b464000-7f300b465000 ---p 00000000 00:00 0 
7f300b465000-7f300b565000 rw-p 00000000 00:00 0 
7f300b565000-7f300b566000 ---p 00000000 00:00 0 
7f300b566000-7f300b666000 rw-p 00000000 00:00 0 
7f300b666000-7f300b667000 ---p 00000000 00:00 0 
7f300b667000-7f300b787000 rw-p 00000000 00:00 0 
7f300b787000-7f300b957000 ---p 00000000 00:00 0 
7f300b957000-7f300b977000 rw-p 00000000 00:00 0 
7f300b977000-7f300bb47000 ---p 00000000 00:00 0 
7f300bb47000-7f300bb57000 rw-p 00000000 00:00 0 
7f300bb57000-7f300bc3f000 ---p 00000000 00:00 0 
7f300bc3f000-7f300bc4a000 rw-p 00000000 00:00 0 
7f300bc4a000-7f300c000000 ---p 00000000 00:00 0 
7f300c000000-7f300c19b000 rw-p 00000000 00:00 0 
7f300c19b000-7f3010000000 ---p 00000000 00:00 0 
7f3010014000-7f3010015000 ---p 00000000 00:00 0 
7f3010015000-7f3010115000 rw-p 00000000 00:00 0 
7f3010115000-7f301012e000 r-xp 00000000 08:01 4068366                    /lib/x86_64-linux-gnu/libz.so.1.2.8
7f301012e000-7f301032d000 ---p 00019000 08:01 4068366                    /lib/x86_64-linux-gnu/libz.so.1.2.8
7f301032d000-7f301032e000 r--p 00018000 08:01 4068366                    /lib/x86_64-linux-gnu/libz.so.1.2.8
7f301032e000-7f301032f000 rw-p 00019000 08:01 4068366                    /lib/x86_64-linux-gnu/libz.so.1.2.8
7f301032f000-7f3010337000 r-xp 00000000 08:01 788409                     /usr/lib/jvm/java-8-openjdk-amd64/jre/lib/amd64/libzip.so
7f3010337000-7f3010536000 ---p 00008000 08:01 788409                     /usr/lib/jvm/java-8-openjdk-amd64/jre/lib/amd64/libzip.so
7f3010536000-7f3010537000 r--p 00007000 08:01 788409                     /usr/lib/jvm/java-8-openjdk-amd64/jre/lib/amd64/libzip.so
7f3010537000-7f3010538000 rw-p 00008000 08:01 788409                     /usr/lib/jvm/java-8-openjdk-amd64/jre/lib/amd64/libzip.so
7f3010538000-7f3010543000 r-xp 00000000 08:01 4068274                    /lib/x86_64-linux-gnu/libnss_files-2.23.so
7f3010543000-7f3010742000 ---p 0000b000 08:01 4068274                    /lib/x86_64-linux-gnu/libnss_files-2.23.so
7f3010742000-7f3010743000 r--p 0000a000 08:01 4068274                    /lib/x86_64-linux-gnu/libnss_files-2.23.so
7f3010743000-7f3010744000 rw-p 0000b000 08:01 4068274                    /lib/x86_64-linux-gnu/libnss_files-2.23.so
7f3010744000-7f301074a000 rw-p 00000000 00:00 0 
7f301074a000-7f3010755000 r-xp 00000000 08:01 4068284                    /lib/x86_64-linux-gnu/libnss_nis-2.23.so
7f3010755000-7f3010954000 ---p 0000b000 08:01 4068284                    /lib/x86_64-linux-gnu/libnss_nis-2.23.so
7f3010954000-7f3010955000 r--p 0000a000 08:01 4068284                    /lib/x86_64-linux-gnu/libnss_nis-2.23.so
7f3010955000-7f3010956000 rw-p 0000b000 08:01 4068284                    /lib/x86_64-linux-gnu/libnss_nis-2.23.so
7f3010956000-7f301096c000 r-xp 00000000 08:01 4068268                    /lib/x86_64-linux-gnu/libnsl-2.23.so
7f301096c000-7f3010b6b000 ---p 00016000 08:01 4068268                    /lib/x86_64-linux-gnu/libnsl-2.23.so
7f3010b6b000-7f3010b6c000 r--p 00015000 08:01 4068268                    /lib/x86_64-linux-gnu/libnsl-2.23.so
7f3010b6c000-7f3010b6d000 rw-p 00016000 08:01 4068268                    /lib/x86_64-linux-gnu/libnsl-2.23.so
7f3010b6d000-7f3010b6f000 rw-p 00000000 00:00 0 
7f3010b6f000-7f3010b77000 r-xp 00000000 08:01 4068270                    /lib/x86_64-linux-gnu/libnss_compat-2.23.so
7f3010b77000-7f3010d76000 ---p 00008000 08:01 4068270                    /lib/x86_64-linux-gnu/libnss_compat-2.23.so
7f3010d76000-7f3010d77000 r--p 00007000 08:01 4068270                    /lib/x86_64-linux-gnu/libnss_compat-2.23.so
7f3010d77000-7f3010d78000 rw-p 00008000 08:01 4068270                    /lib/x86_64-linux-gnu/libnss_compat-2.23.so
7f3010d78000-7f3010da5000 r-xp 00000000 08:01 788436                     /usr/lib/jvm/java-8-openjdk-amd64/jre/lib/amd64/libjava.so
7f3010da5000-7f3010fa4000 ---p 0002d000 08:01 788436                     /usr/lib/jvm/java-8-openjdk-amd64/jre/lib/amd64/libjava.so
7f3010fa4000-7f3010fa5000 r--p 0002c000 08:01 788436                     /usr/lib/jvm/java-8-openjdk-amd64/jre/lib/amd64/libjava.so
7f3010fa5000-7f3010fa7000 rw-p 0002d000 08:01 788436                     /usr/lib/jvm/java-8-openjdk-amd64/jre/lib/amd64/libjava.so
7f3010fa7000-7f3010fb6000 r-xp 00000000 08:01 788402                     /usr/lib/jvm/java-8-openjdk-amd64/jre/lib/amd64/libverify.so
7f3010fb6000-7f30111b5000 ---p 0000f000 08:01 788402                     /usr/lib/jvm/java-8-openjdk-amd64/jre/lib/amd64/libverify.so
7f30111b5000-7f30111b7000 r--p 0000e000 08:01 788402                     /usr/lib/jvm/java-8-openjdk-amd64/jre/lib/amd64/libverify.so
7f30111b7000-7f30111b8000 rw-p 00010000 08:01 788402                     /usr/lib/jvm/java-8-openjdk-amd64/jre/lib/amd64/libverify.so
7f30111b8000-7f30111b9000 ---p 00000000 00:00 0 
7f30111b9000-7f30119b9000 rw-p 00000000 00:00 0 
7f30119b9000-7f30119bc000 ---p 00000000 00:00 0 
7f30119bc000-7f30121ba000 rw-p 00000000 00:00 0 
7f30121ba000-7f30121bb000 ---p 00000000 00:00 0 
7f30121bb000-7f30129bb000 rw-p 00000000 00:00 0 
7f30129bb000-7f30129be000 r-xp 00000000 08:01 4068199                    /lib/x86_64-linux-gnu/libdl-2.23.so
7f30129be000-7f3012bbd000 ---p 00003000 08:01 4068199                    /lib/x86_64-linux-gnu/libdl-2.23.so
7f3012bbd000-7f3012bbe000 r--p 00002000 08:01 4068199                    /lib/x86_64-linux-gnu/libdl-2.23.so
7f3012bbe000-7f3012bbf000 rw-p 00003000 08:01 4068199                    /lib/x86_64-linux-gnu/libdl-2.23.so
7f3012bbf000-7f3012d7f000 r-xp 00000000 08:01 4068175                    /lib/x86_64-linux-gnu/libc-2.23.so
7f3012d7f000-7f3012f7e000 ---p 001c0000 08:01 4068175                    /lib/x86_64-linux-gnu/libc-2.23.so
7f3012f7e000-7f3012f82000 r--p 001bf000 08:01 4068175                    /lib/x86_64-linux-gnu/libc-2.23.so
7f3012f82000-7f3012f84000 rw-p 001c3000 08:01 4068175                    /lib/x86_64-linux-gnu/libc-2.23.so
7f3012f84000-7f3012f88000 rw-p 00000000 00:00 0 
7f3012f88000-7f3012f9e000 r-xp 00000000 08:01 4068213                    /lib/x86_64-linux-gnu/libgcc_s.so.1
7f3012f9e000-7f301319d000 ---p 00016000 08:01 4068213                    /lib/x86_64-linux-gnu/libgcc_s.so.1
7f301319d000-7f301319e000 rw-p 00015000 08:01 4068213                    /lib/x86_64-linux-gnu/libgcc_s.so.1
7f301319e000-7f30132a6000 r-xp 00000000 08:01 4068245                    /lib/x86_64-linux-gnu/libm-2.23.so
7f30132a6000-7f30134a5000 ---p 00108000 08:01 4068245                    /lib/x86_64-linux-gnu/libm-2.23.so
7f30134a5000-7f30134a6000 r--p 00107000 08:01 4068245                    /lib/x86_64-linux-gnu/libm-2.23.so
7f30134a6000-7f30134a7000 rw-p 00108000 08:01 4068245                    /lib/x86_64-linux-gnu/libm-2.23.so
7f30134a7000-7f3013619000 r-xp 00000000 08:01 657537                     /usr/lib/x86_64-linux-gnu/libstdc++.so.6.0.21
7f3013619000-7f3013819000 ---p 00172000 08:01 657537                     /usr/lib/x86_64-linux-gnu/libstdc++.so.6.0.21
7f3013819000-7f3013823000 r--p 00172000 08:01 657537                     /usr/lib/x86_64-linux-gnu/libstdc++.so.6.0.21
7f3013823000-7f3013825000 rw-p 0017c000 08:01 657537                     /usr/lib/x86_64-linux-gnu/libstdc++.so.6.0.21
7f3013825000-7f3013829000 rw-p 00000000 00:00 0 
7f3013829000-7f3014479000 r-xp 00000000 08:01 788431                     /usr/lib/jvm/java-8-openjdk-amd64/jre/lib/amd64/server/libjvm.so
7f3014479000-7f3014678000 ---p 00c50000 08:01 788431                     /usr/lib/jvm/java-8-openjdk-amd64/jre/lib/amd64/server/libjvm.so
7f3014678000-7f301470b000 r--p 00c4f000 08:01 788431                     /usr/lib/jvm/java-8-openjdk-amd64/jre/lib/amd64/server/libjvm.so
7f301470b000-7f3014734000 rw-p 00ce2000 08:01 788431                     /usr/lib/jvm/java-8-openjdk-amd64/jre/lib/amd64/server/libjvm.so
7f3014734000-7f3014764000 rw-p 00000000 00:00 0 
7f3014764000-7f301476b000 r-xp 00000000 08:01 4068329                    /lib/x86_64-linux-gnu/librt-2.23.so
7f301476b000-7f301496a000 ---p 00007000 08:01 4068329                    /lib/x86_64-linux-gnu/librt-2.23.so
7f301496a000-7f301496b000 r--p 00006000 08:01 4068329                    /lib/x86_64-linux-gnu/librt-2.23.so
7f301496b000-7f301496c000 rw-p 00007000 08:01 4068329                    /lib/x86_64-linux-gnu/librt-2.23.so
7f301496c000-7f3014984000 r-xp 00000000 08:01 4068321                    /lib/x86_64-linux-gnu/libpthread-2.23.so
7f3014984000-7f3014b83000 ---p 00018000 08:01 4068321                    /lib/x86_64-linux-gnu/libpthread-2.23.so
7f3014b83000-7f3014b84000 r--p 00017000 08:01 4068321                    /lib/x86_64-linux-gnu/libpthread-2.23.so
7f3014b84000-7f3014b85000 rw-p 00018000 08:01 4068321                    /lib/x86_64-linux-gnu/libpthread-2.23.so
7f3014b85000-7f3014b89000 rw-p 00000000 00:00 0 
7f3014b89000-7f3014baf000 r-xp 00000000 08:01 4068147                    /lib/x86_64-linux-gnu/ld-2.23.so
7f3014bb7000-7f3014bbb000 r--s 00037000 08:01 788455                     /usr/lib/jvm/java-8-openjdk-amd64/jre/lib/ext/sunpkcs11.jar
7f3014bbb000-7f3014bc5000 r--s 00116000 08:01 788456                     /usr/lib/jvm/java-8-openjdk-amd64/jre/lib/ext/localedata.jar
7f3014bc5000-7f3014d94000 rw-p 00000000 00:00 0 
7f3014d94000-7f3014d96000 r--s 00001000 08:01 788451                     /usr/lib/jvm/java-8-openjdk-amd64/jre/lib/ext/dnsns.jar
7f3014d96000-7f3014d9b000 r--s 0003b000 08:01 788467                     /usr/lib/jvm/java-8-openjdk-amd64/jre/lib/ext/sunjce_provider.jar
7f3014d9b000-7f3014d9e000 r--s 0000f000 08:01 788452                     /usr/lib/jvm/java-8-openjdk-amd64/jre/lib/ext/icedtea-sound.jar
7f3014d9e000-7f3014da0000 r--s 00008000 08:01 788449                     /usr/lib/jvm/java-8-openjdk-amd64/jre/lib/ext/sunec.jar
7f3014da0000-7f3014da1000 r--s 00010000 08:01 788454                     /usr/lib/jvm/java-8-openjdk-amd64/jre/lib/ext/zipfs.jar
7f3014da1000-7f3014da2000 r--s 0000a000 08:01 788468                     /usr/lib/jvm/java-8-openjdk-amd64/jre/lib/ext/jaccess.jar
7f3014da2000-7f3014daa000 rw-s 00000000 08:01 3434047                    /tmp/hsperfdata_root/10773
7f3014daa000-7f3014dab000 rw-p 00000000 00:00 0 
7f3014dab000-7f3014dac000 r--p 00000000 00:00 0 
7f3014dac000-7f3014dae000 rw-p 00000000 00:00 0 
7f3014dae000-7f3014daf000 r--p 00025000 08:01 4068147                    /lib/x86_64-linux-gnu/ld-2.23.so
7f3014daf000-7f3014db0000 rw-p 00026000 08:01 4068147                    /lib/x86_64-linux-gnu/ld-2.23.so
7f3014db0000-7f3014db1000 rw-p 00000000 00:00 0 
7ffeee7ce000-7ffeee7ef000 rw-p 00000000 00:00 0                          [stack]
7ffeee7fc000-7ffeee7fe000 r--p 00000000 00:00 0                          [vvar]
7ffeee7fe000-7ffeee800000 r-xp 00000000 00:00 0                          [vdso]
ffffffffff600000-ffffffffff601000 r-xp 00000000 00:00 0                  [vsyscall]

VM Arguments:
jvm_args: . 
java_command: <unknown>
java_class_path (initial): <not set>
Launcher Type: generic

Environment Variables:
PATH=/usr/local/sbin:/usr/local/bin:/usr/sbin:/usr/bin:/sbin:/bin
USERNAME=root
SHELL=/bin/bash
DISPLAY=:0

Signal Handlers:
SIGSEGV: [libjvm.so+0xa66fd0], sa_mask[0]=11111111011111111101111111111110, sa_flags=SA_RESTART|SA_SIGINFO
SIGBUS: [libjvm.so+0xa66fd0], sa_mask[0]=11111111011111111101111111111110, sa_flags=SA_RESTART|SA_SIGINFO
SIGFPE: [libjvm.so+0x8b0180], sa_mask[0]=11111111011111111101111111111110, sa_flags=SA_RESTART|SA_SIGINFO
SIGPIPE: [libjvm.so+0x8b0180], sa_mask[0]=11111111011111111101111111111110, sa_flags=SA_RESTART|SA_SIGINFO
SIGXFSZ: [libjvm.so+0x8b0180], sa_mask[0]=11111111011111111101111111111110, sa_flags=SA_RESTART|SA_SIGINFO
SIGILL: [libjvm.so+0x8b0180], sa_mask[0]=11111111011111111101111111111110, sa_flags=SA_RESTART|SA_SIGINFO
SIGUSR1: SIG_DFL, sa_mask[0]=00000000000000000000000000000000, sa_flags=none
SIGUSR2: [libjvm.so+0x8b0030], sa_mask[0]=00000000000000000000000000000000, sa_flags=SA_RESTART|SA_SIGINFO
SIGHUP: [libjvm.so+0x8b0500], sa_mask[0]=11111111011111111101111111111110, sa_flags=SA_RESTART|SA_SIGINFO
SIGINT: [libjvm.so+0x8b0500], sa_mask[0]=11111111011111111101111111111110, sa_flags=SA_RESTART|SA_SIGINFO
SIGTERM: [libjvm.so+0x8b0500], sa_mask[0]=11111111011111111101111111111110, sa_flags=SA_RESTART|SA_SIGINFO
SIGQUIT: [libjvm.so+0x8b0500], sa_mask[0]=11111111011111111101111111111110, sa_flags=SA_RESTART|SA_SIGINFO


---------------  S Y S T E M  ---------------

OS:DISTRIB_ID=Ubuntu
DISTRIB_RELEASE=16.04
DISTRIB_CODENAME=xenial
DISTRIB_DESCRIPTION="Ubuntu 16.04.1 LTS"

uname:Linux 4.4.0-66-generic #87-Ubuntu SMP Fri Mar 3 15:29:05 UTC 2017 x86_64
libc:glibc 2.23 NPTL 2.23 
rlimit: STACK 8192k, CORE 0k, NPROC 23648, NOFILE 65536, AS infinity
load average:0.07 0.09 0.12

/proc/meminfo:
MemTotal:        6093132 kB
MemFree:         1739352 kB
MemAvailable:    2722408 kB
Buffers:          210584 kB
Cached:          1050048 kB
SwapCached:            0 kB
Active:          2010888 kB
Inactive:         524468 kB
Active(anon):    1275904 kB
Inactive(anon):   129536 kB
Active(file):     734984 kB
Inactive(file):   394932 kB
Unevictable:          32 kB
Mlocked:              32 kB
SwapTotal:       1046524 kB
SwapFree:        1046524 kB
Dirty:              5224 kB
Writeback:             0 kB
AnonPages:       1276868 kB
Mapped:           444232 kB
Shmem:            130720 kB
Slab:             196256 kB
SReclaimable:     132876 kB
SUnreclaim:        63380 kB
KernelStack:       12400 kB
PageTables:        36680 kB
NFS_Unstable:          0 kB
Bounce:                0 kB
WritebackTmp:          0 kB
CommitLimit:     4093088 kB
Committed_AS:    5360296 kB
VmallocTotal:   34359738367 kB
VmallocUsed:           0 kB
VmallocChunk:          0 kB
HardwareCorrupted:     0 kB
AnonHugePages:    798720 kB
CmaTotal:              0 kB
CmaFree:               0 kB
HugePages_Total:       0
HugePages_Free:        0
HugePages_Rsvd:        0
HugePages_Surp:        0
Hugepagesize:       2048 kB
DirectMap4k:      130880 kB
DirectMap2M:     6160384 kB
DirectMap1G:     2097152 kB


CPU:total 8 (1 cores per cpu, 1 threads per core) family 6 model 94 stepping 3, cmov, cx8, fxsr, mmx, sse, sse2, sse3, ssse3, sse4.1, sse4.2, popcnt, avx, avx2, clmul, erms, rtm, 3dnowpref, lzcnt, tsc, tscinvbit, bmi1, bmi2, adx

/proc/cpuinfo:
processor	: 0
vendor_id	: GenuineIntel
cpu family	: 6
model		: 94
model name	: Intel(R) Core(TM) i7-6820HQ CPU @ 2.70GHz
stepping	: 3
microcode	: 0xa6
cpu MHz		: 2712.005
cache size	: 8192 KB
physical id	: 0
siblings	: 1
core id		: 0
cpu cores	: 1
apicid		: 0
initial apicid	: 0
fpu		: yes
fpu_exception	: yes
cpuid level	: 22
wp		: yes
flags		: fpu vme de pse tsc msr pae mce cx8 apic sep mtrr pge mca cmov pat pse36 clflush dts mmx fxsr sse sse2 ss syscall nx pdpe1gb rdtscp lm constant_tsc arch_perfmon pebs bts nopl xtopology tsc_reliable nonstop_tsc aperfmperf eagerfpu pni pclmulqdq vmx ssse3 fma cx16 pcid sse4_1 sse4_2 x2apic movbe popcnt tsc_deadline_timer xsave avx f16c rdrand hypervisor lahf_lm abm 3dnowprefetch epb tpr_shadow vnmi ept vpid fsgsbase tsc_adjust bmi1 hle avx2 smep bmi2 invpcid rtm rdseed adx smap xsaveopt dtherm ida arat pln pts hwp hwp_notify hwp_act_window hwp_epp
bugs		:
bogomips	: 5424.01
clflush size	: 64
cache_alignment	: 64
address sizes	: 42 bits physical, 48 bits virtual
power management:

processor	: 1
vendor_id	: GenuineIntel
cpu family	: 6
model		: 94
model name	: Intel(R) Core(TM) i7-6820HQ CPU @ 2.70GHz
stepping	: 3
microcode	: 0xa6
cpu MHz		: 2712.005
cache size	: 8192 KB
physical id	: 2
siblings	: 1
core id		: 0
cpu cores	: 1
apicid		: 2
initial apicid	: 2
fpu		: yes
fpu_exception	: yes
cpuid level	: 22
wp		: yes
flags		: fpu vme de pse tsc msr pae mce cx8 apic sep mtrr pge mca cmov pat pse36 clflush dts mmx fxsr sse sse2 ss syscall nx pdpe1gb rdtscp lm constant_tsc arch_perfmon pebs bts nopl xtopology tsc_reliable nonstop_tsc aperfmperf eagerfpu pni pclmulqdq vmx ssse3 fma cx16 pcid sse4_1 sse4_2 x2apic movbe popcnt tsc_deadline_timer xsave avx f16c rdrand hypervisor lahf_lm abm 3dnowprefetch epb tpr_shadow vnmi ept vpid fsgsbase tsc_adjust bmi1 hle avx2 smep bmi2 invpcid rtm rdseed adx smap xsaveopt dtherm ida arat pln pts hwp hwp_notify hwp_act_window hwp_epp
bugs		:
bogomips	: 5424.01
clflush size	: 64
cache_alignment	: 64
address sizes	: 42 bits physical, 48 bits virtual
power management:

processor	: 2
vendor_id	: GenuineIntel
cpu family	: 6
model		: 94
model name	: Intel(R) Core(TM) i7-6820HQ CPU @ 2.70GHz
stepping	: 3
microcode	: 0xa6
cpu MHz		: 2712.005
cache size	: 8192 KB
physical id	: 4
siblings	: 1
core id		: 0
cpu cores	: 1
apicid		: 4
initial apicid	: 4
fpu		: yes
fpu_exception	: yes
cpuid level	: 22
wp		: yes
flags		: fpu vme de pse tsc msr pae mce cx8 apic sep mtrr pge mca cmov pat pse36 clflush dts mmx fxsr sse sse2 ss syscall nx pdpe1gb rdtscp lm constant_tsc arch_perfmon pebs bts nopl xtopology tsc_reliable nonstop_tsc aperfmperf eagerfpu pni pclmulqdq vmx ssse3 fma cx16 pcid sse4_1 sse4_2 x2apic movbe popcnt tsc_deadline_timer xsave avx f16c rdrand hypervisor lahf_lm abm 3dnowprefetch epb tpr_shadow vnmi ept vpid fsgsbase tsc_adjust bmi1 hle avx2 smep bmi2 invpcid rtm rdseed adx smap xsaveopt dtherm ida arat pln pts hwp hwp_notify hwp_act_window hwp_epp
bugs		:
bogomips	: 5424.01
clflush size	: 64
cache_alignment	: 64
address sizes	: 42 bits physical, 48 bits virtual
power management:

processor	: 3
vendor_id	: GenuineIntel
cpu family	: 6
model		: 94
model name	: Intel(R) Core(TM) i7-6820HQ CPU @ 2.70GHz
stepping	: 3
microcode	: 0xa6
cpu MHz		: 2712.005
cache size	: 8192 KB
physical id	: 6
siblings	: 1
core id		: 0
cpu cores	: 1
apicid		: 6
initial apicid	: 6
fpu		: yes
fpu_exception	: yes
cpuid level	: 22
wp		: yes
flags		: fpu vme de pse tsc msr pae mce cx8 apic sep mtrr pge mca cmov pat pse36 clflush dts mmx fxsr sse sse2 ss syscall nx pdpe1gb rdtscp lm constant_tsc arch_perfmon pebs bts nopl xtopology tsc_reliable nonstop_tsc aperfmperf eagerfpu pni pclmulqdq vmx ssse3 fma cx16 pcid sse4_1 sse4_2 x2apic movbe popcnt tsc_deadline_timer xsave avx f16c rdrand hypervisor lahf_lm abm 3dnowprefetch epb tpr_shadow vnmi ept vpid fsgsbase tsc_adjust bmi1 hle avx2 smep bmi2 invpcid rtm rdseed adx smap xsaveopt dtherm ida arat pln pts hwp hwp_notify hwp_act_window hwp_epp
bugs		:
bogomips	: 5424.01
clflush size	: 64
cache_alignment	: 64
address sizes	: 42 bits physical, 48 bits virtual
power management:

processor	: 4
vendor_id	: GenuineIntel
cpu family	: 6
model		: 94
model name	: Intel(R) Core(TM) i7-6820HQ CPU @ 2.70GHz
stepping	: 3
microcode	: 0xa6
cpu MHz		: 2712.005
cache size	: 8192 KB
physical id	: 8
siblings	: 1
core id		: 0
cpu cores	: 1
apicid		: 8
initial apicid	: 8
fpu		: yes
fpu_exception	: yes
cpuid level	: 22
wp		: yes
flags		: fpu vme de pse tsc msr pae mce cx8 apic sep mtrr pge mca cmov pat pse36 clflush dts mmx fxsr sse sse2 ss syscall nx pdpe1gb rdtscp lm constant_tsc arch_perfmon pebs bts nopl xtopology tsc_reliable nonstop_tsc aperfmperf eagerfpu pni pclmulqdq vmx ssse3 fma cx16 pcid sse4_1 sse4_2 x2apic movbe popcnt tsc_deadline_timer xsave avx f16c rdrand hypervisor lahf_lm abm 3dnowprefetch epb tpr_shadow vnmi ept vpid fsgsbase tsc_adjust bmi1 hle avx2 smep bmi2 invpcid rtm rdseed adx smap xsaveopt dtherm ida arat pln pts hwp hwp_notify hwp_act_window hwp_epp
bugs		:
bogomips	: 5424.01
clflush size	: 64
cache_alignment	: 64
address sizes	: 42 bits physical, 48 bits virtual
power management:

processor	: 5
vendor_id	: GenuineIntel
cpu family	: 6
model		: 94
model name	: Intel(R) Core(TM) i7-6820HQ CPU @ 2.70GHz
stepping	: 3
microcode	: 0xa6
cpu MHz		: 2712.005
cache size	: 8192 KB
physical id	: 10
siblings	: 1
core id		: 0
cpu cores	: 1
apicid		: 10
initial apicid	: 10
fpu		: yes
fpu_exception	: yes
cpuid level	: 22
wp		: yes
flags		: fpu vme de pse tsc msr pae mce cx8 apic sep mtrr pge mca cmov pat pse36 clflush dts mmx fxsr sse sse2 ss syscall nx pdpe1gb rdtscp lm constant_tsc arch_perfmon pebs bts nopl xtopology tsc_reliable nonstop_tsc aperfmperf eagerfpu pni pclmulqdq vmx ssse3 fma cx16 pcid sse4_1 sse4_2 x2apic movbe popcnt tsc_deadline_timer xsave avx f16c rdrand hypervisor lahf_lm abm 3dnowprefetch epb tpr_shadow vnmi ept vpid fsgsbase tsc_adjust bmi1 hle avx2 smep bmi2 invpcid rtm rdseed adx smap xsaveopt dtherm ida arat pln pts hwp hwp_notify hwp_act_window hwp_epp
bugs		:
bogomips	: 5424.01
clflush size	: 64
cache_alignment	: 64
address sizes	: 42 bits physical, 48 bits virtual
power management:

processor	: 6
vendor_id	: GenuineIntel
cpu family	: 6
model		: 94
model name	: Intel(R) Core(TM) i7-6820HQ CPU @ 2.70GHz
stepping	: 3
microcode	: 0xa6
cpu MHz		: 2712.005
cache size	: 8192 KB
physical id	: 12
siblings	: 1
core id		: 0
cpu cores	: 1
apicid		: 12
initial apicid	: 12
fpu		: yes
fpu_exception	: yes
cpuid level	: 22
wp		: yes
flags		: fpu vme de pse tsc msr pae mce cx8 apic sep mtrr pge mca cmov pat pse36 clflush dts mmx fxsr sse sse2 ss syscall nx pdpe1gb rdtscp lm constant_tsc arch_perfmon pebs bts nopl xtopology tsc_reliable nonstop_tsc aperfmperf eagerfpu pni pclmulqdq vmx ssse3 fma cx16 pcid sse4_1 sse4_2 x2apic movbe popcnt tsc_deadline_timer xsave avx f16c rdrand hypervisor lahf_lm abm 3dnowprefetch epb tpr_shadow vnmi ept vpid fsgsbase tsc_adjust bmi1 hle avx2 smep bmi2 invpcid rtm rdseed adx smap xsaveopt dtherm ida arat pln pts hwp hwp_notify hwp_act_window hwp_epp
bugs		:
bogomips	: 5424.01
clflush size	: 64
cache_alignment	: 64
address sizes	: 42 bits physical, 48 bits virtual
power management:

processor	: 7
vendor_id	: GenuineIntel
cpu family	: 6
model		: 94
model name	: Intel(R) Core(TM) i7-6820HQ CPU @ 2.70GHz
stepping	: 3
microcode	: 0xa6
cpu MHz		: 2712.005
cache size	: 8192 KB
physical id	: 14
siblings	: 1
core id		: 0
cpu cores	: 1
apicid		: 14
initial apicid	: 14
fpu		: yes
fpu_exception	: yes
cpuid level	: 22
wp		: yes
flags		: fpu vme de pse tsc msr pae mce cx8 apic sep mtrr pge mca cmov pat pse36 clflush dts mmx fxsr sse sse2 ss syscall nx pdpe1gb rdtscp lm constant_tsc arch_perfmon pebs bts nopl xtopology tsc_reliable nonstop_tsc aperfmperf eagerfpu pni pclmulqdq vmx ssse3 fma cx16 pcid sse4_1 sse4_2 x2apic movbe popcnt tsc_deadline_timer xsave avx f16c rdrand hypervisor lahf_lm abm 3dnowprefetch epb tpr_shadow vnmi ept vpid fsgsbase tsc_adjust bmi1 hle avx2 smep bmi2 invpcid rtm rdseed adx smap xsaveopt dtherm ida arat pln pts hwp hwp_notify hwp_act_window hwp_epp
bugs		:
bogomips	: 5424.01
clflush size	: 64
cache_alignment	: 64
address sizes	: 42 bits physical, 48 bits virtual
power management:



Memory: 4k page, physical 6093132k(1739352k free), swap 1046524k(1046524k free)

vm_info: OpenJDK 64-Bit Server VM (25.121-b13) for linux-amd64 JRE (1.8.0_121-8u121-b13-0ubuntu1.16.04.2-b13), built on Jan 23 2017 15:51:29 by "buildd" with gcc 5.4.0 20160609

time: Sat Mar 18 12:09:34 2017
elapsed time: 2 seconds (0d 0h 0m 2s)

