#
# A fatal error has been detected by the Java Runtime Environment:
#
#  SIGSEGV (0xb) at pc=0x00007fe82bbe7984, pid=16005, tid=0x00007fe829425700
#
# JRE version: OpenJDK Runtime Environment (8.0_121-b13) (build 1.8.0_121-8u121-b13-0ubuntu1.16.04.2-b13)
# Java VM: OpenJDK 64-Bit Server VM (25.121-b13 mixed mode linux-amd64 compressed oops)
# Problematic frame:
# C  [libpthread.so.0+0xf984]  sem_wait+0x4
#
# Failed to write core dump. Core dumps have been disabled. To enable core dumping, try "ulimit -c unlimited" before starting Java again
#
# If you would like to submit a bug report, please visit:
#   http://bugreport.java.com/bugreport/crash.jsp
# The crash happened outside the Java Virtual Machine in native code.
# See problematic frame for where to report the bug.
#

---------------  T H R E A D  ---------------

Current thread (0x00007fe82401d000):  JavaThread "main" [_thread_in_native, id=16007, stack(0x00007fe828c25000,0x00007fe829426000)]

siginfo: si_signo: 11 (SIGSEGV), si_code: 1 (SEGV_MAPERR), si_addr: 0x0000000000000060

Registers:
RAX=0x0000000000000060, RBX=0x000000000000024d, RCX=0x0000000000000000, RDX=0x000000000000005a
RSP=0x00007fe8294248e0, RBP=0x00007fe829424920, RSI=0x0000000000000000, RDI=0x0000000000000060
R8 =0x00007fe824156270, R9 =0x00000000ffffff00, R10=0x0000000000000000, R11=0x0000000000000286
R12=0x0000000000000000, R13=0x00007ffc8f3b61af, R14=0x00007fe8294259c0, R15=0x0000000000000000
RIP=0x00007fe82bbe7984, EFLAGS=0x0000000000010202, CSGSFS=0x0000000000000033, ERR=0x0000000000000004
  TRAPNO=0x000000000000000e

Top of Stack: (sp=0x00007fe8294248e0)
0x00007fe8294248e0:   00007fe829424900 0000000000000000
0x00007fe8294248f0:   0000000000000000 00000000004481f2
0x00007fe829424900:   00007fe829424920 0000000000000000
0x00007fe829424910:   00007fe829424930 0000005a29424a08
0x00007fe829424920:   00007fe8294249a0 0000000000445ec9
0x00007fe829424930:   0000000000000000 00007fe8294249e0
0x00007fe829424940:   40c1419f7ced9168 0000000001640fd0
0x00007fe829424950:   0000000000000000 00007fe829424a08
0x00007fe829424960:   00007fe829424980 00000000004051fa
0x00007fe829424970:   0000000000000000 0000000000000000
0x00007fe829424980:   0000000000000000 363a62bf98f9e000
0x00007fe829424990:   0000000000000002 000000000000024d
0x00007fe8294249a0:   00007fe829424a40 000000000047b6d4
0x00007fe8294249b0:   0000000000000002 40c1419f7ced9168
0x00007fe8294249c0:   00007fe829424ac0 0000000001636da0
0x00007fe8294249d0:   000000028f3b61af 40c1419f7ced9168
0x00007fe8294249e0:   0000000100000002 0000000000000000
0x00007fe8294249f0:   0000000000000001 0000000000000000
0x00007fe829424a00:   00007fe80000005a 00007fe824155f20
0x00007fe829424a10:   00007fe824155f28 00007fe824155f28
0x00007fe829424a20:   00007fe829424a40 363a62bf98f9e000
0x00007fe829424a30:   00007ffc8f3b61af 000000000000024d
0x00007fe829424a40:   00007fe829424a60 0000000000448eb8
0x00007fe829424a50:   00007fe829424ac0 00007fe8240008c0
0x00007fe829424a60:   00007fe829424b20 0000000000438701
0x00007fe829424a70:   00007fe829424c00 00007fe8240141e0
0x00007fe829424a80:   00007ffc8f3b61af 00007fe8294259c0
0x00007fe829424a90:   0000000000000000 00007fe829eaeabc
0x00007fe829424aa0:   00007fe829424ac0 0000000000405586
0x00007fe829424ab0:   00007fe824155f20 00007fe824162ea8
0x00007fe829424ac0:   00007fe824156da0 00007fe824156e20
0x00007fe829424ad0:   00007fe824156e20 00007fe8240ec720 

Instructions: (pc=0x00007fe82bbe7984)
0x00007fe82bbe7964:   86 20 00 64 89 02 48 b8 00 00 00 00 ff ff ff ff
0x00007fe82bbe7974:   f0 48 01 03 bb ff ff ff ff eb bd 90 48 83 ec 18
0x00007fe82bbe7984:   48 8b 07 85 c0 48 89 44 24 08 74 25 48 8d 50 ff
0x00007fe82bbe7994:   f0 48 0f b1 17 48 89 c2 b8 00 00 00 00 75 0d 48 

Register to memory mapping:

RAX=0x0000000000000060 is an unknown value
RBX=0x000000000000024d is an unknown value
RCX=0x0000000000000000 is an unknown value
RDX=0x000000000000005a is an unknown value
RSP=0x00007fe8294248e0 is pointing into the stack for thread: 0x00007fe82401d000
RBP=0x00007fe829424920 is pointing into the stack for thread: 0x00007fe82401d000
RSI=0x0000000000000000 is an unknown value
RDI=0x0000000000000060 is an unknown value
R8 =0x00007fe824156270 is an unknown value
R9 =0x00000000ffffff00 is an unallocated location in the heap
R10=0x0000000000000000 is an unknown value
R11=0x0000000000000286 is an unknown value
R12=0x0000000000000000 is an unknown value
R13=0x00007ffc8f3b61af is an unknown value
R14=0x00007fe8294259c0 is pointing into the stack for thread: 0x00007fe82401d000
R15=0x0000000000000000 is an unknown value


Stack: [0x00007fe828c25000,0x00007fe829426000],  sp=0x00007fe8294248e0,  free space=8190k
Native frames: (J=compiled Java code, j=interpreted, Vv=VM code, C=native code)
C  [libpthread.so.0+0xf984]  sem_wait+0x4
C  [main+0x45ec9]
C  [main+0x7b6d4]
C  [main+0x48eb8]
C  [main+0x38701]
C  [main+0x35ce6]
C  [main+0x349a2]
C  [main+0x48d49]
C  [main+0x78ea2]
C  [main+0x4ba1b]
C  [main+0x78ddc]
C  [main+0x15d32]
C  [libpthread.so.0+0x76fa]  start_thread+0xca


---------------  P R O C E S S  ---------------

Java Threads: ( => current thread )
  0x00007fe8240df000 JavaThread "Service Thread" daemon [_thread_blocked, id=16025, stack(0x00007fe8086b0000,0x00007fe8087b1000)]
  0x00007fe8240d2000 JavaThread "C1 CompilerThread3" daemon [_thread_blocked, id=16024, stack(0x00007fe8087b1000,0x00007fe8088b2000)]
  0x00007fe8240cd000 JavaThread "C2 CompilerThread2" daemon [_thread_blocked, id=16023, stack(0x00007fe8088b2000,0x00007fe8089b3000)]
  0x00007fe8240cb800 JavaThread "C2 CompilerThread1" daemon [_thread_blocked, id=16022, stack(0x00007fe8089b3000,0x00007fe808ab4000)]
  0x00007fe8240c8800 JavaThread "C2 CompilerThread0" daemon [_thread_blocked, id=16021, stack(0x00007fe808ab4000,0x00007fe808bb5000)]
  0x00007fe8240c6800 JavaThread "Signal Dispatcher" daemon [_thread_blocked, id=16020, stack(0x00007fe808bb5000,0x00007fe808cb6000)]
  0x00007fe82409f000 JavaThread "Finalizer" daemon [_thread_blocked, id=16019, stack(0x00007fe809675000,0x00007fe809776000)]
  0x00007fe82409a800 JavaThread "Reference Handler" daemon [_thread_blocked, id=16018, stack(0x00007fe809776000,0x00007fe809877000)]
=>0x00007fe82401d000 JavaThread "main" [_thread_in_native, id=16007, stack(0x00007fe828c25000,0x00007fe829426000)]

Other Threads:
  0x00007fe824093000 VMThread [stack: 0x00007fe809877000,0x00007fe809978000] [id=16017]
  0x00007fe8240e1800 WatcherThread [stack: 0x00007fe8085af000,0x00007fe8086b0000] [id=16026]

VM state:not at safepoint (normal execution)

VM Mutex/Monitor currently owned by a thread: None

Heap:
 PSYoungGen      total 28160K, used 13834K [0x00000000e1000000, 0x00000000e2f00000, 0x0000000100000000)
  eden space 24576K, 56% used [0x00000000e1000000,0x00000000e1d82a70,0x00000000e2800000)
  from space 3584K, 0% used [0x00000000e2b80000,0x00000000e2b80000,0x00000000e2f00000)
  to   space 3584K, 0% used [0x00000000e2800000,0x00000000e2800000,0x00000000e2b80000)
 ParOldGen       total 64512K, used 0K [0x00000000a3000000, 0x00000000a6f00000, 0x00000000e1000000)
  object space 64512K, 0% used [0x00000000a3000000,0x00000000a3000000,0x00000000a6f00000)
 Metaspace       used 2846K, capacity 4780K, committed 5120K, reserved 1056768K
  class space    used 283K, capacity 424K, committed 512K, reserved 1048576K

Card table byte_map: [0x00007fe822cce000,0x00007fe822fb7000] byte_map_base: 0x00007fe8227b6000

Marking Bits: (ParMarkBitMap*) 0x00007fe82b9b3220
 Begin Bits: [0x00007fe80a180000, 0x00007fe80b8c0000)
 End Bits:   [0x00007fe80b8c0000, 0x00007fe80d000000)

Polling page: 0x00007fe82c017000

CodeCache: size=245760Kb used=1602Kb max_used=1612Kb free=244157Kb
 bounds [0x00007fe80d000000, 0x00007fe80d270000, 0x00007fe81c000000]
 total_blobs=448 nmethods=188 adapters=175
 compilation: enabled

Compilation events (10 events):
Event: 6.909 Thread 0x00007fe8240d2000  184       3       ch.ethz.rtc.kernel.CurveSubSegmentIterator::<init> (51 bytes)
Event: 6.910 Thread 0x00007fe8240d2000 nmethod 184 0x00007fe80d17cd10 code [0x00007fe80d17cec0, 0x00007fe80d17d398]
Event: 6.910 Thread 0x00007fe8240d2000  185       3       ch.ethz.rtc.kernel.Curve::<init> (379 bytes)
Event: 6.918 Thread 0x00007fe8240d2000 nmethod 185 0x00007fe80d1908d0 code [0x00007fe80d190ec0, 0x00007fe80d194508]
Event: 7.000 Thread 0x00007fe8240d2000  186       3       java.lang.Math::max (45 bytes)
Event: 7.000 Thread 0x00007fe8240d2000 nmethod 186 0x00007fe80d1757d0 code [0x00007fe80d175940, 0x00007fe80d175c90]
Event: 8.064 Thread 0x00007fe8240c8800  187       4       ch.ethz.rtc.kernel.Curve::<init> (174 bytes)
Event: 8.066 Thread 0x00007fe8240c8800 nmethod 187 0x00007fe80d17b250 code [0x00007fe80d17b3c0, 0x00007fe80d17b5e8]
Event: 8.079 Thread 0x00007fe8240d2000  188       3       sun.misc.FloatingDecimal$BinaryToASCIIBuffer::roundup (104 bytes)
Event: 8.080 Thread 0x00007fe8240d2000 nmethod 188 0x00007fe80d17abd0 code [0x00007fe80d17ad60, 0x00007fe80d17b0d0]

GC Heap History (0 events):
No events

Deoptimization events (5 events):
Event: 0.123 Thread 0x00007fe82401d000 Uncommon trap: reason=unstable_if action=reinterpret pc=0x00007fe80d12daf8 method=java.util.ArrayList.ensureExplicitCapacity(I)V @ 17
Event: 0.131 Thread 0x00007fe82401d000 Uncommon trap: reason=unstable_if action=reinterpret pc=0x00007fe80d12f4f0 method=ch.ethz.rtc.kernel.Segment.yAt(D)D @ 15
Event: 0.131 Thread 0x00007fe82401d000 Uncommon trap: reason=unstable_if action=reinterpret pc=0x00007fe80d12422c method=ch.ethz.rtc.kernel.Segment.yAt(D)D @ 15
Event: 0.144 Thread 0x00007fe82401d000 Uncommon trap: reason=unstable_if action=reinterpret pc=0x00007fe80d141404 method=ch.ethz.rtc.kernel.Segment.yAt(D)D @ 15
Event: 0.145 Thread 0x00007fe82401d000 Uncommon trap: reason=unstable_if action=reinterpret pc=0x00007fe80d12456c method=java.lang.Math.min(DD)D @ 36

Internal exceptions (2 events):
Event: 0.038 Thread 0x00007fe82401d000 Exception <a 'java/lang/NoSuchMethodError': Method sun.misc.Unsafe.defineClass(Ljava/lang/String;[BII)Ljava/lang/Class; name or signature does not match> (0x00000000e1007ca8) thrown at [/build/openjdk-8-YiEakL/openjdk-8-8u121-b13/src/hotspot/src/share/vm/
Event: 0.038 Thread 0x00007fe82401d000 Exception <a 'java/lang/NoSuchMethodError': Method sun.misc.Unsafe.prefetchRead(Ljava/lang/Object;J)V name or signature does not match> (0x00000000e1007f90) thrown at [/build/openjdk-8-YiEakL/openjdk-8-8u121-b13/src/hotspot/src/share/vm/prims/jni.cpp, lin

Events (10 events):
Event: 0.131 Thread 0x00007fe82401d000 DEOPT PACKING pc=0x00007fe80d12422c sp=0x00007fe8294243c0
Event: 0.131 Thread 0x00007fe82401d000 DEOPT UNPACKING pc=0x00007fe80d004f69 sp=0x00007fe829424388 mode 2
Event: 0.144 Thread 0x00007fe82401d000 Uncommon trap: trap_request=0xffffff65 fr.pc=0x00007fe80d141404
Event: 0.145 Thread 0x00007fe82401d000 DEOPT PACKING pc=0x00007fe80d141404 sp=0x00007fe829424260
Event: 0.145 Thread 0x00007fe82401d000 DEOPT UNPACKING pc=0x00007fe80d004f69 sp=0x00007fe829424180 mode 2
Event: 0.145 Thread 0x00007fe82401d000 Uncommon trap: trap_request=0xffffff65 fr.pc=0x00007fe80d12456c
Event: 0.145 Thread 0x00007fe82401d000 DEOPT PACKING pc=0x00007fe80d12456c sp=0x00007fe829424480
Event: 0.145 Thread 0x00007fe82401d000 DEOPT UNPACKING pc=0x00007fe80d004f69 sp=0x00007fe829424448 mode 2
Event: 4.112 Executing VM operation: EnableBiasedLocking
Event: 4.113 Executing VM operation: EnableBiasedLocking done


Dynamic libraries:
00400000-004af000 r-xp 00000000 08:01 3146136                            /home/long/Code/trunk/main
006ae000-006af000 r--p 000ae000 08:01 3146136                            /home/long/Code/trunk/main
006af000-006b0000 rw-p 000af000 08:01 3146136                            /home/long/Code/trunk/main
01624000-01677000 rw-p 00000000 00:00 0                                  [heap]
a3000000-a6f00000 rw-p 00000000 00:00 0 
a6f00000-e1000000 ---p 00000000 00:00 0 
e1000000-e2f00000 rw-p 00000000 00:00 0 
e2f00000-100000000 ---p 00000000 00:00 0 
100000000-100080000 rw-p 00000000 00:00 0 
100080000-140000000 ---p 00000000 00:00 0 
7fe7a4000000-7fe7a4021000 rw-p 00000000 00:00 0 
7fe7a4021000-7fe7a8000000 ---p 00000000 00:00 0 
7fe7a8000000-7fe7a8021000 rw-p 00000000 00:00 0 
7fe7a8021000-7fe7ac000000 ---p 00000000 00:00 0 
7fe7ac000000-7fe7ac021000 rw-p 00000000 00:00 0 
7fe7ac021000-7fe7b0000000 ---p 00000000 00:00 0 
7fe7b0000000-7fe7b0021000 rw-p 00000000 00:00 0 
7fe7b0021000-7fe7b4000000 ---p 00000000 00:00 0 
7fe7b4000000-7fe7b4021000 rw-p 00000000 00:00 0 
7fe7b4021000-7fe7b8000000 ---p 00000000 00:00 0 
7fe7b8000000-7fe7b8021000 rw-p 00000000 00:00 0 
7fe7b8021000-7fe7bc000000 ---p 00000000 00:00 0 
7fe7bc000000-7fe7bc0ab000 rw-p 00000000 00:00 0 
7fe7bc0ab000-7fe7c0000000 ---p 00000000 00:00 0 
7fe7c0000000-7fe7c0021000 rw-p 00000000 00:00 0 
7fe7c0021000-7fe7c4000000 ---p 00000000 00:00 0 
7fe7c4000000-7fe7c4198000 rw-p 00000000 00:00 0 
7fe7c4198000-7fe7c8000000 ---p 00000000 00:00 0 
7fe7c8000000-7fe7c8449000 rw-p 00000000 00:00 0 
7fe7c8449000-7fe7cc000000 ---p 00000000 00:00 0 
7fe7cc000000-7fe7cc021000 rw-p 00000000 00:00 0 
7fe7cc021000-7fe7d0000000 ---p 00000000 00:00 0 
7fe7d0000000-7fe7d0173000 rw-p 00000000 00:00 0 
7fe7d0173000-7fe7d4000000 ---p 00000000 00:00 0 
7fe7d4000000-7fe7d4021000 rw-p 00000000 00:00 0 
7fe7d4021000-7fe7d8000000 ---p 00000000 00:00 0 
7fe7d8000000-7fe7d8021000 rw-p 00000000 00:00 0 
7fe7d8021000-7fe7dc000000 ---p 00000000 00:00 0 
7fe7dc000000-7fe7dc021000 rw-p 00000000 00:00 0 
7fe7dc021000-7fe7e0000000 ---p 00000000 00:00 0 
7fe7e0000000-7fe7e0021000 rw-p 00000000 00:00 0 
7fe7e0021000-7fe7e4000000 ---p 00000000 00:00 0 
7fe7e4000000-7fe7e4021000 rw-p 00000000 00:00 0 
7fe7e4021000-7fe7e8000000 ---p 00000000 00:00 0 
7fe7ec000000-7fe7ec021000 rw-p 00000000 00:00 0 
7fe7ec021000-7fe7f0000000 ---p 00000000 00:00 0 
7fe7f1ffc000-7fe7f1ffd000 ---p 00000000 00:00 0 
7fe7f1ffd000-7fe7f27fd000 rw-p 00000000 00:00 0 
7fe7f27fd000-7fe7f27fe000 ---p 00000000 00:00 0 
7fe7f27fe000-7fe7f2ffe000 rw-p 00000000 00:00 0 
7fe7f2ffe000-7fe7f2fff000 ---p 00000000 00:00 0 
7fe7f2fff000-7fe7f37ff000 rw-p 00000000 00:00 0 
7fe7f37ff000-7fe7f3800000 ---p 00000000 00:00 0 
7fe7f3800000-7fe7f4000000 rw-p 00000000 00:00 0 
7fe7f4000000-7fe7f4021000 rw-p 00000000 00:00 0 
7fe7f4021000-7fe7f8000000 ---p 00000000 00:00 0 
7fe7f8000000-7fe7f8021000 rw-p 00000000 00:00 0 
7fe7f8021000-7fe7fc000000 ---p 00000000 00:00 0 
7fe7fc000000-7fe7fc021000 rw-p 00000000 00:00 0 
7fe7fc021000-7fe800000000 ---p 00000000 00:00 0 
7fe800000000-7fe800021000 rw-p 00000000 00:00 0 
7fe800021000-7fe804000000 ---p 00000000 00:00 0 
7fe804000000-7fe804021000 rw-p 00000000 00:00 0 
7fe804021000-7fe808000000 ---p 00000000 00:00 0 
7fe8085af000-7fe8085b0000 ---p 00000000 00:00 0 
7fe8085b0000-7fe8086b0000 rw-p 00000000 00:00 0 
7fe8086b0000-7fe8086b3000 ---p 00000000 00:00 0 
7fe8086b3000-7fe8087b1000 rw-p 00000000 00:00 0 
7fe8087b1000-7fe8087b4000 ---p 00000000 00:00 0 
7fe8087b4000-7fe8088b2000 rw-p 00000000 00:00 0 
7fe8088b2000-7fe8088b5000 ---p 00000000 00:00 0 
7fe8088b5000-7fe8089b3000 rw-p 00000000 00:00 0 
7fe8089b3000-7fe8089b6000 ---p 00000000 00:00 0 
7fe8089b6000-7fe808ab4000 rw-p 00000000 00:00 0 
7fe808ab4000-7fe808ab7000 ---p 00000000 00:00 0 
7fe808ab7000-7fe808bb5000 rw-p 00000000 00:00 0 
7fe808bb5000-7fe808bb8000 ---p 00000000 00:00 0 
7fe808bb8000-7fe808cb6000 rw-p 00000000 00:00 0 
7fe808cb6000-7fe809675000 r--p 00000000 08:01 663045                     /usr/lib/locale/locale-archive
7fe809675000-7fe809678000 ---p 00000000 00:00 0 
7fe809678000-7fe809776000 rw-p 00000000 00:00 0 
7fe809776000-7fe809779000 ---p 00000000 00:00 0 
7fe809779000-7fe809877000 rw-p 00000000 00:00 0 
7fe809877000-7fe809878000 ---p 00000000 00:00 0 
7fe809878000-7fe80d000000 rw-p 00000000 00:00 0 
7fe80d000000-7fe80d270000 rwxp 00000000 00:00 0 
7fe80d270000-7fe81c000000 ---p 00000000 00:00 0 
7fe81c000000-7fe81c021000 rw-p 00000000 00:00 0 
7fe81c021000-7fe820000000 ---p 00000000 00:00 0 
7fe820068000-7fe820083000 r--s 00394000 08:01 788453                     /usr/lib/jvm/java-8-openjdk-amd64/jre/lib/ext/cldrdata.jar
7fe820083000-7fe82009e000 r--s 001d6000 08:01 788450                     /usr/lib/jvm/java-8-openjdk-amd64/jre/lib/ext/nashorn.jar
7fe82009e000-7fe821527000 rw-p 00000000 00:00 0 
7fe821527000-7fe8216f5000 r--s 03c06000 08:01 788474                     /usr/lib/jvm/java-8-openjdk-amd64/jre/lib/rt.jar
7fe8216f5000-7fe821c6e000 rw-p 00000000 00:00 0 
7fe821c6e000-7fe821fee000 ---p 00000000 00:00 0 
7fe821fee000-7fe8222d6000 rw-p 00000000 00:00 0 
7fe8222d6000-7fe8222d7000 ---p 00000000 00:00 0 
7fe8222d7000-7fe8223d7000 rw-p 00000000 00:00 0 
7fe8223d7000-7fe8223d8000 ---p 00000000 00:00 0 
7fe8223d8000-7fe8224d8000 rw-p 00000000 00:00 0 
7fe8224d8000-7fe8224d9000 ---p 00000000 00:00 0 
7fe8224d9000-7fe8225d9000 rw-p 00000000 00:00 0 
7fe8225d9000-7fe8225da000 ---p 00000000 00:00 0 
7fe8225da000-7fe8226da000 rw-p 00000000 00:00 0 
7fe8226da000-7fe8226db000 ---p 00000000 00:00 0 
7fe8226db000-7fe8227db000 rw-p 00000000 00:00 0 
7fe8227db000-7fe8227dc000 ---p 00000000 00:00 0 
7fe8227dc000-7fe8228dc000 rw-p 00000000 00:00 0 
7fe8228dc000-7fe8228dd000 ---p 00000000 00:00 0 
7fe8228dd000-7fe8229dd000 rw-p 00000000 00:00 0 
7fe8229dd000-7fe8229de000 ---p 00000000 00:00 0 
7fe8229de000-7fe822afe000 rw-p 00000000 00:00 0 
7fe822afe000-7fe822cce000 ---p 00000000 00:00 0 
7fe822cce000-7fe822cee000 rw-p 00000000 00:00 0 
7fe822cee000-7fe822ebe000 ---p 00000000 00:00 0 
7fe822ebe000-7fe822ece000 rw-p 00000000 00:00 0 
7fe822ece000-7fe822fb6000 ---p 00000000 00:00 0 
7fe822fb6000-7fe822fc1000 rw-p 00000000 00:00 0 
7fe822fc1000-7fe823377000 ---p 00000000 00:00 0 
7fe823377000-7fe823390000 r-xp 00000000 08:01 4068366                    /lib/x86_64-linux-gnu/libz.so.1.2.8
7fe823390000-7fe82358f000 ---p 00019000 08:01 4068366                    /lib/x86_64-linux-gnu/libz.so.1.2.8
7fe82358f000-7fe823590000 r--p 00018000 08:01 4068366                    /lib/x86_64-linux-gnu/libz.so.1.2.8
7fe823590000-7fe823591000 rw-p 00019000 08:01 4068366                    /lib/x86_64-linux-gnu/libz.so.1.2.8
7fe823591000-7fe823599000 r-xp 00000000 08:01 788409                     /usr/lib/jvm/java-8-openjdk-amd64/jre/lib/amd64/libzip.so
7fe823599000-7fe823798000 ---p 00008000 08:01 788409                     /usr/lib/jvm/java-8-openjdk-amd64/jre/lib/amd64/libzip.so
7fe823798000-7fe823799000 r--p 00007000 08:01 788409                     /usr/lib/jvm/java-8-openjdk-amd64/jre/lib/amd64/libzip.so
7fe823799000-7fe82379a000 rw-p 00008000 08:01 788409                     /usr/lib/jvm/java-8-openjdk-amd64/jre/lib/amd64/libzip.so
7fe82379a000-7fe8237a5000 r-xp 00000000 08:01 4068274                    /lib/x86_64-linux-gnu/libnss_files-2.23.so
7fe8237a5000-7fe8239a4000 ---p 0000b000 08:01 4068274                    /lib/x86_64-linux-gnu/libnss_files-2.23.so
7fe8239a4000-7fe8239a5000 r--p 0000a000 08:01 4068274                    /lib/x86_64-linux-gnu/libnss_files-2.23.so
7fe8239a5000-7fe8239a6000 rw-p 0000b000 08:01 4068274                    /lib/x86_64-linux-gnu/libnss_files-2.23.so
7fe8239a6000-7fe8239ac000 rw-p 00000000 00:00 0 
7fe8239ac000-7fe8239b7000 r-xp 00000000 08:01 4068284                    /lib/x86_64-linux-gnu/libnss_nis-2.23.so
7fe8239b7000-7fe823bb6000 ---p 0000b000 08:01 4068284                    /lib/x86_64-linux-gnu/libnss_nis-2.23.so
7fe823bb6000-7fe823bb7000 r--p 0000a000 08:01 4068284                    /lib/x86_64-linux-gnu/libnss_nis-2.23.so
7fe823bb7000-7fe823bb8000 rw-p 0000b000 08:01 4068284                    /lib/x86_64-linux-gnu/libnss_nis-2.23.so
7fe823bb8000-7fe823bce000 r-xp 00000000 08:01 4068268                    /lib/x86_64-linux-gnu/libnsl-2.23.so
7fe823bce000-7fe823dcd000 ---p 00016000 08:01 4068268                    /lib/x86_64-linux-gnu/libnsl-2.23.so
7fe823dcd000-7fe823dce000 r--p 00015000 08:01 4068268                    /lib/x86_64-linux-gnu/libnsl-2.23.so
7fe823dce000-7fe823dcf000 rw-p 00016000 08:01 4068268                    /lib/x86_64-linux-gnu/libnsl-2.23.so
7fe823dcf000-7fe823dd1000 rw-p 00000000 00:00 0 
7fe823dd1000-7fe823dfe000 r-xp 00000000 08:01 788436                     /usr/lib/jvm/java-8-openjdk-amd64/jre/lib/amd64/libjava.so
7fe823dfe000-7fe823ffd000 ---p 0002d000 08:01 788436                     /usr/lib/jvm/java-8-openjdk-amd64/jre/lib/amd64/libjava.so
7fe823ffd000-7fe823ffe000 r--p 0002c000 08:01 788436                     /usr/lib/jvm/java-8-openjdk-amd64/jre/lib/amd64/libjava.so
7fe823ffe000-7fe824000000 rw-p 0002d000 08:01 788436                     /usr/lib/jvm/java-8-openjdk-amd64/jre/lib/amd64/libjava.so
7fe824000000-7fe8241f9000 rw-p 00000000 00:00 0 
7fe8241f9000-7fe828000000 ---p 00000000 00:00 0 
7fe82800a000-7fe828012000 r-xp 00000000 08:01 4068270                    /lib/x86_64-linux-gnu/libnss_compat-2.23.so
7fe828012000-7fe828211000 ---p 00008000 08:01 4068270                    /lib/x86_64-linux-gnu/libnss_compat-2.23.so
7fe828211000-7fe828212000 r--p 00007000 08:01 4068270                    /lib/x86_64-linux-gnu/libnss_compat-2.23.so
7fe828212000-7fe828213000 rw-p 00008000 08:01 4068270                    /lib/x86_64-linux-gnu/libnss_compat-2.23.so
7fe828213000-7fe828222000 r-xp 00000000 08:01 788402                     /usr/lib/jvm/java-8-openjdk-amd64/jre/lib/amd64/libverify.so
7fe828222000-7fe828421000 ---p 0000f000 08:01 788402                     /usr/lib/jvm/java-8-openjdk-amd64/jre/lib/amd64/libverify.so
7fe828421000-7fe828423000 r--p 0000e000 08:01 788402                     /usr/lib/jvm/java-8-openjdk-amd64/jre/lib/amd64/libverify.so
7fe828423000-7fe828424000 rw-p 00010000 08:01 788402                     /usr/lib/jvm/java-8-openjdk-amd64/jre/lib/amd64/libverify.so
7fe828424000-7fe828425000 ---p 00000000 00:00 0 
7fe828425000-7fe828c25000 rw-p 00000000 00:00 0 
7fe828c25000-7fe828c28000 ---p 00000000 00:00 0 
7fe828c28000-7fe829426000 rw-p 00000000 00:00 0 
7fe829426000-7fe829427000 ---p 00000000 00:00 0 
7fe829427000-7fe829c27000 rw-p 00000000 00:00 0 
7fe829c27000-7fe829c2a000 r-xp 00000000 08:01 4068199                    /lib/x86_64-linux-gnu/libdl-2.23.so
7fe829c2a000-7fe829e29000 ---p 00003000 08:01 4068199                    /lib/x86_64-linux-gnu/libdl-2.23.so
7fe829e29000-7fe829e2a000 r--p 00002000 08:01 4068199                    /lib/x86_64-linux-gnu/libdl-2.23.so
7fe829e2a000-7fe829e2b000 rw-p 00003000 08:01 4068199                    /lib/x86_64-linux-gnu/libdl-2.23.so
7fe829e2b000-7fe829feb000 r-xp 00000000 08:01 4068175                    /lib/x86_64-linux-gnu/libc-2.23.so
7fe829feb000-7fe82a1ea000 ---p 001c0000 08:01 4068175                    /lib/x86_64-linux-gnu/libc-2.23.so
7fe82a1ea000-7fe82a1ee000 r--p 001bf000 08:01 4068175                    /lib/x86_64-linux-gnu/libc-2.23.so
7fe82a1ee000-7fe82a1f0000 rw-p 001c3000 08:01 4068175                    /lib/x86_64-linux-gnu/libc-2.23.so
7fe82a1f0000-7fe82a1f4000 rw-p 00000000 00:00 0 
7fe82a1f4000-7fe82a20a000 r-xp 00000000 08:01 4068213                    /lib/x86_64-linux-gnu/libgcc_s.so.1
7fe82a20a000-7fe82a409000 ---p 00016000 08:01 4068213                    /lib/x86_64-linux-gnu/libgcc_s.so.1
7fe82a409000-7fe82a40a000 rw-p 00015000 08:01 4068213                    /lib/x86_64-linux-gnu/libgcc_s.so.1
7fe82a40a000-7fe82a512000 r-xp 00000000 08:01 4068245                    /lib/x86_64-linux-gnu/libm-2.23.so
7fe82a512000-7fe82a711000 ---p 00108000 08:01 4068245                    /lib/x86_64-linux-gnu/libm-2.23.so
7fe82a711000-7fe82a712000 r--p 00107000 08:01 4068245                    /lib/x86_64-linux-gnu/libm-2.23.so
7fe82a712000-7fe82a713000 rw-p 00108000 08:01 4068245                    /lib/x86_64-linux-gnu/libm-2.23.so
7fe82a713000-7fe82a885000 r-xp 00000000 08:01 657537                     /usr/lib/x86_64-linux-gnu/libstdc++.so.6.0.21
7fe82a885000-7fe82aa85000 ---p 00172000 08:01 657537                     /usr/lib/x86_64-linux-gnu/libstdc++.so.6.0.21
7fe82aa85000-7fe82aa8f000 r--p 00172000 08:01 657537                     /usr/lib/x86_64-linux-gnu/libstdc++.so.6.0.21
7fe82aa8f000-7fe82aa91000 rw-p 0017c000 08:01 657537                     /usr/lib/x86_64-linux-gnu/libstdc++.so.6.0.21
7fe82aa91000-7fe82aa95000 rw-p 00000000 00:00 0 
7fe82aa95000-7fe82b6e5000 r-xp 00000000 08:01 788431                     /usr/lib/jvm/java-8-openjdk-amd64/jre/lib/amd64/server/libjvm.so
7fe82b6e5000-7fe82b8e4000 ---p 00c50000 08:01 788431                     /usr/lib/jvm/java-8-openjdk-amd64/jre/lib/amd64/server/libjvm.so
7fe82b8e4000-7fe82b977000 r--p 00c4f000 08:01 788431                     /usr/lib/jvm/java-8-openjdk-amd64/jre/lib/amd64/server/libjvm.so
7fe82b977000-7fe82b9a0000 rw-p 00ce2000 08:01 788431                     /usr/lib/jvm/java-8-openjdk-amd64/jre/lib/amd64/server/libjvm.so
7fe82b9a0000-7fe82b9d0000 rw-p 00000000 00:00 0 
7fe82b9d0000-7fe82b9d7000 r-xp 00000000 08:01 4068329                    /lib/x86_64-linux-gnu/librt-2.23.so
7fe82b9d7000-7fe82bbd6000 ---p 00007000 08:01 4068329                    /lib/x86_64-linux-gnu/librt-2.23.so
7fe82bbd6000-7fe82bbd7000 r--p 00006000 08:01 4068329                    /lib/x86_64-linux-gnu/librt-2.23.so
7fe82bbd7000-7fe82bbd8000 rw-p 00007000 08:01 4068329                    /lib/x86_64-linux-gnu/librt-2.23.so
7fe82bbd8000-7fe82bbf0000 r-xp 00000000 08:01 4068321                    /lib/x86_64-linux-gnu/libpthread-2.23.so
7fe82bbf0000-7fe82bdef000 ---p 00018000 08:01 4068321                    /lib/x86_64-linux-gnu/libpthread-2.23.so
7fe82bdef000-7fe82bdf0000 r--p 00017000 08:01 4068321                    /lib/x86_64-linux-gnu/libpthread-2.23.so
7fe82bdf0000-7fe82bdf1000 rw-p 00018000 08:01 4068321                    /lib/x86_64-linux-gnu/libpthread-2.23.so
7fe82bdf1000-7fe82bdf5000 rw-p 00000000 00:00 0 
7fe82bdf5000-7fe82be1b000 r-xp 00000000 08:01 4068147                    /lib/x86_64-linux-gnu/ld-2.23.so
7fe82be25000-7fe82be29000 r--s 00037000 08:01 788455                     /usr/lib/jvm/java-8-openjdk-amd64/jre/lib/ext/sunpkcs11.jar
7fe82be29000-7fe82be33000 r--s 00116000 08:01 788456                     /usr/lib/jvm/java-8-openjdk-amd64/jre/lib/ext/localedata.jar
7fe82be33000-7fe82c000000 rw-p 00000000 00:00 0 
7fe82c000000-7fe82c002000 r--s 00001000 08:01 788451                     /usr/lib/jvm/java-8-openjdk-amd64/jre/lib/ext/dnsns.jar
7fe82c002000-7fe82c007000 r--s 0003b000 08:01 788467                     /usr/lib/jvm/java-8-openjdk-amd64/jre/lib/ext/sunjce_provider.jar
7fe82c007000-7fe82c00a000 r--s 0000f000 08:01 788452                     /usr/lib/jvm/java-8-openjdk-amd64/jre/lib/ext/icedtea-sound.jar
7fe82c00a000-7fe82c00c000 r--s 00008000 08:01 788449                     /usr/lib/jvm/java-8-openjdk-amd64/jre/lib/ext/sunec.jar
7fe82c00c000-7fe82c00d000 r--s 00010000 08:01 788454                     /usr/lib/jvm/java-8-openjdk-amd64/jre/lib/ext/zipfs.jar
7fe82c00d000-7fe82c00e000 r--s 0000a000 08:01 788468                     /usr/lib/jvm/java-8-openjdk-amd64/jre/lib/ext/jaccess.jar
7fe82c00e000-7fe82c016000 rw-s 00000000 08:01 3434044                    /tmp/hsperfdata_root/16005
7fe82c016000-7fe82c017000 rw-p 00000000 00:00 0 
7fe82c017000-7fe82c018000 r--p 00000000 00:00 0 
7fe82c018000-7fe82c01a000 rw-p 00000000 00:00 0 
7fe82c01a000-7fe82c01b000 r--p 00025000 08:01 4068147                    /lib/x86_64-linux-gnu/ld-2.23.so
7fe82c01b000-7fe82c01c000 rw-p 00026000 08:01 4068147                    /lib/x86_64-linux-gnu/ld-2.23.so
7fe82c01c000-7fe82c01d000 rw-p 00000000 00:00 0 
7ffc8f396000-7ffc8f3b7000 rw-p 00000000 00:00 0                          [stack]
7ffc8f3e5000-7ffc8f3e7000 r--p 00000000 00:00 0                          [vvar]
7ffc8f3e7000-7ffc8f3e9000 r-xp 00000000 00:00 0                          [vdso]
ffffffffff600000-ffffffffff601000 r-xp 00000000 00:00 0                  [vsyscall]

VM Arguments:
jvm_args: . 
java_command: <unknown>
java_class_path (initial): <not set>
Launcher Type: generic

Environment Variables:
PATH=/usr/local/sbin:/usr/local/bin:/usr/sbin:/usr/bin:/sbin:/bin
USERNAME=root
SHELL=/bin/bash
DISPLAY=:0

Signal Handlers:
SIGSEGV: [libjvm.so+0xa66fd0], sa_mask[0]=11111111011111111101111111111110, sa_flags=SA_RESTART|SA_SIGINFO
SIGBUS: [libjvm.so+0xa66fd0], sa_mask[0]=11111111011111111101111111111110, sa_flags=SA_RESTART|SA_SIGINFO
SIGFPE: [libjvm.so+0x8b0180], sa_mask[0]=11111111011111111101111111111110, sa_flags=SA_RESTART|SA_SIGINFO
SIGPIPE: [libjvm.so+0x8b0180], sa_mask[0]=11111111011111111101111111111110, sa_flags=SA_RESTART|SA_SIGINFO
SIGXFSZ: [libjvm.so+0x8b0180], sa_mask[0]=11111111011111111101111111111110, sa_flags=SA_RESTART|SA_SIGINFO
SIGILL: [libjvm.so+0x8b0180], sa_mask[0]=11111111011111111101111111111110, sa_flags=SA_RESTART|SA_SIGINFO
SIGUSR1: SIG_DFL, sa_mask[0]=00000000000000000000000000000000, sa_flags=none
SIGUSR2: [libjvm.so+0x8b0030], sa_mask[0]=00000000000000000000000000000000, sa_flags=SA_RESTART|SA_SIGINFO
SIGHUP: [libjvm.so+0x8b0500], sa_mask[0]=11111111011111111101111111111110, sa_flags=SA_RESTART|SA_SIGINFO
SIGINT: [libjvm.so+0x8b0500], sa_mask[0]=11111111011111111101111111111110, sa_flags=SA_RESTART|SA_SIGINFO
SIGTERM: [libjvm.so+0x8b0500], sa_mask[0]=11111111011111111101111111111110, sa_flags=SA_RESTART|SA_SIGINFO
SIGQUIT: [libjvm.so+0x8b0500], sa_mask[0]=11111111011111111101111111111110, sa_flags=SA_RESTART|SA_SIGINFO


---------------  S Y S T E M  ---------------

OS:DISTRIB_ID=Ubuntu
DISTRIB_RELEASE=16.04
DISTRIB_CODENAME=xenial
DISTRIB_DESCRIPTION="Ubuntu 16.04.1 LTS"

uname:Linux 4.4.0-66-generic #87-Ubuntu SMP Fri Mar 3 15:29:05 UTC 2017 x86_64
libc:glibc 2.23 NPTL 2.23 
rlimit: STACK 8192k, CORE 0k, NPROC 23648, NOFILE 65536, AS infinity
load average:0.66 0.33 0.25

/proc/meminfo:
MemTotal:        6093132 kB
MemFree:         1677304 kB
MemAvailable:    2714588 kB
Buffers:          230616 kB
Cached:          1116484 kB
SwapCached:            0 kB
Active:          2159756 kB
Inactive:         540092 kB
Active(anon):    1354048 kB
Inactive(anon):   169132 kB
Active(file):     805708 kB
Inactive(file):   370960 kB
Unevictable:          32 kB
Mlocked:              32 kB
SwapTotal:       1046524 kB
SwapFree:        1046524 kB
Dirty:                16 kB
Writeback:             0 kB
AnonPages:       1352968 kB
Mapped:           465196 kB
Shmem:            170436 kB
Slab:             213648 kB
SReclaimable:     147832 kB
SUnreclaim:        65816 kB
KernelStack:       12816 kB
PageTables:        39244 kB
NFS_Unstable:          0 kB
Bounce:                0 kB
WritebackTmp:          0 kB
CommitLimit:     4093088 kB
Committed_AS:    6177104 kB
VmallocTotal:   34359738367 kB
VmallocUsed:           0 kB
VmallocChunk:          0 kB
HardwareCorrupted:     0 kB
AnonHugePages:    868352 kB
CmaTotal:              0 kB
CmaFree:               0 kB
HugePages_Total:       0
HugePages_Free:        0
HugePages_Rsvd:        0
HugePages_Surp:        0
Hugepagesize:       2048 kB
DirectMap4k:      188224 kB
DirectMap2M:     6103040 kB
DirectMap1G:     2097152 kB


CPU:total 8 (1 cores per cpu, 1 threads per core) family 6 model 94 stepping 3, cmov, cx8, fxsr, mmx, sse, sse2, sse3, ssse3, sse4.1, sse4.2, popcnt, avx, avx2, clmul, erms, rtm, 3dnowpref, lzcnt, tsc, tscinvbit, bmi1, bmi2, adx

/proc/cpuinfo:
processor	: 0
vendor_id	: GenuineIntel
cpu family	: 6
model		: 94
model name	: Intel(R) Core(TM) i7-6820HQ CPU @ 2.70GHz
stepping	: 3
microcode	: 0xa6
cpu MHz		: 2712.002
cache size	: 8192 KB
physical id	: 0
siblings	: 1
core id		: 0
cpu cores	: 1
apicid		: 0
initial apicid	: 0
fpu		: yes
fpu_exception	: yes
cpuid level	: 22
wp		: yes
flags		: fpu vme de pse tsc msr pae mce cx8 apic sep mtrr pge mca cmov pat pse36 clflush dts mmx fxsr sse sse2 ss syscall nx pdpe1gb rdtscp lm constant_tsc arch_perfmon pebs bts nopl xtopology tsc_reliable nonstop_tsc aperfmperf eagerfpu pni pclmulqdq vmx ssse3 fma cx16 pcid sse4_1 sse4_2 x2apic movbe popcnt tsc_deadline_timer xsave avx f16c rdrand hypervisor lahf_lm abm 3dnowprefetch epb tpr_shadow vnmi ept vpid fsgsbase tsc_adjust bmi1 hle avx2 smep bmi2 invpcid rtm rdseed adx smap xsaveopt dtherm ida arat pln pts hwp hwp_notify hwp_act_window hwp_epp
bugs		:
bogomips	: 5424.00
clflush size	: 64
cache_alignment	: 64
address sizes	: 42 bits physical, 48 bits virtual
power management:

processor	: 1
vendor_id	: GenuineIntel
cpu family	: 6
model		: 94
model name	: Intel(R) Core(TM) i7-6820HQ CPU @ 2.70GHz
stepping	: 3
microcode	: 0xa6
cpu MHz		: 2712.002
cache size	: 8192 KB
physical id	: 2
siblings	: 1
core id		: 0
cpu cores	: 1
apicid		: 2
initial apicid	: 2
fpu		: yes
fpu_exception	: yes
cpuid level	: 22
wp		: yes
flags		: fpu vme de pse tsc msr pae mce cx8 apic sep mtrr pge mca cmov pat pse36 clflush dts mmx fxsr sse sse2 ss syscall nx pdpe1gb rdtscp lm constant_tsc arch_perfmon pebs bts nopl xtopology tsc_reliable nonstop_tsc aperfmperf eagerfpu pni pclmulqdq vmx ssse3 fma cx16 pcid sse4_1 sse4_2 x2apic movbe popcnt tsc_deadline_timer xsave avx f16c rdrand hypervisor lahf_lm abm 3dnowprefetch epb tpr_shadow vnmi ept vpid fsgsbase tsc_adjust bmi1 hle avx2 smep bmi2 invpcid rtm rdseed adx smap xsaveopt dtherm ida arat pln pts hwp hwp_notify hwp_act_window hwp_epp
bugs		:
bogomips	: 5424.00
clflush size	: 64
cache_alignment	: 64
address sizes	: 42 bits physical, 48 bits virtual
power management:

processor	: 2
vendor_id	: GenuineIntel
cpu family	: 6
model		: 94
model name	: Intel(R) Core(TM) i7-6820HQ CPU @ 2.70GHz
stepping	: 3
microcode	: 0xa6
cpu MHz		: 2712.002
cache size	: 8192 KB
physical id	: 4
siblings	: 1
core id		: 0
cpu cores	: 1
apicid		: 4
initial apicid	: 4
fpu		: yes
fpu_exception	: yes
cpuid level	: 22
wp		: yes
flags		: fpu vme de pse tsc msr pae mce cx8 apic sep mtrr pge mca cmov pat pse36 clflush dts mmx fxsr sse sse2 ss syscall nx pdpe1gb rdtscp lm constant_tsc arch_perfmon pebs bts nopl xtopology tsc_reliable nonstop_tsc aperfmperf eagerfpu pni pclmulqdq vmx ssse3 fma cx16 pcid sse4_1 sse4_2 x2apic movbe popcnt tsc_deadline_timer xsave avx f16c rdrand hypervisor lahf_lm abm 3dnowprefetch epb tpr_shadow vnmi ept vpid fsgsbase tsc_adjust bmi1 hle avx2 smep bmi2 invpcid rtm rdseed adx smap xsaveopt dtherm ida arat pln pts hwp hwp_notify hwp_act_window hwp_epp
bugs		:
bogomips	: 5424.00
clflush size	: 64
cache_alignment	: 64
address sizes	: 42 bits physical, 48 bits virtual
power management:

processor	: 3
vendor_id	: GenuineIntel
cpu family	: 6
model		: 94
model name	: Intel(R) Core(TM) i7-6820HQ CPU @ 2.70GHz
stepping	: 3
microcode	: 0xa6
cpu MHz		: 2712.002
cache size	: 8192 KB
physical id	: 6
siblings	: 1
core id		: 0
cpu cores	: 1
apicid		: 6
initial apicid	: 6
fpu		: yes
fpu_exception	: yes
cpuid level	: 22
wp		: yes
flags		: fpu vme de pse tsc msr pae mce cx8 apic sep mtrr pge mca cmov pat pse36 clflush dts mmx fxsr sse sse2 ss syscall nx pdpe1gb rdtscp lm constant_tsc arch_perfmon pebs bts nopl xtopology tsc_reliable nonstop_tsc aperfmperf eagerfpu pni pclmulqdq vmx ssse3 fma cx16 pcid sse4_1 sse4_2 x2apic movbe popcnt tsc_deadline_timer xsave avx f16c rdrand hypervisor lahf_lm abm 3dnowprefetch epb tpr_shadow vnmi ept vpid fsgsbase tsc_adjust bmi1 hle avx2 smep bmi2 invpcid rtm rdseed adx smap xsaveopt dtherm ida arat pln pts hwp hwp_notify hwp_act_window hwp_epp
bugs		:
bogomips	: 5424.00
clflush size	: 64
cache_alignment	: 64
address sizes	: 42 bits physical, 48 bits virtual
power management:

processor	: 4
vendor_id	: GenuineIntel
cpu family	: 6
model		: 94
model name	: Intel(R) Core(TM) i7-6820HQ CPU @ 2.70GHz
stepping	: 3
microcode	: 0xa6
cpu MHz		: 2712.002
cache size	: 8192 KB
physical id	: 8
siblings	: 1
core id		: 0
cpu cores	: 1
apicid		: 8
initial apicid	: 8
fpu		: yes
fpu_exception	: yes
cpuid level	: 22
wp		: yes
flags		: fpu vme de pse tsc msr pae mce cx8 apic sep mtrr pge mca cmov pat pse36 clflush dts mmx fxsr sse sse2 ss syscall nx pdpe1gb rdtscp lm constant_tsc arch_perfmon pebs bts nopl xtopology tsc_reliable nonstop_tsc aperfmperf eagerfpu pni pclmulqdq vmx ssse3 fma cx16 pcid sse4_1 sse4_2 x2apic movbe popcnt tsc_deadline_timer xsave avx f16c rdrand hypervisor lahf_lm abm 3dnowprefetch epb tpr_shadow vnmi ept vpid fsgsbase tsc_adjust bmi1 hle avx2 smep bmi2 invpcid rtm rdseed adx smap xsaveopt dtherm ida arat pln pts hwp hwp_notify hwp_act_window hwp_epp
bugs		:
bogomips	: 5424.00
clflush size	: 64
cache_alignment	: 64
address sizes	: 42 bits physical, 48 bits virtual
power management:

processor	: 5
vendor_id	: GenuineIntel
cpu family	: 6
model		: 94
model name	: Intel(R) Core(TM) i7-6820HQ CPU @ 2.70GHz
stepping	: 3
microcode	: 0xa6
cpu MHz		: 2712.002
cache size	: 8192 KB
physical id	: 10
siblings	: 1
core id		: 0
cpu cores	: 1
apicid		: 10
initial apicid	: 10
fpu		: yes
fpu_exception	: yes
cpuid level	: 22
wp		: yes
flags		: fpu vme de pse tsc msr pae mce cx8 apic sep mtrr pge mca cmov pat pse36 clflush dts mmx fxsr sse sse2 ss syscall nx pdpe1gb rdtscp lm constant_tsc arch_perfmon pebs bts nopl xtopology tsc_reliable nonstop_tsc aperfmperf eagerfpu pni pclmulqdq vmx ssse3 fma cx16 pcid sse4_1 sse4_2 x2apic movbe popcnt tsc_deadline_timer xsave avx f16c rdrand hypervisor lahf_lm abm 3dnowprefetch epb tpr_shadow vnmi ept vpid fsgsbase tsc_adjust bmi1 hle avx2 smep bmi2 invpcid rtm rdseed adx smap xsaveopt dtherm ida arat pln pts hwp hwp_notify hwp_act_window hwp_epp
bugs		:
bogomips	: 5424.00
clflush size	: 64
cache_alignment	: 64
address sizes	: 42 bits physical, 48 bits virtual
power management:

processor	: 6
vendor_id	: GenuineIntel
cpu family	: 6
model		: 94
model name	: Intel(R) Core(TM) i7-6820HQ CPU @ 2.70GHz
stepping	: 3
microcode	: 0xa6
cpu MHz		: 2712.002
cache size	: 8192 KB
physical id	: 12
siblings	: 1
core id		: 0
cpu cores	: 1
apicid		: 12
initial apicid	: 12
fpu		: yes
fpu_exception	: yes
cpuid level	: 22
wp		: yes
flags		: fpu vme de pse tsc msr pae mce cx8 apic sep mtrr pge mca cmov pat pse36 clflush dts mmx fxsr sse sse2 ss syscall nx pdpe1gb rdtscp lm constant_tsc arch_perfmon pebs bts nopl xtopology tsc_reliable nonstop_tsc aperfmperf eagerfpu pni pclmulqdq vmx ssse3 fma cx16 pcid sse4_1 sse4_2 x2apic movbe popcnt tsc_deadline_timer xsave avx f16c rdrand hypervisor lahf_lm abm 3dnowprefetch epb tpr_shadow vnmi ept vpid fsgsbase tsc_adjust bmi1 hle avx2 smep bmi2 invpcid rtm rdseed adx smap xsaveopt dtherm ida arat pln pts hwp hwp_notify hwp_act_window hwp_epp
bugs		:
bogomips	: 5424.00
clflush size	: 64
cache_alignment	: 64
address sizes	: 42 bits physical, 48 bits virtual
power management:

processor	: 7
vendor_id	: GenuineIntel
cpu family	: 6
model		: 94
model name	: Intel(R) Core(TM) i7-6820HQ CPU @ 2.70GHz
stepping	: 3
microcode	: 0xa6
cpu MHz		: 2712.002
cache size	: 8192 KB
physical id	: 14
siblings	: 1
core id		: 0
cpu cores	: 1
apicid		: 14
initial apicid	: 14
fpu		: yes
fpu_exception	: yes
cpuid level	: 22
wp		: yes
flags		: fpu vme de pse tsc msr pae mce cx8 apic sep mtrr pge mca cmov pat pse36 clflush dts mmx fxsr sse sse2 ss syscall nx pdpe1gb rdtscp lm constant_tsc arch_perfmon pebs bts nopl xtopology tsc_reliable nonstop_tsc aperfmperf eagerfpu pni pclmulqdq vmx ssse3 fma cx16 pcid sse4_1 sse4_2 x2apic movbe popcnt tsc_deadline_timer xsave avx f16c rdrand hypervisor lahf_lm abm 3dnowprefetch epb tpr_shadow vnmi ept vpid fsgsbase tsc_adjust bmi1 hle avx2 smep bmi2 invpcid rtm rdseed adx smap xsaveopt dtherm ida arat pln pts hwp hwp_notify hwp_act_window hwp_epp
bugs		:
bogomips	: 5424.00
clflush size	: 64
cache_alignment	: 64
address sizes	: 42 bits physical, 48 bits virtual
power management:



Memory: 4k page, physical 6093132k(1677304k free), swap 1046524k(1046524k free)

vm_info: OpenJDK 64-Bit Server VM (25.121-b13) for linux-amd64 JRE (1.8.0_121-8u121-b13-0ubuntu1.16.04.2-b13), built on Jan 23 2017 15:51:29 by "buildd" with gcc 5.4.0 20160609

time: Wed Mar 15 17:01:54 2017
elapsed time: 8 seconds (0d 0h 0m 8s)

