#
# A fatal error has been detected by the Java Runtime Environment:
#
#  SIGSEGV (0xb) at pc=0x0000000000000000, pid=8501, tid=0x00007fef1bfff700
#
# JRE version: OpenJDK Runtime Environment (8.0_121-b13) (build 1.8.0_121-8u121-b13-0ubuntu1.16.04.2-b13)
# Java VM: OpenJDK 64-Bit Server VM (25.121-b13 mixed mode linux-amd64 compressed oops)
# Problematic frame:
# C  0x0000000000000000
#
# Failed to write core dump. Core dumps have been disabled. To enable core dumping, try "ulimit -c unlimited" before starting Java again
#
# If you would like to submit a bug report, please visit:
#   http://bugreport.java.com/bugreport/crash.jsp
#

---------------  T H R E A D  ---------------

Current thread is native thread

siginfo: si_signo: 11 (SIGSEGV), si_code: 1 (SEGV_MAPERR), si_addr: 0x0000000000000000

Registers:
RAX=0x0000000000000000, RBX=0x00000000014b662c, RCX=0x00054afe4af0d8c0, RDX=0x0000000000483ca0
RSP=0x00007fef1bffedd8, RBP=0x00007fef1bffedf0, RSI=0x00000000014b662c, RDI=0x0000000000483ca0
R8 =0x00000005deece66d, R9 =0x90070138eb0bf800, R10=0x00007fef4efc4002, R11=0x0000000000000000
R12=0x0000000000000000, R13=0x00007ffeda991b2f, R14=0x00007fef1bfff9c0, R15=0x0000000000000000
RIP=0x0000000000000000, EFLAGS=0x0000000000010206, CSGSFS=0xbff9000000000033, ERR=0x0000000000000014
  TRAPNO=0x000000000000000e

Top of Stack: (sp=0x00007fef1bffedd8)
0x00007fef1bffedd8:   000000000047f7cb 00007fef1bffee00
0x00007fef1bffede8:   0000000000483ca0 00007fef1bffee40
0x00007fef1bffedf8:   000000000044ffe0 00007fef1bffee20
0x00007fef1bffee08:   0000000000000064 00007fef1bffee40
0x00007fef1bffee18:   00054afe4af12d92 0000000000000004
0x00007fef1bffee28:   0000000000483ca0 0000000000000000
0x00007fef1bffee38:   00000000014b53ca 00007fef1bffeec0
0x00007fef1bffee48:   0000000000446bc3 0000000000000000
0x00007fef1bffee58:   0000000001408030 0000000000000000
0x00007fef1bffee68:   0000000000000000 00054afe4af12d91
0x00007fef1bffee78:   000000000000047e 00054afe4af12d91
0x00007fef1bffee88:   0000000000000066 0000000058cd040a
0x00007fef1bffee98:   000000003b631594 0000000000000000
0x00007fef1bffeea8:   626c99b4aa776a00 0000000000000000
0x00007fef1bffeeb8:   0000000000000000 00007fef1bffef10
0x00007fef1bffeec8:   0000000000416328 0000000000000000
0x00007fef1bffeed8:   0000000001408030 0000000000000000
0x00007fef1bffeee8:   0000000001408030 0000000000000000
0x00007fef1bffeef8:   0000000000000000 0000000000000000
0x00007fef1bffef08:   626c99b4aa776a00 0000000000000000
0x00007fef1bffef18:   00007fef507576fa 0000000000000000
0x00007fef1bffef28:   00007fef1bfff700 00007fef1bfff700
0x00007fef1bffef38:   11c718c2c2716fb6 0000000000000000
0x00007fef1bffef48:   00007ffeda991b2f 00007fef1bfff9c0
0x00007fef1bffef58:   0000000000000000 ee192f3d1c316fb6
0x00007fef1bffef68:   ee19b8282f0b6fb6 0000000000000000
0x00007fef1bffef78:   0000000000000000 0000000000000000
0x00007fef1bffef88:   0000000000000000 0000000000000000
0x00007fef1bffef98:   0000000000000000 0000000000000000
0x00007fef1bffefa8:   0000000000000000 00007fef1bfff700
0x00007fef1bffefb8:   00007fef4eaa9b5d 0000000000000000
0x00007fef1bffefc8:   0000000000000000 0000000000000000 

Instructions: (pc=0x0000000000000000)
0xffffffffffffffe0:   

Register to memory mapping:

RAX=0x0000000000000000 is an unknown value
RBX=0x00000000014b662c is an unknown value
RCX=0x00054afe4af0d8c0 is an unknown value
RDX=0x0000000000483ca0: <offset 0x83ca0> in ./main at 0x0000000000400000
RSP=0x00007fef1bffedd8 is an unknown value
RBP=0x00007fef1bffedf0 is an unknown value
RSI=0x00000000014b662c is an unknown value
RDI=0x0000000000483ca0: <offset 0x83ca0> in ./main at 0x0000000000400000
R8 =0x00000005deece66d is an unknown value
R9 =0x90070138eb0bf800 is an unknown value
R10=0x00007fef4efc4002: <offset 0x42002> in /lib/x86_64-linux-gnu/libm.so.6 at 0x00007fef4ef82000
R11=0x0000000000000000 is an unknown value
R12=0x0000000000000000 is an unknown value
R13=0x00007ffeda991b2f is an unknown value
R14=0x00007fef1bfff9c0 is an unknown value
R15=0x0000000000000000 is an unknown value


Stack: [0x00007fef1b7ff000,0x00007fef1c000000],  sp=0x00007fef1bffedd8,  free space=8191k

---------------  P R O C E S S  ---------------

VM state:not at safepoint (normal execution)

VM Mutex/Monitor currently owned by a thread: None

Heap:
 PSYoungGen      total 28160K, used 5476K [0x00000000e1000000, 0x00000000e2f00000, 0x0000000100000000)
  eden space 24576K, 22% used [0x00000000e1000000,0x00000000e1559080,0x00000000e2800000)
  from space 3584K, 0% used [0x00000000e2b80000,0x00000000e2b80000,0x00000000e2f00000)
  to   space 3584K, 0% used [0x00000000e2800000,0x00000000e2800000,0x00000000e2b80000)
 ParOldGen       total 64512K, used 0K [0x00000000a3000000, 0x00000000a6f00000, 0x00000000e1000000)
  object space 64512K, 0% used [0x00000000a3000000,0x00000000a3000000,0x00000000a6f00000)
 Metaspace       used 2788K, capacity 4716K, committed 4864K, reserved 1056768K
  class space    used 283K, capacity 424K, committed 512K, reserved 1048576K

Card table byte_map: [0x00007fef4773d000,0x00007fef47a26000] byte_map_base: 0x00007fef47225000

Marking Bits: (ParMarkBitMap*) 0x00007fef5052b220
 Begin Bits: [0x00007fef21180000, 0x00007fef228c0000)
 End Bits:   [0x00007fef228c0000, 0x00007fef24000000)

Polling page: 0x00007fef50b8f000

CodeCache: size=245760Kb used=1327Kb max_used=1327Kb free=244432Kb
 bounds [0x00007fef31000000, 0x00007fef31270000, 0x00007fef40000000]
 total_blobs=380 nmethods=121 adapters=175
 compilation: enabled

Compilation events (10 events):
Event: 0.233 Thread 0x00007fef480d2000  115       3       java.lang.ThreadLocal::getMap (5 bytes)
Event: 0.234 Thread 0x00007fef480d2000 nmethod 115 0x00007fef31148650 code [0x00007fef311487c0, 0x00007fef31148910]
Event: 0.234 Thread 0x00007fef480d2000  116       3       java.lang.AbstractStringBuilder::<init> (12 bytes)
Event: 0.234 Thread 0x00007fef480d2000 nmethod 116 0x00007fef3114b2d0 code [0x00007fef3114b440, 0x00007fef3114b690]
Event: 0.292 Thread 0x00007fef480d2000  117       3       ch.ethz.rtc.kernel.CurveSegmentIterator::xEnd (20 bytes)
Event: 0.293 Thread 0x00007fef480d2000 nmethod 117 0x00007fef3114bad0 code [0x00007fef3114bc40, 0x00007fef3114bea8]
Event: 0.352 Thread 0x00007fef480d2000  119       3       java.lang.StringBuilder::append (8 bytes)
Event: 0.352 Thread 0x00007fef480d2000 nmethod 119 0x00007fef3114c310 code [0x00007fef3114c4a0, 0x00007fef3114c818]
Event: 0.352 Thread 0x00007fef480d2000  120       3       java.lang.AbstractStringBuilder::append (7 bytes)
Event: 0.352 Thread 0x00007fef480d2000 nmethod 120 0x00007fef3114ca10 code [0x00007fef3114cba0, 0x00007fef3114ceb8]

GC Heap History (0 events):
No events

Deoptimization events (6 events):
Event: 0.134 Thread 0x00007fef4801d000 Uncommon trap: reason=unstable_if action=reinterpret pc=0x00007fef3113b5c4 method=ch.ethz.rtc.kernel.util.DoubleMath.gt(DD)Z @ 7
Event: 0.134 Thread 0x00007fef4801d000 Uncommon trap: reason=unstable_if action=reinterpret pc=0x00007fef31124838 method=java.util.ArrayList.ensureExplicitCapacity(I)V @ 17
Event: 0.141 Thread 0x00007fef4801d000 Uncommon trap: reason=unstable_if action=reinterpret pc=0x00007fef3113e970 method=ch.ethz.rtc.kernel.SegmentList.checkOrder()Z @ 5
Event: 0.171 Thread 0x00007fef4801d000 Uncommon trap: reason=unstable_if action=reinterpret pc=0x00007fef31131fb0 method=ch.ethz.rtc.kernel.Segment.yAt(D)D @ 15
Event: 0.171 Thread 0x00007fef4801d000 Uncommon trap: reason=unstable_if action=reinterpret pc=0x00007fef3112412c method=java.lang.Math.min(DD)D @ 36
Event: 0.171 Thread 0x00007fef4801d000 Uncommon trap: reason=unstable_if action=reinterpret pc=0x00007fef31127558 method=ch.ethz.rtc.kernel.Segment.yAt(D)D @ 50

Internal exceptions (2 events):
Event: 0.042 Thread 0x00007fef4801d000 Exception <a 'java/lang/NoSuchMethodError': Method sun.misc.Unsafe.defineClass(Ljava/lang/String;[BII)Ljava/lang/Class; name or signature does not match> (0x00000000e1007ca8) thrown at [/build/openjdk-8-YiEakL/openjdk-8-8u121-b13/src/hotspot/src/share/vm/
Event: 0.042 Thread 0x00007fef4801d000 Exception <a 'java/lang/NoSuchMethodError': Method sun.misc.Unsafe.prefetchRead(Ljava/lang/Object;J)V name or signature does not match> (0x00000000e1007f90) thrown at [/build/openjdk-8-YiEakL/openjdk-8-8u121-b13/src/hotspot/src/share/vm/prims/jni.cpp, lin

Events (10 events):
Event: 0.142 loading class sun/misc/FDBigInteger done
Event: 0.171 Thread 0x00007fef4801d000 Uncommon trap: trap_request=0xffffff65 fr.pc=0x00007fef31131fb0
Event: 0.171 Thread 0x00007fef4801d000 DEOPT PACKING pc=0x00007fef31131fb0 sp=0x00007fef4df9c280
Event: 0.171 Thread 0x00007fef4801d000 DEOPT UNPACKING pc=0x00007fef31004f69 sp=0x00007fef4df9c1e8 mode 2
Event: 0.171 Thread 0x00007fef4801d000 Uncommon trap: trap_request=0xffffff65 fr.pc=0x00007fef3112412c
Event: 0.171 Thread 0x00007fef4801d000 DEOPT PACKING pc=0x00007fef3112412c sp=0x00007fef4df9c460
Event: 0.171 Thread 0x00007fef4801d000 DEOPT UNPACKING pc=0x00007fef31004f69 sp=0x00007fef4df9c428 mode 2
Event: 0.171 Thread 0x00007fef4801d000 Uncommon trap: trap_request=0xffffff65 fr.pc=0x00007fef31127558
Event: 0.171 Thread 0x00007fef4801d000 DEOPT PACKING pc=0x00007fef31127558 sp=0x00007fef4df9c460
Event: 0.171 Thread 0x00007fef4801d000 DEOPT UNPACKING pc=0x00007fef31004f69 sp=0x00007fef4df9c428 mode 2


Dynamic libraries:
00400000-004b4000 r-xp 00000000 08:01 3173142                            /home/long/Code/trunk/main
006b3000-006b4000 r--p 000b3000 08:01 3173142                            /home/long/Code/trunk/main
006b4000-006b5000 rw-p 000b4000 08:01 3173142                            /home/long/Code/trunk/main
013eb000-01449000 rw-p 00000000 00:00 0                                  [heap]
a3000000-a6f00000 rw-p 00000000 00:00 0 
a6f00000-e1000000 ---p 00000000 00:00 0 
e1000000-e2f00000 rw-p 00000000 00:00 0 
e2f00000-100000000 ---p 00000000 00:00 0 
100000000-100080000 rw-p 00000000 00:00 0 
100080000-140000000 ---p 00000000 00:00 0 
7feed4000000-7feed4021000 rw-p 00000000 00:00 0 
7feed4021000-7feed8000000 ---p 00000000 00:00 0 
7feed8000000-7feed8021000 rw-p 00000000 00:00 0 
7feed8021000-7feedc000000 ---p 00000000 00:00 0 
7feedc000000-7feedc07f000 rw-p 00000000 00:00 0 
7feedc07f000-7feee0000000 ---p 00000000 00:00 0 
7feee0000000-7feee0021000 rw-p 00000000 00:00 0 
7feee0021000-7feee4000000 ---p 00000000 00:00 0 
7feee4000000-7feee4119000 rw-p 00000000 00:00 0 
7feee4119000-7feee8000000 ---p 00000000 00:00 0 
7feee8000000-7feee813b000 rw-p 00000000 00:00 0 
7feee813b000-7feeec000000 ---p 00000000 00:00 0 
7feeec000000-7feeec021000 rw-p 00000000 00:00 0 
7feeec021000-7feef0000000 ---p 00000000 00:00 0 
7feef0000000-7feef01a1000 rw-p 00000000 00:00 0 
7feef01a1000-7feef4000000 ---p 00000000 00:00 0 
7feef4000000-7feef4021000 rw-p 00000000 00:00 0 
7feef4021000-7feef8000000 ---p 00000000 00:00 0 
7feef8000000-7feef8021000 rw-p 00000000 00:00 0 
7feef8021000-7feefc000000 ---p 00000000 00:00 0 
7feefc000000-7feefc021000 rw-p 00000000 00:00 0 
7feefc021000-7fef00000000 ---p 00000000 00:00 0 
7fef00000000-7fef00021000 rw-p 00000000 00:00 0 
7fef00021000-7fef04000000 ---p 00000000 00:00 0 
7fef04000000-7fef04021000 rw-p 00000000 00:00 0 
7fef04021000-7fef08000000 ---p 00000000 00:00 0 
7fef0c000000-7fef0c021000 rw-p 00000000 00:00 0 
7fef0c021000-7fef10000000 ---p 00000000 00:00 0 
7fef14000000-7fef14021000 rw-p 00000000 00:00 0 
7fef14021000-7fef18000000 ---p 00000000 00:00 0 
7fef1affe000-7fef1afff000 ---p 00000000 00:00 0 
7fef1afff000-7fef1b7ff000 rw-p 00000000 00:00 0 
7fef1b7ff000-7fef1b800000 ---p 00000000 00:00 0 
7fef1b800000-7fef1c000000 rw-p 00000000 00:00 0 
7fef1c000000-7fef1c021000 rw-p 00000000 00:00 0 
7fef1c021000-7fef20000000 ---p 00000000 00:00 0 
7fef2017e000-7fef2017f000 ---p 00000000 00:00 0 
7fef2017f000-7fef2097f000 rw-p 00000000 00:00 0 
7fef2097f000-7fef20980000 ---p 00000000 00:00 0 
7fef20980000-7fef24000000 rw-p 00000000 00:00 0 
7fef24000000-7fef24021000 rw-p 00000000 00:00 0 
7fef24021000-7fef28000000 ---p 00000000 00:00 0 
7fef28000000-7fef28021000 rw-p 00000000 00:00 0 
7fef28021000-7fef2c000000 ---p 00000000 00:00 0 
7fef2c000000-7fef2c021000 rw-p 00000000 00:00 0 
7fef2c021000-7fef30000000 ---p 00000000 00:00 0 
7fef30005000-7fef30020000 r--s 00394000 08:01 788453                     /usr/lib/jvm/java-8-openjdk-amd64/jre/lib/ext/cldrdata.jar
7fef30020000-7fef3003b000 r--s 001d6000 08:01 788450                     /usr/lib/jvm/java-8-openjdk-amd64/jre/lib/ext/nashorn.jar
7fef3003b000-7fef3003c000 ---p 00000000 00:00 0 
7fef3003c000-7fef3013c000 rw-p 00000000 00:00 0 
7fef3013c000-7fef3013f000 ---p 00000000 00:00 0 
7fef3013f000-7fef3023d000 rw-p 00000000 00:00 0 
7fef3023d000-7fef30240000 ---p 00000000 00:00 0 
7fef30240000-7fef3033e000 rw-p 00000000 00:00 0 
7fef3033e000-7fef30341000 ---p 00000000 00:00 0 
7fef30341000-7fef3043f000 rw-p 00000000 00:00 0 
7fef3043f000-7fef30442000 ---p 00000000 00:00 0 
7fef30442000-7fef30540000 rw-p 00000000 00:00 0 
7fef30540000-7fef30543000 ---p 00000000 00:00 0 
7fef30543000-7fef30641000 rw-p 00000000 00:00 0 
7fef30641000-7fef31000000 r--p 00000000 08:01 663045                     /usr/lib/locale/locale-archive
7fef31000000-7fef31270000 rwxp 00000000 00:00 0 
7fef31270000-7fef40000000 ---p 00000000 00:00 0 
7fef40000000-7fef40021000 rw-p 00000000 00:00 0 
7fef40021000-7fef44000000 ---p 00000000 00:00 0 
7fef44002000-7fef44005000 ---p 00000000 00:00 0 
7fef44005000-7fef44103000 rw-p 00000000 00:00 0 
7fef44103000-7fef44106000 ---p 00000000 00:00 0 
7fef44106000-7fef44204000 rw-p 00000000 00:00 0 
7fef44204000-7fef44207000 ---p 00000000 00:00 0 
7fef44207000-7fef44305000 rw-p 00000000 00:00 0 
7fef44305000-7fef44306000 ---p 00000000 00:00 0 
7fef44306000-7fef46097000 rw-p 00000000 00:00 0 
7fef46097000-7fef46265000 r--s 03c06000 08:01 788474                     /usr/lib/jvm/java-8-openjdk-amd64/jre/lib/rt.jar
7fef46265000-7fef4679e000 rw-p 00000000 00:00 0 
7fef4679e000-7fef46b5e000 ---p 00000000 00:00 0 
7fef46b5e000-7fef46e46000 rw-p 00000000 00:00 0 
7fef46e46000-7fef46e47000 ---p 00000000 00:00 0 
7fef46e47000-7fef46f47000 rw-p 00000000 00:00 0 
7fef46f47000-7fef46f48000 ---p 00000000 00:00 0 
7fef46f48000-7fef47048000 rw-p 00000000 00:00 0 
7fef47048000-7fef47049000 ---p 00000000 00:00 0 
7fef47049000-7fef47149000 rw-p 00000000 00:00 0 
7fef47149000-7fef4714a000 ---p 00000000 00:00 0 
7fef4714a000-7fef4724a000 rw-p 00000000 00:00 0 
7fef4724a000-7fef4724b000 ---p 00000000 00:00 0 
7fef4724b000-7fef4734b000 rw-p 00000000 00:00 0 
7fef4734b000-7fef4734c000 ---p 00000000 00:00 0 
7fef4734c000-7fef4744c000 rw-p 00000000 00:00 0 
7fef4744c000-7fef4744d000 ---p 00000000 00:00 0 
7fef4744d000-7fef4756d000 rw-p 00000000 00:00 0 
7fef4756d000-7fef4773d000 ---p 00000000 00:00 0 
7fef4773d000-7fef4775d000 rw-p 00000000 00:00 0 
7fef4775d000-7fef4792d000 ---p 00000000 00:00 0 
7fef4792d000-7fef4793d000 rw-p 00000000 00:00 0 
7fef4793d000-7fef47a25000 ---p 00000000 00:00 0 
7fef47a25000-7fef47a30000 rw-p 00000000 00:00 0 
7fef47a30000-7fef47de6000 ---p 00000000 00:00 0 
7fef47de6000-7fef47dff000 r-xp 00000000 08:01 4068366                    /lib/x86_64-linux-gnu/libz.so.1.2.8
7fef47dff000-7fef47ffe000 ---p 00019000 08:01 4068366                    /lib/x86_64-linux-gnu/libz.so.1.2.8
7fef47ffe000-7fef47fff000 r--p 00018000 08:01 4068366                    /lib/x86_64-linux-gnu/libz.so.1.2.8
7fef47fff000-7fef48000000 rw-p 00019000 08:01 4068366                    /lib/x86_64-linux-gnu/libz.so.1.2.8
7fef48000000-7fef481a2000 rw-p 00000000 00:00 0 
7fef481a2000-7fef4c000000 ---p 00000000 00:00 0 
7fef4c012000-7fef4c013000 ---p 00000000 00:00 0 
7fef4c013000-7fef4c113000 rw-p 00000000 00:00 0 
7fef4c113000-7fef4c11b000 r-xp 00000000 08:01 788409                     /usr/lib/jvm/java-8-openjdk-amd64/jre/lib/amd64/libzip.so
7fef4c11b000-7fef4c31a000 ---p 00008000 08:01 788409                     /usr/lib/jvm/java-8-openjdk-amd64/jre/lib/amd64/libzip.so
7fef4c31a000-7fef4c31b000 r--p 00007000 08:01 788409                     /usr/lib/jvm/java-8-openjdk-amd64/jre/lib/amd64/libzip.so
7fef4c31b000-7fef4c31c000 rw-p 00008000 08:01 788409                     /usr/lib/jvm/java-8-openjdk-amd64/jre/lib/amd64/libzip.so
7fef4c31c000-7fef4c327000 r-xp 00000000 08:01 4068274                    /lib/x86_64-linux-gnu/libnss_files-2.23.so
7fef4c327000-7fef4c526000 ---p 0000b000 08:01 4068274                    /lib/x86_64-linux-gnu/libnss_files-2.23.so
7fef4c526000-7fef4c527000 r--p 0000a000 08:01 4068274                    /lib/x86_64-linux-gnu/libnss_files-2.23.so
7fef4c527000-7fef4c528000 rw-p 0000b000 08:01 4068274                    /lib/x86_64-linux-gnu/libnss_files-2.23.so
7fef4c528000-7fef4c52e000 rw-p 00000000 00:00 0 
7fef4c52e000-7fef4c539000 r-xp 00000000 08:01 4068284                    /lib/x86_64-linux-gnu/libnss_nis-2.23.so
7fef4c539000-7fef4c738000 ---p 0000b000 08:01 4068284                    /lib/x86_64-linux-gnu/libnss_nis-2.23.so
7fef4c738000-7fef4c739000 r--p 0000a000 08:01 4068284                    /lib/x86_64-linux-gnu/libnss_nis-2.23.so
7fef4c739000-7fef4c73a000 rw-p 0000b000 08:01 4068284                    /lib/x86_64-linux-gnu/libnss_nis-2.23.so
7fef4c73a000-7fef4c750000 r-xp 00000000 08:01 4068268                    /lib/x86_64-linux-gnu/libnsl-2.23.so
7fef4c750000-7fef4c94f000 ---p 00016000 08:01 4068268                    /lib/x86_64-linux-gnu/libnsl-2.23.so
7fef4c94f000-7fef4c950000 r--p 00015000 08:01 4068268                    /lib/x86_64-linux-gnu/libnsl-2.23.so
7fef4c950000-7fef4c951000 rw-p 00016000 08:01 4068268                    /lib/x86_64-linux-gnu/libnsl-2.23.so
7fef4c951000-7fef4c953000 rw-p 00000000 00:00 0 
7fef4c953000-7fef4c95b000 r-xp 00000000 08:01 4068270                    /lib/x86_64-linux-gnu/libnss_compat-2.23.so
7fef4c95b000-7fef4cb5a000 ---p 00008000 08:01 4068270                    /lib/x86_64-linux-gnu/libnss_compat-2.23.so
7fef4cb5a000-7fef4cb5b000 r--p 00007000 08:01 4068270                    /lib/x86_64-linux-gnu/libnss_compat-2.23.so
7fef4cb5b000-7fef4cb5c000 rw-p 00008000 08:01 4068270                    /lib/x86_64-linux-gnu/libnss_compat-2.23.so
7fef4cb5c000-7fef4cb89000 r-xp 00000000 08:01 788436                     /usr/lib/jvm/java-8-openjdk-amd64/jre/lib/amd64/libjava.so
7fef4cb89000-7fef4cd88000 ---p 0002d000 08:01 788436                     /usr/lib/jvm/java-8-openjdk-amd64/jre/lib/amd64/libjava.so
7fef4cd88000-7fef4cd89000 r--p 0002c000 08:01 788436                     /usr/lib/jvm/java-8-openjdk-amd64/jre/lib/amd64/libjava.so
7fef4cd89000-7fef4cd8b000 rw-p 0002d000 08:01 788436                     /usr/lib/jvm/java-8-openjdk-amd64/jre/lib/amd64/libjava.so
7fef4cd8b000-7fef4cd9a000 r-xp 00000000 08:01 788402                     /usr/lib/jvm/java-8-openjdk-amd64/jre/lib/amd64/libverify.so
7fef4cd9a000-7fef4cf99000 ---p 0000f000 08:01 788402                     /usr/lib/jvm/java-8-openjdk-amd64/jre/lib/amd64/libverify.so
7fef4cf99000-7fef4cf9b000 r--p 0000e000 08:01 788402                     /usr/lib/jvm/java-8-openjdk-amd64/jre/lib/amd64/libverify.so
7fef4cf9b000-7fef4cf9c000 rw-p 00010000 08:01 788402                     /usr/lib/jvm/java-8-openjdk-amd64/jre/lib/amd64/libverify.so
7fef4cf9c000-7fef4cf9d000 ---p 00000000 00:00 0 
7fef4cf9d000-7fef4d79d000 rw-p 00000000 00:00 0 
7fef4d79d000-7fef4d7a0000 ---p 00000000 00:00 0 
7fef4d7a0000-7fef4df9e000 rw-p 00000000 00:00 0 
7fef4df9e000-7fef4df9f000 ---p 00000000 00:00 0 
7fef4df9f000-7fef4e79f000 rw-p 00000000 00:00 0 
7fef4e79f000-7fef4e7a2000 r-xp 00000000 08:01 4068199                    /lib/x86_64-linux-gnu/libdl-2.23.so
7fef4e7a2000-7fef4e9a1000 ---p 00003000 08:01 4068199                    /lib/x86_64-linux-gnu/libdl-2.23.so
7fef4e9a1000-7fef4e9a2000 r--p 00002000 08:01 4068199                    /lib/x86_64-linux-gnu/libdl-2.23.so
7fef4e9a2000-7fef4e9a3000 rw-p 00003000 08:01 4068199                    /lib/x86_64-linux-gnu/libdl-2.23.so
7fef4e9a3000-7fef4eb63000 r-xp 00000000 08:01 4068175                    /lib/x86_64-linux-gnu/libc-2.23.so
7fef4eb63000-7fef4ed62000 ---p 001c0000 08:01 4068175                    /lib/x86_64-linux-gnu/libc-2.23.so
7fef4ed62000-7fef4ed66000 r--p 001bf000 08:01 4068175                    /lib/x86_64-linux-gnu/libc-2.23.so
7fef4ed66000-7fef4ed68000 rw-p 001c3000 08:01 4068175                    /lib/x86_64-linux-gnu/libc-2.23.so
7fef4ed68000-7fef4ed6c000 rw-p 00000000 00:00 0 
7fef4ed6c000-7fef4ed82000 r-xp 00000000 08:01 4068213                    /lib/x86_64-linux-gnu/libgcc_s.so.1
7fef4ed82000-7fef4ef81000 ---p 00016000 08:01 4068213                    /lib/x86_64-linux-gnu/libgcc_s.so.1
7fef4ef81000-7fef4ef82000 rw-p 00015000 08:01 4068213                    /lib/x86_64-linux-gnu/libgcc_s.so.1
7fef4ef82000-7fef4f08a000 r-xp 00000000 08:01 4068245                    /lib/x86_64-linux-gnu/libm-2.23.so
7fef4f08a000-7fef4f289000 ---p 00108000 08:01 4068245                    /lib/x86_64-linux-gnu/libm-2.23.so
7fef4f289000-7fef4f28a000 r--p 00107000 08:01 4068245                    /lib/x86_64-linux-gnu/libm-2.23.so
7fef4f28a000-7fef4f28b000 rw-p 00108000 08:01 4068245                    /lib/x86_64-linux-gnu/libm-2.23.so
7fef4f28b000-7fef4f3fd000 r-xp 00000000 08:01 657537                     /usr/lib/x86_64-linux-gnu/libstdc++.so.6.0.21
7fef4f3fd000-7fef4f5fd000 ---p 00172000 08:01 657537                     /usr/lib/x86_64-linux-gnu/libstdc++.so.6.0.21
7fef4f5fd000-7fef4f607000 r--p 00172000 08:01 657537                     /usr/lib/x86_64-linux-gnu/libstdc++.so.6.0.21
7fef4f607000-7fef4f609000 rw-p 0017c000 08:01 657537                     /usr/lib/x86_64-linux-gnu/libstdc++.so.6.0.21
7fef4f609000-7fef4f60d000 rw-p 00000000 00:00 0 
7fef4f60d000-7fef5025d000 r-xp 00000000 08:01 788431                     /usr/lib/jvm/java-8-openjdk-amd64/jre/lib/amd64/server/libjvm.so
7fef5025d000-7fef5045c000 ---p 00c50000 08:01 788431                     /usr/lib/jvm/java-8-openjdk-amd64/jre/lib/amd64/server/libjvm.so
7fef5045c000-7fef504ef000 r--p 00c4f000 08:01 788431                     /usr/lib/jvm/java-8-openjdk-amd64/jre/lib/amd64/server/libjvm.so
7fef504ef000-7fef50518000 rw-p 00ce2000 08:01 788431                     /usr/lib/jvm/java-8-openjdk-amd64/jre/lib/amd64/server/libjvm.so
7fef50518000-7fef50548000 rw-p 00000000 00:00 0 
7fef50548000-7fef5054f000 r-xp 00000000 08:01 4068329                    /lib/x86_64-linux-gnu/librt-2.23.so
7fef5054f000-7fef5074e000 ---p 00007000 08:01 4068329                    /lib/x86_64-linux-gnu/librt-2.23.so
7fef5074e000-7fef5074f000 r--p 00006000 08:01 4068329                    /lib/x86_64-linux-gnu/librt-2.23.so
7fef5074f000-7fef50750000 rw-p 00007000 08:01 4068329                    /lib/x86_64-linux-gnu/librt-2.23.so
7fef50750000-7fef50768000 r-xp 00000000 08:01 4068321                    /lib/x86_64-linux-gnu/libpthread-2.23.so
7fef50768000-7fef50967000 ---p 00018000 08:01 4068321                    /lib/x86_64-linux-gnu/libpthread-2.23.so
7fef50967000-7fef50968000 r--p 00017000 08:01 4068321                    /lib/x86_64-linux-gnu/libpthread-2.23.so
7fef50968000-7fef50969000 rw-p 00018000 08:01 4068321                    /lib/x86_64-linux-gnu/libpthread-2.23.so
7fef50969000-7fef5096d000 rw-p 00000000 00:00 0 
7fef5096d000-7fef50993000 r-xp 00000000 08:01 4068147                    /lib/x86_64-linux-gnu/ld-2.23.so
7fef5099b000-7fef5099f000 r--s 00037000 08:01 788455                     /usr/lib/jvm/java-8-openjdk-amd64/jre/lib/ext/sunpkcs11.jar
7fef5099f000-7fef509a9000 r--s 00116000 08:01 788456                     /usr/lib/jvm/java-8-openjdk-amd64/jre/lib/ext/localedata.jar
7fef509a9000-7fef50b78000 rw-p 00000000 00:00 0 
7fef50b78000-7fef50b7a000 r--s 00001000 08:01 788451                     /usr/lib/jvm/java-8-openjdk-amd64/jre/lib/ext/dnsns.jar
7fef50b7a000-7fef50b7f000 r--s 0003b000 08:01 788467                     /usr/lib/jvm/java-8-openjdk-amd64/jre/lib/ext/sunjce_provider.jar
7fef50b7f000-7fef50b82000 r--s 0000f000 08:01 788452                     /usr/lib/jvm/java-8-openjdk-amd64/jre/lib/ext/icedtea-sound.jar
7fef50b82000-7fef50b84000 r--s 00008000 08:01 788449                     /usr/lib/jvm/java-8-openjdk-amd64/jre/lib/ext/sunec.jar
7fef50b84000-7fef50b85000 r--s 00010000 08:01 788454                     /usr/lib/jvm/java-8-openjdk-amd64/jre/lib/ext/zipfs.jar
7fef50b85000-7fef50b86000 r--s 0000a000 08:01 788468                     /usr/lib/jvm/java-8-openjdk-amd64/jre/lib/ext/jaccess.jar
7fef50b86000-7fef50b8e000 rw-s 00000000 08:01 3434047                    /tmp/hsperfdata_root/8501
7fef50b8e000-7fef50b8f000 rw-p 00000000 00:00 0 
7fef50b8f000-7fef50b90000 r--p 00000000 00:00 0 
7fef50b90000-7fef50b92000 rw-p 00000000 00:00 0 
7fef50b92000-7fef50b93000 r--p 00025000 08:01 4068147                    /lib/x86_64-linux-gnu/ld-2.23.so
7fef50b93000-7fef50b94000 rw-p 00026000 08:01 4068147                    /lib/x86_64-linux-gnu/ld-2.23.so
7fef50b94000-7fef50b95000 rw-p 00000000 00:00 0 
7ffeda973000-7ffeda994000 rw-p 00000000 00:00 0                          [stack]
7ffeda9a4000-7ffeda9a6000 r--p 00000000 00:00 0                          [vvar]
7ffeda9a6000-7ffeda9a8000 r-xp 00000000 00:00 0                          [vdso]
ffffffffff600000-ffffffffff601000 r-xp 00000000 00:00 0                  [vsyscall]

VM Arguments:
jvm_args: . 
java_command: <unknown>
java_class_path (initial): <not set>
Launcher Type: generic

Environment Variables:
PATH=/usr/local/sbin:/usr/local/bin:/usr/sbin:/usr/bin:/sbin:/bin
USERNAME=root
SHELL=/bin/bash
DISPLAY=:0

Signal Handlers:
SIGSEGV: [libjvm.so+0xa66fd0], sa_mask[0]=11111111011111111101111111111110, sa_flags=SA_RESTART|SA_SIGINFO
SIGBUS: [libjvm.so+0xa66fd0], sa_mask[0]=11111111011111111101111111111110, sa_flags=SA_RESTART|SA_SIGINFO
SIGFPE: [libjvm.so+0x8b0180], sa_mask[0]=11111111011111111101111111111110, sa_flags=SA_RESTART|SA_SIGINFO
SIGPIPE: [libjvm.so+0x8b0180], sa_mask[0]=11111111011111111101111111111110, sa_flags=SA_RESTART|SA_SIGINFO
SIGXFSZ: [libjvm.so+0x8b0180], sa_mask[0]=11111111011111111101111111111110, sa_flags=SA_RESTART|SA_SIGINFO
SIGILL: [libjvm.so+0x8b0180], sa_mask[0]=11111111011111111101111111111110, sa_flags=SA_RESTART|SA_SIGINFO
SIGUSR1: SIG_DFL, sa_mask[0]=00000000000000000000000000000000, sa_flags=none
SIGUSR2: [libjvm.so+0x8b0030], sa_mask[0]=00000000000000000000000000000000, sa_flags=SA_RESTART|SA_SIGINFO
SIGHUP: [libjvm.so+0x8b0500], sa_mask[0]=11111111011111111101111111111110, sa_flags=SA_RESTART|SA_SIGINFO
SIGINT: [libjvm.so+0x8b0500], sa_mask[0]=11111111011111111101111111111110, sa_flags=SA_RESTART|SA_SIGINFO
SIGTERM: [libjvm.so+0x8b0500], sa_mask[0]=11111111011111111101111111111110, sa_flags=SA_RESTART|SA_SIGINFO
SIGQUIT: [libjvm.so+0x8b0500], sa_mask[0]=11111111011111111101111111111110, sa_flags=SA_RESTART|SA_SIGINFO


---------------  S Y S T E M  ---------------

OS:DISTRIB_ID=Ubuntu
DISTRIB_RELEASE=16.04
DISTRIB_CODENAME=xenial
DISTRIB_DESCRIPTION="Ubuntu 16.04.1 LTS"

uname:Linux 4.4.0-66-generic #87-Ubuntu SMP Fri Mar 3 15:29:05 UTC 2017 x86_64
libc:glibc 2.23 NPTL 2.23 
rlimit: STACK 8192k, CORE 0k, NPROC 23648, NOFILE 65536, AS infinity
load average:0.14 0.24 0.16

/proc/meminfo:
MemTotal:        6093132 kB
MemFree:         3218088 kB
MemAvailable:    4022168 kB
Buffers:          205280 kB
Cached:           834796 kB
SwapCached:            0 kB
Active:          1550860 kB
Inactive:         405360 kB
Active(anon):     917300 kB
Inactive(anon):    84904 kB
Active(file):     633560 kB
Inactive(file):   320456 kB
Unevictable:          16 kB
Mlocked:              16 kB
SwapTotal:       1046524 kB
SwapFree:        1046524 kB
Dirty:                48 kB
Writeback:             0 kB
AnonPages:        920296 kB
Mapped:           287596 kB
Shmem:             86064 kB
Slab:             180236 kB
SReclaimable:     126724 kB
SUnreclaim:        53512 kB
KernelStack:       10560 kB
PageTables:        28836 kB
NFS_Unstable:          0 kB
Bounce:                0 kB
WritebackTmp:          0 kB
CommitLimit:     4093088 kB
Committed_AS:    4184640 kB
VmallocTotal:   34359738367 kB
VmallocUsed:           0 kB
VmallocChunk:          0 kB
HardwareCorrupted:     0 kB
AnonHugePages:    598016 kB
CmaTotal:              0 kB
CmaFree:               0 kB
HugePages_Total:       0
HugePages_Free:        0
HugePages_Rsvd:        0
HugePages_Surp:        0
Hugepagesize:       2048 kB
DirectMap4k:      100160 kB
DirectMap2M:     3045376 kB
DirectMap1G:     5242880 kB


CPU:total 8 (1 cores per cpu, 1 threads per core) family 6 model 94 stepping 3, cmov, cx8, fxsr, mmx, sse, sse2, sse3, ssse3, sse4.1, sse4.2, popcnt, avx, avx2, clmul, erms, rtm, 3dnowpref, lzcnt, tsc, tscinvbit, bmi1, bmi2, adx

/proc/cpuinfo:
processor	: 0
vendor_id	: GenuineIntel
cpu family	: 6
model		: 94
model name	: Intel(R) Core(TM) i7-6820HQ CPU @ 2.70GHz
stepping	: 3
microcode	: 0xa6
cpu MHz		: 2712.005
cache size	: 8192 KB
physical id	: 0
siblings	: 1
core id		: 0
cpu cores	: 1
apicid		: 0
initial apicid	: 0
fpu		: yes
fpu_exception	: yes
cpuid level	: 22
wp		: yes
flags		: fpu vme de pse tsc msr pae mce cx8 apic sep mtrr pge mca cmov pat pse36 clflush dts mmx fxsr sse sse2 ss syscall nx pdpe1gb rdtscp lm constant_tsc arch_perfmon pebs bts nopl xtopology tsc_reliable nonstop_tsc aperfmperf eagerfpu pni pclmulqdq vmx ssse3 fma cx16 pcid sse4_1 sse4_2 x2apic movbe popcnt tsc_deadline_timer xsave avx f16c rdrand hypervisor lahf_lm abm 3dnowprefetch epb tpr_shadow vnmi ept vpid fsgsbase tsc_adjust bmi1 hle avx2 smep bmi2 invpcid rtm rdseed adx smap xsaveopt dtherm ida arat pln pts hwp hwp_notify hwp_act_window hwp_epp
bugs		:
bogomips	: 5424.01
clflush size	: 64
cache_alignment	: 64
address sizes	: 42 bits physical, 48 bits virtual
power management:

processor	: 1
vendor_id	: GenuineIntel
cpu family	: 6
model		: 94
model name	: Intel(R) Core(TM) i7-6820HQ CPU @ 2.70GHz
stepping	: 3
microcode	: 0xa6
cpu MHz		: 2712.005
cache size	: 8192 KB
physical id	: 2
siblings	: 1
core id		: 0
cpu cores	: 1
apicid		: 2
initial apicid	: 2
fpu		: yes
fpu_exception	: yes
cpuid level	: 22
wp		: yes
flags		: fpu vme de pse tsc msr pae mce cx8 apic sep mtrr pge mca cmov pat pse36 clflush dts mmx fxsr sse sse2 ss syscall nx pdpe1gb rdtscp lm constant_tsc arch_perfmon pebs bts nopl xtopology tsc_reliable nonstop_tsc aperfmperf eagerfpu pni pclmulqdq vmx ssse3 fma cx16 pcid sse4_1 sse4_2 x2apic movbe popcnt tsc_deadline_timer xsave avx f16c rdrand hypervisor lahf_lm abm 3dnowprefetch epb tpr_shadow vnmi ept vpid fsgsbase tsc_adjust bmi1 hle avx2 smep bmi2 invpcid rtm rdseed adx smap xsaveopt dtherm ida arat pln pts hwp hwp_notify hwp_act_window hwp_epp
bugs		:
bogomips	: 5424.01
clflush size	: 64
cache_alignment	: 64
address sizes	: 42 bits physical, 48 bits virtual
power management:

processor	: 2
vendor_id	: GenuineIntel
cpu family	: 6
model		: 94
model name	: Intel(R) Core(TM) i7-6820HQ CPU @ 2.70GHz
stepping	: 3
microcode	: 0xa6
cpu MHz		: 2712.005
cache size	: 8192 KB
physical id	: 4
siblings	: 1
core id		: 0
cpu cores	: 1
apicid		: 4
initial apicid	: 4
fpu		: yes
fpu_exception	: yes
cpuid level	: 22
wp		: yes
flags		: fpu vme de pse tsc msr pae mce cx8 apic sep mtrr pge mca cmov pat pse36 clflush dts mmx fxsr sse sse2 ss syscall nx pdpe1gb rdtscp lm constant_tsc arch_perfmon pebs bts nopl xtopology tsc_reliable nonstop_tsc aperfmperf eagerfpu pni pclmulqdq vmx ssse3 fma cx16 pcid sse4_1 sse4_2 x2apic movbe popcnt tsc_deadline_timer xsave avx f16c rdrand hypervisor lahf_lm abm 3dnowprefetch epb tpr_shadow vnmi ept vpid fsgsbase tsc_adjust bmi1 hle avx2 smep bmi2 invpcid rtm rdseed adx smap xsaveopt dtherm ida arat pln pts hwp hwp_notify hwp_act_window hwp_epp
bugs		:
bogomips	: 5424.01
clflush size	: 64
cache_alignment	: 64
address sizes	: 42 bits physical, 48 bits virtual
power management:

processor	: 3
vendor_id	: GenuineIntel
cpu family	: 6
model		: 94
model name	: Intel(R) Core(TM) i7-6820HQ CPU @ 2.70GHz
stepping	: 3
microcode	: 0xa6
cpu MHz		: 2712.005
cache size	: 8192 KB
physical id	: 6
siblings	: 1
core id		: 0
cpu cores	: 1
apicid		: 6
initial apicid	: 6
fpu		: yes
fpu_exception	: yes
cpuid level	: 22
wp		: yes
flags		: fpu vme de pse tsc msr pae mce cx8 apic sep mtrr pge mca cmov pat pse36 clflush dts mmx fxsr sse sse2 ss syscall nx pdpe1gb rdtscp lm constant_tsc arch_perfmon pebs bts nopl xtopology tsc_reliable nonstop_tsc aperfmperf eagerfpu pni pclmulqdq vmx ssse3 fma cx16 pcid sse4_1 sse4_2 x2apic movbe popcnt tsc_deadline_timer xsave avx f16c rdrand hypervisor lahf_lm abm 3dnowprefetch epb tpr_shadow vnmi ept vpid fsgsbase tsc_adjust bmi1 hle avx2 smep bmi2 invpcid rtm rdseed adx smap xsaveopt dtherm ida arat pln pts hwp hwp_notify hwp_act_window hwp_epp
bugs		:
bogomips	: 5424.01
clflush size	: 64
cache_alignment	: 64
address sizes	: 42 bits physical, 48 bits virtual
power management:

processor	: 4
vendor_id	: GenuineIntel
cpu family	: 6
model		: 94
model name	: Intel(R) Core(TM) i7-6820HQ CPU @ 2.70GHz
stepping	: 3
microcode	: 0xa6
cpu MHz		: 2712.005
cache size	: 8192 KB
physical id	: 8
siblings	: 1
core id		: 0
cpu cores	: 1
apicid		: 8
initial apicid	: 8
fpu		: yes
fpu_exception	: yes
cpuid level	: 22
wp		: yes
flags		: fpu vme de pse tsc msr pae mce cx8 apic sep mtrr pge mca cmov pat pse36 clflush dts mmx fxsr sse sse2 ss syscall nx pdpe1gb rdtscp lm constant_tsc arch_perfmon pebs bts nopl xtopology tsc_reliable nonstop_tsc aperfmperf eagerfpu pni pclmulqdq vmx ssse3 fma cx16 pcid sse4_1 sse4_2 x2apic movbe popcnt tsc_deadline_timer xsave avx f16c rdrand hypervisor lahf_lm abm 3dnowprefetch epb tpr_shadow vnmi ept vpid fsgsbase tsc_adjust bmi1 hle avx2 smep bmi2 invpcid rtm rdseed adx smap xsaveopt dtherm ida arat pln pts hwp hwp_notify hwp_act_window hwp_epp
bugs		:
bogomips	: 5424.01
clflush size	: 64
cache_alignment	: 64
address sizes	: 42 bits physical, 48 bits virtual
power management:

processor	: 5
vendor_id	: GenuineIntel
cpu family	: 6
model		: 94
model name	: Intel(R) Core(TM) i7-6820HQ CPU @ 2.70GHz
stepping	: 3
microcode	: 0xa6
cpu MHz		: 2712.005
cache size	: 8192 KB
physical id	: 10
siblings	: 1
core id		: 0
cpu cores	: 1
apicid		: 10
initial apicid	: 10
fpu		: yes
fpu_exception	: yes
cpuid level	: 22
wp		: yes
flags		: fpu vme de pse tsc msr pae mce cx8 apic sep mtrr pge mca cmov pat pse36 clflush dts mmx fxsr sse sse2 ss syscall nx pdpe1gb rdtscp lm constant_tsc arch_perfmon pebs bts nopl xtopology tsc_reliable nonstop_tsc aperfmperf eagerfpu pni pclmulqdq vmx ssse3 fma cx16 pcid sse4_1 sse4_2 x2apic movbe popcnt tsc_deadline_timer xsave avx f16c rdrand hypervisor lahf_lm abm 3dnowprefetch epb tpr_shadow vnmi ept vpid fsgsbase tsc_adjust bmi1 hle avx2 smep bmi2 invpcid rtm rdseed adx smap xsaveopt dtherm ida arat pln pts hwp hwp_notify hwp_act_window hwp_epp
bugs		:
bogomips	: 5424.01
clflush size	: 64
cache_alignment	: 64
address sizes	: 42 bits physical, 48 bits virtual
power management:

processor	: 6
vendor_id	: GenuineIntel
cpu family	: 6
model		: 94
model name	: Intel(R) Core(TM) i7-6820HQ CPU @ 2.70GHz
stepping	: 3
microcode	: 0xa6
cpu MHz		: 2712.005
cache size	: 8192 KB
physical id	: 12
siblings	: 1
core id		: 0
cpu cores	: 1
apicid		: 12
initial apicid	: 12
fpu		: yes
fpu_exception	: yes
cpuid level	: 22
wp		: yes
flags		: fpu vme de pse tsc msr pae mce cx8 apic sep mtrr pge mca cmov pat pse36 clflush dts mmx fxsr sse sse2 ss syscall nx pdpe1gb rdtscp lm constant_tsc arch_perfmon pebs bts nopl xtopology tsc_reliable nonstop_tsc aperfmperf eagerfpu pni pclmulqdq vmx ssse3 fma cx16 pcid sse4_1 sse4_2 x2apic movbe popcnt tsc_deadline_timer xsave avx f16c rdrand hypervisor lahf_lm abm 3dnowprefetch epb tpr_shadow vnmi ept vpid fsgsbase tsc_adjust bmi1 hle avx2 smep bmi2 invpcid rtm rdseed adx smap xsaveopt dtherm ida arat pln pts hwp hwp_notify hwp_act_window hwp_epp
bugs		:
bogomips	: 5424.01
clflush size	: 64
cache_alignment	: 64
address sizes	: 42 bits physical, 48 bits virtual
power management:

processor	: 7
vendor_id	: GenuineIntel
cpu family	: 6
model		: 94
model name	: Intel(R) Core(TM) i7-6820HQ CPU @ 2.70GHz
stepping	: 3
microcode	: 0xa6
cpu MHz		: 2712.005
cache size	: 8192 KB
physical id	: 14
siblings	: 1
core id		: 0
cpu cores	: 1
apicid		: 14
initial apicid	: 14
fpu		: yes
fpu_exception	: yes
cpuid level	: 22
wp		: yes
flags		: fpu vme de pse tsc msr pae mce cx8 apic sep mtrr pge mca cmov pat pse36 clflush dts mmx fxsr sse sse2 ss syscall nx pdpe1gb rdtscp lm constant_tsc arch_perfmon pebs bts nopl xtopology tsc_reliable nonstop_tsc aperfmperf eagerfpu pni pclmulqdq vmx ssse3 fma cx16 pcid sse4_1 sse4_2 x2apic movbe popcnt tsc_deadline_timer xsave avx f16c rdrand hypervisor lahf_lm abm 3dnowprefetch epb tpr_shadow vnmi ept vpid fsgsbase tsc_adjust bmi1 hle avx2 smep bmi2 invpcid rtm rdseed adx smap xsaveopt dtherm ida arat pln pts hwp hwp_notify hwp_act_window hwp_epp
bugs		:
bogomips	: 5424.01
clflush size	: 64
cache_alignment	: 64
address sizes	: 42 bits physical, 48 bits virtual
power management:



Memory: 4k page, physical 6093132k(3218088k free), swap 1046524k(1046524k free)

vm_info: OpenJDK 64-Bit Server VM (25.121-b13) for linux-amd64 JRE (1.8.0_121-8u121-b13-0ubuntu1.16.04.2-b13), built on Jan 23 2017 15:51:29 by "buildd" with gcc 5.4.0 20160609

time: Sat Mar 18 10:55:23 2017
elapsed time: 0 seconds (0d 0h 0m 0s)

