#
# A fatal error has been detected by the Java Runtime Environment:
#
#  SIGSEGV (0xb) at pc=0x0000000000000000, pid=8418, tid=0x00007f710d807700
#
# JRE version: OpenJDK Runtime Environment (8.0_121-b13) (build 1.8.0_121-8u121-b13-0ubuntu1.16.04.2-b13)
# Java VM: OpenJDK 64-Bit Server VM (25.121-b13 mixed mode linux-amd64 compressed oops)
# Problematic frame:
# C  0x0000000000000000
#
# Failed to write core dump. Core dumps have been disabled. To enable core dumping, try "ulimit -c unlimited" before starting Java again
#
# If you would like to submit a bug report, please visit:
#   http://bugreport.java.com/bugreport/crash.jsp
#

---------------  T H R E A D  ---------------

Current thread is native thread

siginfo: si_signo: 11 (SIGSEGV), si_code: 1 (SEGV_MAPERR), si_addr: 0x0000000000000000

Registers:
RAX=0x0000000000000000, RBX=0x000000001a0b5d0f, RCX=0x00054afe489dc100, RDX=0x0000000000483ca0
RSP=0x00007f710d806dd8, RBP=0x00007f710d806df0, RSI=0x000000001a0b5d0f, RDI=0x0000000000483ca0
R8 =0x0000000001ffffff, R9 =0x94623a707bfbe600, R10=0x00007f714f664002, R11=0x0000000000000000
R12=0x0000000000000000, R13=0x00007ffca8614a0f, R14=0x00007f710d8079c0, R15=0x0000000000000000
RIP=0x0000000000000000, EFLAGS=0x0000000000010206, CSGSFS=0xbff9000000000033, ERR=0x0000000000000014
  TRAPNO=0x000000000000000e

Top of Stack: (sp=0x00007f710d806dd8)
0x00007f710d806dd8:   000000000047f7cb 00007f710d806e10
0x00007f710d806de8:   0000000000483ca0 00007f710d806e40
0x00007f710d806df8:   000000000044ffe0 0000000000000000
0x00007f710d806e08:   0000000000000064 00007f710d806e40
0x00007f710d806e18:   00054afe48a46bd8 0000000000000000
0x00007f710d806e28:   0000000000483ca0 0000000000000000
0x00007f710d806e38:   000000001a0b5c70 00007f710d806ec0
0x00007f710d806e48:   0000000000446bc3 0000000000000000
0x00007f710d806e58:   0000000000cc5710 0000000000000000
0x00007f710d806e68:   0000000000000000 00054afe48a46bd8
0x00007f710d806e78:   0000000000000d9b 00054afe48a46bd8
0x00007f710d806e88:   0000000000000066 0000000058cd03e4
0x00007f710d806e98:   0000000019d12d12 0000000000000000
0x00007f710d806ea8:   d5db86bd5bd73200 0000000000000000
0x00007f710d806eb8:   0000000000000000 00007f710d806f10
0x00007f710d806ec8:   0000000000416328 0000000000000000
0x00007f710d806ed8:   0000000000cc5710 0000000000000000
0x00007f710d806ee8:   0000000000cc5710 0000000000000000
0x00007f710d806ef8:   0000000000000000 0000000000000000
0x00007f710d806f08:   d5db86bd5bd73200 0000000000000000
0x00007f710d806f18:   00007f7150df86fa 0000000000000000
0x00007f710d806f28:   00007f710d807700 00007f710d807700
0x00007f710d806f38:   2b520ed3c2986b0c 0000000000000000
0x00007f710d806f48:   00007ffca8614a0f 00007f710d8079c0
0x00007f710d806f58:   0000000000000000 d5b015d31cd86b0c
0x00007f710d806f68:   d5b0af6ccfe26b0c 0000000000000000
0x00007f710d806f78:   0000000000000000 0000000000000000
0x00007f710d806f88:   0000000000000000 0000000000000000
0x00007f710d806f98:   0000000000000000 0000000000000000
0x00007f710d806fa8:   0000000000000000 00007f710d807700
0x00007f710d806fb8:   00007f714f14ab5d 0000000000000000
0x00007f710d806fc8:   0000000000000000 0000000000000000 

Instructions: (pc=0x0000000000000000)
0xffffffffffffffe0:   

Register to memory mapping:

RAX=0x0000000000000000 is an unknown value
RBX=0x000000001a0b5d0f is an unknown value
RCX=0x00054afe489dc100 is an unknown value
RDX=0x0000000000483ca0: <offset 0x83ca0> in ./main at 0x0000000000400000
RSP=0x00007f710d806dd8 is an unknown value
RBP=0x00007f710d806df0 is an unknown value
RSI=0x000000001a0b5d0f is an unknown value
RDI=0x0000000000483ca0: <offset 0x83ca0> in ./main at 0x0000000000400000
R8 =0x0000000001ffffff is an unknown value
R9 =0x94623a707bfbe600 is an unknown value
R10=0x00007f714f664002: __lgammal_r_finite+0x482 in /lib/x86_64-linux-gnu/libm.so.6 at 0x00007f714f623000
R11=0x0000000000000000 is an unknown value
R12=0x0000000000000000 is an unknown value
R13=0x00007ffca8614a0f is an unknown value
R14=0x00007f710d8079c0 is an unknown value
R15=0x0000000000000000 is an unknown value


Stack: [0x00007f710d007000,0x00007f710d808000],  sp=0x00007f710d806dd8,  free space=8191k

---------------  P R O C E S S  ---------------

VM state:not at safepoint (normal execution)

VM Mutex/Monitor currently owned by a thread: None

Heap:
 PSYoungGen      total 28160K, used 5476K [0x00000000e1000000, 0x00000000e2f00000, 0x0000000100000000)
  eden space 24576K, 22% used [0x00000000e1000000,0x00000000e1559058,0x00000000e2800000)
  from space 3584K, 0% used [0x00000000e2b80000,0x00000000e2b80000,0x00000000e2f00000)
  to   space 3584K, 0% used [0x00000000e2800000,0x00000000e2800000,0x00000000e2b80000)
 ParOldGen       total 64512K, used 0K [0x00000000a3000000, 0x00000000a6f00000, 0x00000000e1000000)
  object space 64512K, 0% used [0x00000000a3000000,0x00000000a3000000,0x00000000a6f00000)
 Metaspace       used 2786K, capacity 4716K, committed 4864K, reserved 1056768K
  class space    used 283K, capacity 424K, committed 512K, reserved 1048576K

Card table byte_map: [0x00007f7147d17000,0x00007f7148000000] byte_map_base: 0x00007f71477ff000

Marking Bits: (ParMarkBitMap*) 0x00007f7150bcc220
 Begin Bits: [0x00007f71445a0000, 0x00007f7145ce0000)
 End Bits:   [0x00007f7145ce0000, 0x00007f7147420000)

Polling page: 0x00007f7151230000

CodeCache: size=245760Kb used=1310Kb max_used=1310Kb free=244449Kb
 bounds [0x00007f7131000000, 0x00007f7131270000, 0x00007f7140000000]
 total_blobs=365 nmethods=106 adapters=175
 compilation: enabled

Compilation events (10 events):
Event: 0.280 Thread 0x00007f71480d2000  102       3       java.lang.AbstractStringBuilder::newCapacity (39 bytes)
Event: 0.280 Thread 0x00007f71480d2000 nmethod 102 0x00007f7131140610 code [0x00007f71311407a0, 0x00007f7131140b88]
Event: 0.309 Thread 0x00007f71480d2000  105       3       ch.ethz.rtc.kernel.SegmentListIterator::next (249 bytes)
Event: 0.311 Thread 0x00007f71480d2000 nmethod 105 0x00007f7131146d90 code [0x00007f7131147000, 0x00007f7131147bf8]
Event: 0.311 Thread 0x00007f71480d2000  103       3       ch.ethz.rtc.kernel.Segment::yAt (75 bytes)
Event: 0.312 Thread 0x00007f71480d2000 nmethod 103 0x00007f7131148190 code [0x00007f71311483a0, 0x00007f7131148a50]
Event: 0.312 Thread 0x00007f71480d2000  104       1       ch.ethz.rtc.kernel.Segment::s (5 bytes)
Event: 0.312 Thread 0x00007f71480d2000 nmethod 104 0x00007f7131146ad0 code [0x00007f7131146c20, 0x00007f7131146d30]
Event: 0.312 Thread 0x00007f71480d2000  106       3       java.lang.Math::max (11 bytes)
Event: 0.312 Thread 0x00007f71480d2000 nmethod 106 0x00007f7131148b90 code [0x00007f7131148d00, 0x00007f7131148e90]

GC Heap History (0 events):
No events

Deoptimization events (6 events):
Event: 0.238 Thread 0x00007f714801d000 Uncommon trap: reason=unstable_if action=reinterpret pc=0x00007f71311274f8 method=java.util.ArrayList.ensureExplicitCapacity(I)V @ 17
Event: 0.243 Thread 0x00007f714801d000 Uncommon trap: reason=unstable_if action=reinterpret pc=0x00007f713113ba84 method=ch.ethz.rtc.kernel.util.DoubleMath.gt(DD)Z @ 7
Event: 0.248 Thread 0x00007f714801d000 Uncommon trap: reason=unstable_if action=reinterpret pc=0x00007f71311430f0 method=ch.ethz.rtc.kernel.SegmentList.checkOrder()Z @ 5
Event: 0.278 Thread 0x00007f714801d000 Uncommon trap: reason=unstable_if action=reinterpret pc=0x00007f7131131c30 method=ch.ethz.rtc.kernel.Segment.yAt(D)D @ 15
Event: 0.278 Thread 0x00007f714801d000 Uncommon trap: reason=unstable_if action=reinterpret pc=0x00007f7131128e6c method=java.lang.Math.min(DD)D @ 36
Event: 0.278 Thread 0x00007f714801d000 Uncommon trap: reason=unstable_if action=reinterpret pc=0x00007f7131129698 method=ch.ethz.rtc.kernel.Segment.yAt(D)D @ 50

Internal exceptions (2 events):
Event: 0.107 Thread 0x00007f714801d000 Exception <a 'java/lang/NoSuchMethodError': Method sun.misc.Unsafe.defineClass(Ljava/lang/String;[BII)Ljava/lang/Class; name or signature does not match> (0x00000000e1007ca8) thrown at [/build/openjdk-8-YiEakL/openjdk-8-8u121-b13/src/hotspot/src/share/vm/
Event: 0.107 Thread 0x00007f714801d000 Exception <a 'java/lang/NoSuchMethodError': Method sun.misc.Unsafe.prefetchRead(Ljava/lang/Object;J)V name or signature does not match> (0x00000000e1007f90) thrown at [/build/openjdk-8-YiEakL/openjdk-8-8u121-b13/src/hotspot/src/share/vm/prims/jni.cpp, lin

Events (10 events):
Event: 0.251 loading class sun/misc/FDBigInteger done
Event: 0.278 Thread 0x00007f714801d000 Uncommon trap: trap_request=0xffffff65 fr.pc=0x00007f7131131c30
Event: 0.278 Thread 0x00007f714801d000 DEOPT PACKING pc=0x00007f7131131c30 sp=0x00007f714e63d1f0
Event: 0.278 Thread 0x00007f714801d000 DEOPT UNPACKING pc=0x00007f7131004f69 sp=0x00007f714e63d158 mode 2
Event: 0.278 Thread 0x00007f714801d000 Uncommon trap: trap_request=0xffffff65 fr.pc=0x00007f7131128e6c
Event: 0.278 Thread 0x00007f714801d000 DEOPT PACKING pc=0x00007f7131128e6c sp=0x00007f714e63d460
Event: 0.278 Thread 0x00007f714801d000 DEOPT UNPACKING pc=0x00007f7131004f69 sp=0x00007f714e63d428 mode 2
Event: 0.278 Thread 0x00007f714801d000 Uncommon trap: trap_request=0xffffff65 fr.pc=0x00007f7131129698
Event: 0.278 Thread 0x00007f714801d000 DEOPT PACKING pc=0x00007f7131129698 sp=0x00007f714e63d460
Event: 0.278 Thread 0x00007f714801d000 DEOPT UNPACKING pc=0x00007f7131004f69 sp=0x00007f714e63d428 mode 2


Dynamic libraries:
00400000-004b4000 r-xp 00000000 08:01 3173142                            /home/long/Code/trunk/main
006b3000-006b4000 r--p 000b3000 08:01 3173142                            /home/long/Code/trunk/main
006b4000-006b5000 rw-p 000b4000 08:01 3173142                            /home/long/Code/trunk/main
00ca9000-00d07000 rw-p 00000000 00:00 0                                  [heap]
a3000000-a6f00000 rw-p 00000000 00:00 0 
a6f00000-e1000000 ---p 00000000 00:00 0 
e1000000-e2f00000 rw-p 00000000 00:00 0 
e2f00000-100000000 ---p 00000000 00:00 0 
100000000-100080000 rw-p 00000000 00:00 0 
100080000-140000000 ---p 00000000 00:00 0 
7f70dc000000-7f70dc021000 rw-p 00000000 00:00 0 
7f70dc021000-7f70e0000000 ---p 00000000 00:00 0 
7f70e0000000-7f70e0021000 rw-p 00000000 00:00 0 
7f70e0021000-7f70e4000000 ---p 00000000 00:00 0 
7f70e77ff000-7f70e7800000 ---p 00000000 00:00 0 
7f70e7800000-7f70e8000000 rw-p 00000000 00:00 0 
7f70e8000000-7f70e8090000 rw-p 00000000 00:00 0 
7f70e8090000-7f70ec000000 ---p 00000000 00:00 0 
7f70ec000000-7f70ec021000 rw-p 00000000 00:00 0 
7f70ec021000-7f70f0000000 ---p 00000000 00:00 0 
7f70f0000000-7f70f0161000 rw-p 00000000 00:00 0 
7f70f0161000-7f70f4000000 ---p 00000000 00:00 0 
7f70f4000000-7f70f414f000 rw-p 00000000 00:00 0 
7f70f414f000-7f70f8000000 ---p 00000000 00:00 0 
7f70f8000000-7f70f8021000 rw-p 00000000 00:00 0 
7f70f8021000-7f70fc000000 ---p 00000000 00:00 0 
7f70fc000000-7f70fc15c000 rw-p 00000000 00:00 0 
7f70fc15c000-7f7100000000 ---p 00000000 00:00 0 
7f7100000000-7f7100021000 rw-p 00000000 00:00 0 
7f7100021000-7f7104000000 ---p 00000000 00:00 0 
7f7104000000-7f7104021000 rw-p 00000000 00:00 0 
7f7104021000-7f7108000000 ---p 00000000 00:00 0 
7f7108000000-7f7108021000 rw-p 00000000 00:00 0 
7f7108021000-7f710c000000 ---p 00000000 00:00 0 
7f710c005000-7f710c006000 ---p 00000000 00:00 0 
7f710c006000-7f710c806000 rw-p 00000000 00:00 0 
7f710c806000-7f710c807000 ---p 00000000 00:00 0 
7f710c807000-7f710d007000 rw-p 00000000 00:00 0 
7f710d007000-7f710d008000 ---p 00000000 00:00 0 
7f710d008000-7f710d808000 rw-p 00000000 00:00 0 
7f710d808000-7f710d823000 r--s 00394000 08:01 788453                     /usr/lib/jvm/java-8-openjdk-amd64/jre/lib/ext/cldrdata.jar
7f710d823000-7f710d824000 ---p 00000000 00:00 0 
7f710d824000-7f710d924000 rw-p 00000000 00:00 0 
7f710d924000-7f710d927000 ---p 00000000 00:00 0 
7f710d927000-7f710da25000 rw-p 00000000 00:00 0 
7f710da25000-7f710da28000 ---p 00000000 00:00 0 
7f710da28000-7f710db26000 rw-p 00000000 00:00 0 
7f710db26000-7f710db29000 ---p 00000000 00:00 0 
7f710db29000-7f710dc27000 rw-p 00000000 00:00 0 
7f710dc27000-7f710dc2a000 ---p 00000000 00:00 0 
7f710dc2a000-7f710dd28000 rw-p 00000000 00:00 0 
7f710dd28000-7f710dd2b000 ---p 00000000 00:00 0 
7f710dd2b000-7f710de29000 rw-p 00000000 00:00 0 
7f710de29000-7f710de2c000 ---p 00000000 00:00 0 
7f710de2c000-7f710df2a000 rw-p 00000000 00:00 0 
7f710df2a000-7f710e8e9000 r--p 00000000 08:01 663045                     /usr/lib/locale/locale-archive
7f710e8e9000-7f710e8ec000 ---p 00000000 00:00 0 
7f710e8ec000-7f710e9ea000 rw-p 00000000 00:00 0 
7f710e9ea000-7f710e9ed000 ---p 00000000 00:00 0 
7f710e9ed000-7f710eaeb000 rw-p 00000000 00:00 0 
7f710eaeb000-7f710eaec000 ---p 00000000 00:00 0 
7f710eaec000-7f7110000000 rw-p 00000000 00:00 0 
7f7110000000-7f7110021000 rw-p 00000000 00:00 0 
7f7110021000-7f7114000000 ---p 00000000 00:00 0 
7f7114000000-7f7114021000 rw-p 00000000 00:00 0 
7f7114021000-7f7118000000 ---p 00000000 00:00 0 
7f7118000000-7f7118021000 rw-p 00000000 00:00 0 
7f7118021000-7f711c000000 ---p 00000000 00:00 0 
7f711c000000-7f711c021000 rw-p 00000000 00:00 0 
7f711c021000-7f7120000000 ---p 00000000 00:00 0 
7f7120000000-7f7120021000 rw-p 00000000 00:00 0 
7f7120021000-7f7124000000 ---p 00000000 00:00 0 
7f7124000000-7f7124021000 rw-p 00000000 00:00 0 
7f7124021000-7f7128000000 ---p 00000000 00:00 0 
7f7128000000-7f7128021000 rw-p 00000000 00:00 0 
7f7128021000-7f712c000000 ---p 00000000 00:00 0 
7f712c000000-7f712c021000 rw-p 00000000 00:00 0 
7f712c021000-7f7130000000 ---p 00000000 00:00 0 
7f7130018000-7f7130033000 r--s 001d6000 08:01 788450                     /usr/lib/jvm/java-8-openjdk-amd64/jre/lib/ext/nashorn.jar
7f7130033000-7f7130c40000 rw-p 00000000 00:00 0 
7f7130c40000-7f7131000000 ---p 00000000 00:00 0 
7f7131000000-7f7131270000 rwxp 00000000 00:00 0 
7f7131270000-7f7140000000 ---p 00000000 00:00 0 
7f7140000000-7f7140021000 rw-p 00000000 00:00 0 
7f7140021000-7f7144000000 ---p 00000000 00:00 0 
7f7144011000-7f7144074000 rw-p 00000000 00:00 0 
7f7144074000-7f7144242000 r--s 03c06000 08:01 788474                     /usr/lib/jvm/java-8-openjdk-amd64/jre/lib/rt.jar
7f7144242000-7f7147420000 rw-p 00000000 00:00 0 
7f7147420000-7f7147421000 ---p 00000000 00:00 0 
7f7147421000-7f7147521000 rw-p 00000000 00:00 0 
7f7147521000-7f7147522000 ---p 00000000 00:00 0 
7f7147522000-7f7147622000 rw-p 00000000 00:00 0 
7f7147622000-7f7147623000 ---p 00000000 00:00 0 
7f7147623000-7f7147723000 rw-p 00000000 00:00 0 
7f7147723000-7f7147724000 ---p 00000000 00:00 0 
7f7147724000-7f7147824000 rw-p 00000000 00:00 0 
7f7147824000-7f7147825000 ---p 00000000 00:00 0 
7f7147825000-7f7147925000 rw-p 00000000 00:00 0 
7f7147925000-7f7147926000 ---p 00000000 00:00 0 
7f7147926000-7f7147a26000 rw-p 00000000 00:00 0 
7f7147a26000-7f7147a27000 ---p 00000000 00:00 0 
7f7147a27000-7f7147b47000 rw-p 00000000 00:00 0 
7f7147b47000-7f7147d17000 ---p 00000000 00:00 0 
7f7147d17000-7f7147d37000 rw-p 00000000 00:00 0 
7f7147d37000-7f7147f07000 ---p 00000000 00:00 0 
7f7147f07000-7f7147f17000 rw-p 00000000 00:00 0 
7f7147f17000-7f7147fff000 ---p 00000000 00:00 0 
7f7147fff000-7f7148000000 rw-p 00000000 00:00 0 
7f7148000000-7f714818c000 rw-p 00000000 00:00 0 
7f714818c000-7f714c000000 ---p 00000000 00:00 0 
7f714c009000-7f714c0d9000 rw-p 00000000 00:00 0 
7f714c0d9000-7f714c0da000 ---p 00000000 00:00 0 
7f714c0da000-7f714c1e4000 rw-p 00000000 00:00 0 
7f714c1e4000-7f714c59a000 ---p 00000000 00:00 0 
7f714c59a000-7f714c5b3000 r-xp 00000000 08:01 4068366                    /lib/x86_64-linux-gnu/libz.so.1.2.8
7f714c5b3000-7f714c7b2000 ---p 00019000 08:01 4068366                    /lib/x86_64-linux-gnu/libz.so.1.2.8
7f714c7b2000-7f714c7b3000 r--p 00018000 08:01 4068366                    /lib/x86_64-linux-gnu/libz.so.1.2.8
7f714c7b3000-7f714c7b4000 rw-p 00019000 08:01 4068366                    /lib/x86_64-linux-gnu/libz.so.1.2.8
7f714c7b4000-7f714c7bc000 r-xp 00000000 08:01 788409                     /usr/lib/jvm/java-8-openjdk-amd64/jre/lib/amd64/libzip.so
7f714c7bc000-7f714c9bb000 ---p 00008000 08:01 788409                     /usr/lib/jvm/java-8-openjdk-amd64/jre/lib/amd64/libzip.so
7f714c9bb000-7f714c9bc000 r--p 00007000 08:01 788409                     /usr/lib/jvm/java-8-openjdk-amd64/jre/lib/amd64/libzip.so
7f714c9bc000-7f714c9bd000 rw-p 00008000 08:01 788409                     /usr/lib/jvm/java-8-openjdk-amd64/jre/lib/amd64/libzip.so
7f714c9bd000-7f714c9c8000 r-xp 00000000 08:01 4068274                    /lib/x86_64-linux-gnu/libnss_files-2.23.so
7f714c9c8000-7f714cbc7000 ---p 0000b000 08:01 4068274                    /lib/x86_64-linux-gnu/libnss_files-2.23.so
7f714cbc7000-7f714cbc8000 r--p 0000a000 08:01 4068274                    /lib/x86_64-linux-gnu/libnss_files-2.23.so
7f714cbc8000-7f714cbc9000 rw-p 0000b000 08:01 4068274                    /lib/x86_64-linux-gnu/libnss_files-2.23.so
7f714cbc9000-7f714cbcf000 rw-p 00000000 00:00 0 
7f714cbcf000-7f714cbda000 r-xp 00000000 08:01 4068284                    /lib/x86_64-linux-gnu/libnss_nis-2.23.so
7f714cbda000-7f714cdd9000 ---p 0000b000 08:01 4068284                    /lib/x86_64-linux-gnu/libnss_nis-2.23.so
7f714cdd9000-7f714cdda000 r--p 0000a000 08:01 4068284                    /lib/x86_64-linux-gnu/libnss_nis-2.23.so
7f714cdda000-7f714cddb000 rw-p 0000b000 08:01 4068284                    /lib/x86_64-linux-gnu/libnss_nis-2.23.so
7f714cddb000-7f714cdf1000 r-xp 00000000 08:01 4068268                    /lib/x86_64-linux-gnu/libnsl-2.23.so
7f714cdf1000-7f714cff0000 ---p 00016000 08:01 4068268                    /lib/x86_64-linux-gnu/libnsl-2.23.so
7f714cff0000-7f714cff1000 r--p 00015000 08:01 4068268                    /lib/x86_64-linux-gnu/libnsl-2.23.so
7f714cff1000-7f714cff2000 rw-p 00016000 08:01 4068268                    /lib/x86_64-linux-gnu/libnsl-2.23.so
7f714cff2000-7f714cff4000 rw-p 00000000 00:00 0 
7f714cff4000-7f714cffc000 r-xp 00000000 08:01 4068270                    /lib/x86_64-linux-gnu/libnss_compat-2.23.so
7f714cffc000-7f714d1fb000 ---p 00008000 08:01 4068270                    /lib/x86_64-linux-gnu/libnss_compat-2.23.so
7f714d1fb000-7f714d1fc000 r--p 00007000 08:01 4068270                    /lib/x86_64-linux-gnu/libnss_compat-2.23.so
7f714d1fc000-7f714d1fd000 rw-p 00008000 08:01 4068270                    /lib/x86_64-linux-gnu/libnss_compat-2.23.so
7f714d1fd000-7f714d22a000 r-xp 00000000 08:01 788436                     /usr/lib/jvm/java-8-openjdk-amd64/jre/lib/amd64/libjava.so
7f714d22a000-7f714d429000 ---p 0002d000 08:01 788436                     /usr/lib/jvm/java-8-openjdk-amd64/jre/lib/amd64/libjava.so
7f714d429000-7f714d42a000 r--p 0002c000 08:01 788436                     /usr/lib/jvm/java-8-openjdk-amd64/jre/lib/amd64/libjava.so
7f714d42a000-7f714d42c000 rw-p 0002d000 08:01 788436                     /usr/lib/jvm/java-8-openjdk-amd64/jre/lib/amd64/libjava.so
7f714d42c000-7f714d43b000 r-xp 00000000 08:01 788402                     /usr/lib/jvm/java-8-openjdk-amd64/jre/lib/amd64/libverify.so
7f714d43b000-7f714d63a000 ---p 0000f000 08:01 788402                     /usr/lib/jvm/java-8-openjdk-amd64/jre/lib/amd64/libverify.so
7f714d63a000-7f714d63c000 r--p 0000e000 08:01 788402                     /usr/lib/jvm/java-8-openjdk-amd64/jre/lib/amd64/libverify.so
7f714d63c000-7f714d63d000 rw-p 00010000 08:01 788402                     /usr/lib/jvm/java-8-openjdk-amd64/jre/lib/amd64/libverify.so
7f714d63d000-7f714d63e000 ---p 00000000 00:00 0 
7f714d63e000-7f714de3e000 rw-p 00000000 00:00 0 
7f714de3e000-7f714de41000 ---p 00000000 00:00 0 
7f714de41000-7f714e63f000 rw-p 00000000 00:00 0 
7f714e63f000-7f714e640000 ---p 00000000 00:00 0 
7f714e640000-7f714ee40000 rw-p 00000000 00:00 0 
7f714ee40000-7f714ee43000 r-xp 00000000 08:01 4068199                    /lib/x86_64-linux-gnu/libdl-2.23.so
7f714ee43000-7f714f042000 ---p 00003000 08:01 4068199                    /lib/x86_64-linux-gnu/libdl-2.23.so
7f714f042000-7f714f043000 r--p 00002000 08:01 4068199                    /lib/x86_64-linux-gnu/libdl-2.23.so
7f714f043000-7f714f044000 rw-p 00003000 08:01 4068199                    /lib/x86_64-linux-gnu/libdl-2.23.so
7f714f044000-7f714f204000 r-xp 00000000 08:01 4068175                    /lib/x86_64-linux-gnu/libc-2.23.so
7f714f204000-7f714f403000 ---p 001c0000 08:01 4068175                    /lib/x86_64-linux-gnu/libc-2.23.so
7f714f403000-7f714f407000 r--p 001bf000 08:01 4068175                    /lib/x86_64-linux-gnu/libc-2.23.so
7f714f407000-7f714f409000 rw-p 001c3000 08:01 4068175                    /lib/x86_64-linux-gnu/libc-2.23.so
7f714f409000-7f714f40d000 rw-p 00000000 00:00 0 
7f714f40d000-7f714f423000 r-xp 00000000 08:01 4068213                    /lib/x86_64-linux-gnu/libgcc_s.so.1
7f714f423000-7f714f622000 ---p 00016000 08:01 4068213                    /lib/x86_64-linux-gnu/libgcc_s.so.1
7f714f622000-7f714f623000 rw-p 00015000 08:01 4068213                    /lib/x86_64-linux-gnu/libgcc_s.so.1
7f714f623000-7f714f72b000 r-xp 00000000 08:01 4068245                    /lib/x86_64-linux-gnu/libm-2.23.so
7f714f72b000-7f714f92a000 ---p 00108000 08:01 4068245                    /lib/x86_64-linux-gnu/libm-2.23.so
7f714f92a000-7f714f92b000 r--p 00107000 08:01 4068245                    /lib/x86_64-linux-gnu/libm-2.23.so
7f714f92b000-7f714f92c000 rw-p 00108000 08:01 4068245                    /lib/x86_64-linux-gnu/libm-2.23.so
7f714f92c000-7f714fa9e000 r-xp 00000000 08:01 657537                     /usr/lib/x86_64-linux-gnu/libstdc++.so.6.0.21
7f714fa9e000-7f714fc9e000 ---p 00172000 08:01 657537                     /usr/lib/x86_64-linux-gnu/libstdc++.so.6.0.21
7f714fc9e000-7f714fca8000 r--p 00172000 08:01 657537                     /usr/lib/x86_64-linux-gnu/libstdc++.so.6.0.21
7f714fca8000-7f714fcaa000 rw-p 0017c000 08:01 657537                     /usr/lib/x86_64-linux-gnu/libstdc++.so.6.0.21
7f714fcaa000-7f714fcae000 rw-p 00000000 00:00 0 
7f714fcae000-7f71508fe000 r-xp 00000000 08:01 788431                     /usr/lib/jvm/java-8-openjdk-amd64/jre/lib/amd64/server/libjvm.so
7f71508fe000-7f7150afd000 ---p 00c50000 08:01 788431                     /usr/lib/jvm/java-8-openjdk-amd64/jre/lib/amd64/server/libjvm.so
7f7150afd000-7f7150b90000 r--p 00c4f000 08:01 788431                     /usr/lib/jvm/java-8-openjdk-amd64/jre/lib/amd64/server/libjvm.so
7f7150b90000-7f7150bb9000 rw-p 00ce2000 08:01 788431                     /usr/lib/jvm/java-8-openjdk-amd64/jre/lib/amd64/server/libjvm.so
7f7150bb9000-7f7150be9000 rw-p 00000000 00:00 0 
7f7150be9000-7f7150bf0000 r-xp 00000000 08:01 4068329                    /lib/x86_64-linux-gnu/librt-2.23.so
7f7150bf0000-7f7150def000 ---p 00007000 08:01 4068329                    /lib/x86_64-linux-gnu/librt-2.23.so
7f7150def000-7f7150df0000 r--p 00006000 08:01 4068329                    /lib/x86_64-linux-gnu/librt-2.23.so
7f7150df0000-7f7150df1000 rw-p 00007000 08:01 4068329                    /lib/x86_64-linux-gnu/librt-2.23.so
7f7150df1000-7f7150e09000 r-xp 00000000 08:01 4068321                    /lib/x86_64-linux-gnu/libpthread-2.23.so
7f7150e09000-7f7151008000 ---p 00018000 08:01 4068321                    /lib/x86_64-linux-gnu/libpthread-2.23.so
7f7151008000-7f7151009000 r--p 00017000 08:01 4068321                    /lib/x86_64-linux-gnu/libpthread-2.23.so
7f7151009000-7f715100a000 rw-p 00018000 08:01 4068321                    /lib/x86_64-linux-gnu/libpthread-2.23.so
7f715100a000-7f715100e000 rw-p 00000000 00:00 0 
7f715100e000-7f7151034000 r-xp 00000000 08:01 4068147                    /lib/x86_64-linux-gnu/ld-2.23.so
7f715103c000-7f7151040000 r--s 00037000 08:01 788455                     /usr/lib/jvm/java-8-openjdk-amd64/jre/lib/ext/sunpkcs11.jar
7f7151040000-7f715104a000 r--s 00116000 08:01 788456                     /usr/lib/jvm/java-8-openjdk-amd64/jre/lib/ext/localedata.jar
7f715104a000-7f7151219000 rw-p 00000000 00:00 0 
7f7151219000-7f715121b000 r--s 00001000 08:01 788451                     /usr/lib/jvm/java-8-openjdk-amd64/jre/lib/ext/dnsns.jar
7f715121b000-7f7151220000 r--s 0003b000 08:01 788467                     /usr/lib/jvm/java-8-openjdk-amd64/jre/lib/ext/sunjce_provider.jar
7f7151220000-7f7151223000 r--s 0000f000 08:01 788452                     /usr/lib/jvm/java-8-openjdk-amd64/jre/lib/ext/icedtea-sound.jar
7f7151223000-7f7151225000 r--s 00008000 08:01 788449                     /usr/lib/jvm/java-8-openjdk-amd64/jre/lib/ext/sunec.jar
7f7151225000-7f7151226000 r--s 00010000 08:01 788454                     /usr/lib/jvm/java-8-openjdk-amd64/jre/lib/ext/zipfs.jar
7f7151226000-7f7151227000 r--s 0000a000 08:01 788468                     /usr/lib/jvm/java-8-openjdk-amd64/jre/lib/ext/jaccess.jar
7f7151227000-7f715122f000 rw-s 00000000 08:01 3434047                    /tmp/hsperfdata_root/8418
7f715122f000-7f7151230000 rw-p 00000000 00:00 0 
7f7151230000-7f7151231000 r--p 00000000 00:00 0 
7f7151231000-7f7151233000 rw-p 00000000 00:00 0 
7f7151233000-7f7151234000 r--p 00025000 08:01 4068147                    /lib/x86_64-linux-gnu/ld-2.23.so
7f7151234000-7f7151235000 rw-p 00026000 08:01 4068147                    /lib/x86_64-linux-gnu/ld-2.23.so
7f7151235000-7f7151236000 rw-p 00000000 00:00 0 
7ffca85f5000-7ffca8616000 rw-p 00000000 00:00 0                          [stack]
7ffca87c9000-7ffca87cb000 r--p 00000000 00:00 0                          [vvar]
7ffca87cb000-7ffca87cd000 r-xp 00000000 00:00 0                          [vdso]
ffffffffff600000-ffffffffff601000 r-xp 00000000 00:00 0                  [vsyscall]

VM Arguments:
jvm_args: . 
java_command: <unknown>
java_class_path (initial): <not set>
Launcher Type: generic

Environment Variables:
PATH=/usr/local/sbin:/usr/local/bin:/usr/sbin:/usr/bin:/sbin:/bin
USERNAME=root
SHELL=/bin/bash
DISPLAY=:0

Signal Handlers:
SIGSEGV: [libjvm.so+0xa66fd0], sa_mask[0]=11111111011111111101111111111110, sa_flags=SA_RESTART|SA_SIGINFO
SIGBUS: [libjvm.so+0xa66fd0], sa_mask[0]=11111111011111111101111111111110, sa_flags=SA_RESTART|SA_SIGINFO
SIGFPE: [libjvm.so+0x8b0180], sa_mask[0]=11111111011111111101111111111110, sa_flags=SA_RESTART|SA_SIGINFO
SIGPIPE: [libjvm.so+0x8b0180], sa_mask[0]=11111111011111111101111111111110, sa_flags=SA_RESTART|SA_SIGINFO
SIGXFSZ: [libjvm.so+0x8b0180], sa_mask[0]=11111111011111111101111111111110, sa_flags=SA_RESTART|SA_SIGINFO
SIGILL: [libjvm.so+0x8b0180], sa_mask[0]=11111111011111111101111111111110, sa_flags=SA_RESTART|SA_SIGINFO
SIGUSR1: SIG_DFL, sa_mask[0]=00000000000000000000000000000000, sa_flags=none
SIGUSR2: [libjvm.so+0x8b0030], sa_mask[0]=00000000000000000000000000000000, sa_flags=SA_RESTART|SA_SIGINFO
SIGHUP: [libjvm.so+0x8b0500], sa_mask[0]=11111111011111111101111111111110, sa_flags=SA_RESTART|SA_SIGINFO
SIGINT: [libjvm.so+0x8b0500], sa_mask[0]=11111111011111111101111111111110, sa_flags=SA_RESTART|SA_SIGINFO
SIGTERM: [libjvm.so+0x8b0500], sa_mask[0]=11111111011111111101111111111110, sa_flags=SA_RESTART|SA_SIGINFO
SIGQUIT: [libjvm.so+0x8b0500], sa_mask[0]=11111111011111111101111111111110, sa_flags=SA_RESTART|SA_SIGINFO


---------------  S Y S T E M  ---------------

OS:DISTRIB_ID=Ubuntu
DISTRIB_RELEASE=16.04
DISTRIB_CODENAME=xenial
DISTRIB_DESCRIPTION="Ubuntu 16.04.1 LTS"

uname:Linux 4.4.0-66-generic #87-Ubuntu SMP Fri Mar 3 15:29:05 UTC 2017 x86_64
libc:glibc 2.23 NPTL 2.23 
rlimit: STACK 8192k, CORE 0k, NPROC 23648, NOFILE 65536, AS infinity
load average:0.27 0.28 0.17

/proc/meminfo:
MemTotal:        6093132 kB
MemFree:         3214760 kB
MemAvailable:    4018064 kB
Buffers:          205244 kB
Cached:           834508 kB
SwapCached:            0 kB
Active:          1539744 kB
Inactive:         418868 kB
Active(anon):     920448 kB
Inactive(anon):    84904 kB
Active(file):     619296 kB
Inactive(file):   333964 kB
Unevictable:          16 kB
Mlocked:              16 kB
SwapTotal:       1046524 kB
SwapFree:        1046524 kB
Dirty:               100 kB
Writeback:             0 kB
AnonPages:        921536 kB
Mapped:           287176 kB
Shmem:             86064 kB
Slab:             180244 kB
SReclaimable:     126684 kB
SUnreclaim:        53560 kB
KernelStack:       10752 kB
PageTables:        29228 kB
NFS_Unstable:          0 kB
Bounce:                0 kB
WritebackTmp:          0 kB
CommitLimit:     4093088 kB
Committed_AS:    4186648 kB
VmallocTotal:   34359738367 kB
VmallocUsed:           0 kB
VmallocChunk:          0 kB
HardwareCorrupted:     0 kB
AnonHugePages:    608256 kB
CmaTotal:              0 kB
CmaFree:               0 kB
HugePages_Total:       0
HugePages_Free:        0
HugePages_Rsvd:        0
HugePages_Surp:        0
Hugepagesize:       2048 kB
DirectMap4k:      100160 kB
DirectMap2M:     3045376 kB
DirectMap1G:     5242880 kB


CPU:total 8 (1 cores per cpu, 1 threads per core) family 6 model 94 stepping 3, cmov, cx8, fxsr, mmx, sse, sse2, sse3, ssse3, sse4.1, sse4.2, popcnt, avx, avx2, clmul, erms, rtm, 3dnowpref, lzcnt, tsc, tscinvbit, bmi1, bmi2, adx

/proc/cpuinfo:
processor	: 0
vendor_id	: GenuineIntel
cpu family	: 6
model		: 94
model name	: Intel(R) Core(TM) i7-6820HQ CPU @ 2.70GHz
stepping	: 3
microcode	: 0xa6
cpu MHz		: 2712.005
cache size	: 8192 KB
physical id	: 0
siblings	: 1
core id		: 0
cpu cores	: 1
apicid		: 0
initial apicid	: 0
fpu		: yes
fpu_exception	: yes
cpuid level	: 22
wp		: yes
flags		: fpu vme de pse tsc msr pae mce cx8 apic sep mtrr pge mca cmov pat pse36 clflush dts mmx fxsr sse sse2 ss syscall nx pdpe1gb rdtscp lm constant_tsc arch_perfmon pebs bts nopl xtopology tsc_reliable nonstop_tsc aperfmperf eagerfpu pni pclmulqdq vmx ssse3 fma cx16 pcid sse4_1 sse4_2 x2apic movbe popcnt tsc_deadline_timer xsave avx f16c rdrand hypervisor lahf_lm abm 3dnowprefetch epb tpr_shadow vnmi ept vpid fsgsbase tsc_adjust bmi1 hle avx2 smep bmi2 invpcid rtm rdseed adx smap xsaveopt dtherm ida arat pln pts hwp hwp_notify hwp_act_window hwp_epp
bugs		:
bogomips	: 5424.01
clflush size	: 64
cache_alignment	: 64
address sizes	: 42 bits physical, 48 bits virtual
power management:

processor	: 1
vendor_id	: GenuineIntel
cpu family	: 6
model		: 94
model name	: Intel(R) Core(TM) i7-6820HQ CPU @ 2.70GHz
stepping	: 3
microcode	: 0xa6
cpu MHz		: 2712.005
cache size	: 8192 KB
physical id	: 2
siblings	: 1
core id		: 0
cpu cores	: 1
apicid		: 2
initial apicid	: 2
fpu		: yes
fpu_exception	: yes
cpuid level	: 22
wp		: yes
flags		: fpu vme de pse tsc msr pae mce cx8 apic sep mtrr pge mca cmov pat pse36 clflush dts mmx fxsr sse sse2 ss syscall nx pdpe1gb rdtscp lm constant_tsc arch_perfmon pebs bts nopl xtopology tsc_reliable nonstop_tsc aperfmperf eagerfpu pni pclmulqdq vmx ssse3 fma cx16 pcid sse4_1 sse4_2 x2apic movbe popcnt tsc_deadline_timer xsave avx f16c rdrand hypervisor lahf_lm abm 3dnowprefetch epb tpr_shadow vnmi ept vpid fsgsbase tsc_adjust bmi1 hle avx2 smep bmi2 invpcid rtm rdseed adx smap xsaveopt dtherm ida arat pln pts hwp hwp_notify hwp_act_window hwp_epp
bugs		:
bogomips	: 5424.01
clflush size	: 64
cache_alignment	: 64
address sizes	: 42 bits physical, 48 bits virtual
power management:

processor	: 2
vendor_id	: GenuineIntel
cpu family	: 6
model		: 94
model name	: Intel(R) Core(TM) i7-6820HQ CPU @ 2.70GHz
stepping	: 3
microcode	: 0xa6
cpu MHz		: 2712.005
cache size	: 8192 KB
physical id	: 4
siblings	: 1
core id		: 0
cpu cores	: 1
apicid		: 4
initial apicid	: 4
fpu		: yes
fpu_exception	: yes
cpuid level	: 22
wp		: yes
flags		: fpu vme de pse tsc msr pae mce cx8 apic sep mtrr pge mca cmov pat pse36 clflush dts mmx fxsr sse sse2 ss syscall nx pdpe1gb rdtscp lm constant_tsc arch_perfmon pebs bts nopl xtopology tsc_reliable nonstop_tsc aperfmperf eagerfpu pni pclmulqdq vmx ssse3 fma cx16 pcid sse4_1 sse4_2 x2apic movbe popcnt tsc_deadline_timer xsave avx f16c rdrand hypervisor lahf_lm abm 3dnowprefetch epb tpr_shadow vnmi ept vpid fsgsbase tsc_adjust bmi1 hle avx2 smep bmi2 invpcid rtm rdseed adx smap xsaveopt dtherm ida arat pln pts hwp hwp_notify hwp_act_window hwp_epp
bugs		:
bogomips	: 5424.01
clflush size	: 64
cache_alignment	: 64
address sizes	: 42 bits physical, 48 bits virtual
power management:

processor	: 3
vendor_id	: GenuineIntel
cpu family	: 6
model		: 94
model name	: Intel(R) Core(TM) i7-6820HQ CPU @ 2.70GHz
stepping	: 3
microcode	: 0xa6
cpu MHz		: 2712.005
cache size	: 8192 KB
physical id	: 6
siblings	: 1
core id		: 0
cpu cores	: 1
apicid		: 6
initial apicid	: 6
fpu		: yes
fpu_exception	: yes
cpuid level	: 22
wp		: yes
flags		: fpu vme de pse tsc msr pae mce cx8 apic sep mtrr pge mca cmov pat pse36 clflush dts mmx fxsr sse sse2 ss syscall nx pdpe1gb rdtscp lm constant_tsc arch_perfmon pebs bts nopl xtopology tsc_reliable nonstop_tsc aperfmperf eagerfpu pni pclmulqdq vmx ssse3 fma cx16 pcid sse4_1 sse4_2 x2apic movbe popcnt tsc_deadline_timer xsave avx f16c rdrand hypervisor lahf_lm abm 3dnowprefetch epb tpr_shadow vnmi ept vpid fsgsbase tsc_adjust bmi1 hle avx2 smep bmi2 invpcid rtm rdseed adx smap xsaveopt dtherm ida arat pln pts hwp hwp_notify hwp_act_window hwp_epp
bugs		:
bogomips	: 5424.01
clflush size	: 64
cache_alignment	: 64
address sizes	: 42 bits physical, 48 bits virtual
power management:

processor	: 4
vendor_id	: GenuineIntel
cpu family	: 6
model		: 94
model name	: Intel(R) Core(TM) i7-6820HQ CPU @ 2.70GHz
stepping	: 3
microcode	: 0xa6
cpu MHz		: 2712.005
cache size	: 8192 KB
physical id	: 8
siblings	: 1
core id		: 0
cpu cores	: 1
apicid		: 8
initial apicid	: 8
fpu		: yes
fpu_exception	: yes
cpuid level	: 22
wp		: yes
flags		: fpu vme de pse tsc msr pae mce cx8 apic sep mtrr pge mca cmov pat pse36 clflush dts mmx fxsr sse sse2 ss syscall nx pdpe1gb rdtscp lm constant_tsc arch_perfmon pebs bts nopl xtopology tsc_reliable nonstop_tsc aperfmperf eagerfpu pni pclmulqdq vmx ssse3 fma cx16 pcid sse4_1 sse4_2 x2apic movbe popcnt tsc_deadline_timer xsave avx f16c rdrand hypervisor lahf_lm abm 3dnowprefetch epb tpr_shadow vnmi ept vpid fsgsbase tsc_adjust bmi1 hle avx2 smep bmi2 invpcid rtm rdseed adx smap xsaveopt dtherm ida arat pln pts hwp hwp_notify hwp_act_window hwp_epp
bugs		:
bogomips	: 5424.01
clflush size	: 64
cache_alignment	: 64
address sizes	: 42 bits physical, 48 bits virtual
power management:

processor	: 5
vendor_id	: GenuineIntel
cpu family	: 6
model		: 94
model name	: Intel(R) Core(TM) i7-6820HQ CPU @ 2.70GHz
stepping	: 3
microcode	: 0xa6
cpu MHz		: 2712.005
cache size	: 8192 KB
physical id	: 10
siblings	: 1
core id		: 0
cpu cores	: 1
apicid		: 10
initial apicid	: 10
fpu		: yes
fpu_exception	: yes
cpuid level	: 22
wp		: yes
flags		: fpu vme de pse tsc msr pae mce cx8 apic sep mtrr pge mca cmov pat pse36 clflush dts mmx fxsr sse sse2 ss syscall nx pdpe1gb rdtscp lm constant_tsc arch_perfmon pebs bts nopl xtopology tsc_reliable nonstop_tsc aperfmperf eagerfpu pni pclmulqdq vmx ssse3 fma cx16 pcid sse4_1 sse4_2 x2apic movbe popcnt tsc_deadline_timer xsave avx f16c rdrand hypervisor lahf_lm abm 3dnowprefetch epb tpr_shadow vnmi ept vpid fsgsbase tsc_adjust bmi1 hle avx2 smep bmi2 invpcid rtm rdseed adx smap xsaveopt dtherm ida arat pln pts hwp hwp_notify hwp_act_window hwp_epp
bugs		:
bogomips	: 5424.01
clflush size	: 64
cache_alignment	: 64
address sizes	: 42 bits physical, 48 bits virtual
power management:

processor	: 6
vendor_id	: GenuineIntel
cpu family	: 6
model		: 94
model name	: Intel(R) Core(TM) i7-6820HQ CPU @ 2.70GHz
stepping	: 3
microcode	: 0xa6
cpu MHz		: 2712.005
cache size	: 8192 KB
physical id	: 12
siblings	: 1
core id		: 0
cpu cores	: 1
apicid		: 12
initial apicid	: 12
fpu		: yes
fpu_exception	: yes
cpuid level	: 22
wp		: yes
flags		: fpu vme de pse tsc msr pae mce cx8 apic sep mtrr pge mca cmov pat pse36 clflush dts mmx fxsr sse sse2 ss syscall nx pdpe1gb rdtscp lm constant_tsc arch_perfmon pebs bts nopl xtopology tsc_reliable nonstop_tsc aperfmperf eagerfpu pni pclmulqdq vmx ssse3 fma cx16 pcid sse4_1 sse4_2 x2apic movbe popcnt tsc_deadline_timer xsave avx f16c rdrand hypervisor lahf_lm abm 3dnowprefetch epb tpr_shadow vnmi ept vpid fsgsbase tsc_adjust bmi1 hle avx2 smep bmi2 invpcid rtm rdseed adx smap xsaveopt dtherm ida arat pln pts hwp hwp_notify hwp_act_window hwp_epp
bugs		:
bogomips	: 5424.01
clflush size	: 64
cache_alignment	: 64
address sizes	: 42 bits physical, 48 bits virtual
power management:

processor	: 7
vendor_id	: GenuineIntel
cpu family	: 6
model		: 94
model name	: Intel(R) Core(TM) i7-6820HQ CPU @ 2.70GHz
stepping	: 3
microcode	: 0xa6
cpu MHz		: 2712.005
cache size	: 8192 KB
physical id	: 14
siblings	: 1
core id		: 0
cpu cores	: 1
apicid		: 14
initial apicid	: 14
fpu		: yes
fpu_exception	: yes
cpuid level	: 22
wp		: yes
flags		: fpu vme de pse tsc msr pae mce cx8 apic sep mtrr pge mca cmov pat pse36 clflush dts mmx fxsr sse sse2 ss syscall nx pdpe1gb rdtscp lm constant_tsc arch_perfmon pebs bts nopl xtopology tsc_reliable nonstop_tsc aperfmperf eagerfpu pni pclmulqdq vmx ssse3 fma cx16 pcid sse4_1 sse4_2 x2apic movbe popcnt tsc_deadline_timer xsave avx f16c rdrand hypervisor lahf_lm abm 3dnowprefetch epb tpr_shadow vnmi ept vpid fsgsbase tsc_adjust bmi1 hle avx2 smep bmi2 invpcid rtm rdseed adx smap xsaveopt dtherm ida arat pln pts hwp hwp_notify hwp_act_window hwp_epp
bugs		:
bogomips	: 5424.01
clflush size	: 64
cache_alignment	: 64
address sizes	: 42 bits physical, 48 bits virtual
power management:



Memory: 4k page, physical 6093132k(3214760k free), swap 1046524k(1046524k free)

vm_info: OpenJDK 64-Bit Server VM (25.121-b13) for linux-amd64 JRE (1.8.0_121-8u121-b13-0ubuntu1.16.04.2-b13), built on Jan 23 2017 15:51:29 by "buildd" with gcc 5.4.0 20160609

time: Sat Mar 18 10:54:44 2017
elapsed time: 0 seconds (0d 0h 0m 0s)

